2025-03-09 13:54:50,532 :: INFO :: __main__ :: [23] -- Starting fresh run
2025-03-09 13:54:51,719 :: INFO :: __main__ :: [23] -- Dataset partition sizes:
2025-03-09 13:54:51,719 :: INFO :: __main__ :: [23] -- DatasetType.EVO_TEST size -- 125
2025-03-09 13:54:51,719 :: INFO :: __main__ :: [23] -- DatasetType.VALIDATION size -- 125
2025-03-09 13:54:51,719 :: INFO :: __main__ :: [23] -- DatasetType.DOWNSTREAM_TRAIN size -- 2248
2025-03-09 13:54:51,719 :: INFO :: __main__ :: [23] -- DatasetType.TEST size -- 626
2025-03-09 13:54:51,719 :: INFO :: __main__ :: [23] -- Starting evolution for run 23
2025-03-09 13:54:51,720 :: INFO :: __main__ :: [23] -- PERFORMING PREDICTION FOR THE VARIABLE: NITRATE
2025-03-09 13:54:51,720 :: INFO :: evodenss.evolution.engine :: [23] -- Performing generation: 0
2025-03-09 13:54:51,720 :: INFO :: evodenss.evolution.engine :: [23] -- Creating the initial population
2025-03-09 13:54:51,740 :: INFO :: evodenss.networks.module :: [23] -- Using ARGO grammar for features module
2025-03-09 13:54:51,749 :: INFO :: evodenss.evolution.individual :: [23] -- -----> Starting evaluation for individual 0 for 1000 secs
2025-03-09 13:54:51,796 :: INFO :: evodenss.networks.evaluators :: [23] -- layer-1: 
layer0: :punctual_mlp input:-1 
layer1: :punctual_mlp input:-1 
layer2: :punctual_mlp input:-1 
layer3: :punctual_mlp input:-1 
layer4: :conv1d out_channels:64 kernel_size:2 stride:1 padding_deconv:2 bias:True act:selu internal_dropout_p:0.2 internal_batch_norm:True input:-1,0,1,2,3 
layer5: :conv1d out_channels:128 kernel_size:2 stride:2 padding_deconv:1 bias:True act:selu internal_dropout_p:0.2 internal_batch_norm:True input:4 
layer6: :conv1d out_channels:128 kernel_size:4 stride:1 padding_deconv:1 bias:True act:selu internal_dropout_p:0.2 internal_batch_norm:True input:5 
layer7: :conv1d out_channels:128 kernel_size:4 stride:1 padding_deconv:2 bias:True act:selu internal_dropout_p:0.2 internal_batch_norm:True input:6 
layer8: :deconv1d out_channels:128 kernel_size:2 stride:2 padding_deconv:2 internal_dropout_p:0.2 act:selu internal_batch_norm:True bias:True input:7 
layer9: :conv1d out_channels:128 kernel_size:3 stride:1 padding_deconv:1 bias:True act:selu internal_dropout_p:0.2 internal_batch_norm:True input:8 
layer10: :deconv1d out_channels:64 kernel_size:2 stride:2 padding_deconv:1 internal_dropout_p:0.2 act:selu internal_batch_norm:True bias:True input:9 
layer11: :conv1d out_channels:32 kernel_size:2 stride:2 padding_deconv:1 bias:True act:selu internal_dropout_p:0.2 internal_batch_norm:True input:10 
layer12: :conv1d out_channels:1 kernel_size:3 stride:1 padding_deconv:1 bias:True act:linear internal_batch_norm:False input:11 
layer13: :fc act:selu out_features:200 bias:True input:12 learning:adadelta batch_size:32 epochs:100
2025-03-09 13:54:52,937 :: DEBUG :: evodenss.train.trainers :: [23] -- Initiating supervised training
2025-03-09 13:54:52,938 :: DEBUG :: evodenss.train.trainers :: [23] -- Starting Downstream Epoch 0
2025-03-09 13:54:55,385 :: DEBUG :: evodenss.train.trainers :: [23] -- Loss: 335686.781
2025-03-09 13:54:55,385 :: DEBUG :: evodenss.train.trainers :: [23] -- =============================================================
2025-03-09 13:54:55,867 :: DEBUG :: evodenss.train.trainers :: [23] -- Starting Downstream Epoch 1
2025-03-09 13:54:57,307 :: DEBUG :: evodenss.train.trainers :: [23] -- Loss: 176653.781
2025-03-09 13:54:57,307 :: DEBUG :: evodenss.train.trainers :: [23] -- =============================================================
2025-03-09 13:54:57,666 :: DEBUG :: evodenss.train.trainers :: [23] -- Starting Downstream Epoch 2
2025-03-09 13:54:59,116 :: DEBUG :: evodenss.train.trainers :: [23] -- Loss: 155163.422
2025-03-09 13:54:59,116 :: DEBUG :: evodenss.train.trainers :: [23] -- =============================================================
2025-03-09 13:54:59,493 :: DEBUG :: evodenss.train.trainers :: [23] -- Starting Downstream Epoch 3
2025-03-09 13:55:00,915 :: DEBUG :: evodenss.train.trainers :: [23] -- Loss: 142751.0
2025-03-09 13:55:00,916 :: DEBUG :: evodenss.train.trainers :: [23] -- =============================================================
2025-03-09 13:55:01,271 :: DEBUG :: evodenss.train.trainers :: [23] -- Starting Downstream Epoch 4
2025-03-09 13:55:02,770 :: INFO :: evodenss.train.trainers :: [23] -- [1.42s] TRAIN epoch 4 -- loss: tensor([135063.4219], device='cuda:0', grad_fn=<AddBackward0>)
2025-03-09 13:55:02,770 :: DEBUG :: evodenss.train.trainers :: [23] -- Loss: 135063.422
2025-03-09 13:55:02,770 :: DEBUG :: evodenss.train.trainers :: [23] -- =============================================================
2025-03-09 13:55:03,168 :: DEBUG :: evodenss.train.trainers :: [23] -- Starting Downstream Epoch 5
2025-03-09 13:55:04,601 :: DEBUG :: evodenss.train.trainers :: [23] -- Loss: 129110.109
2025-03-09 13:55:04,601 :: DEBUG :: evodenss.train.trainers :: [23] -- =============================================================
2025-03-09 13:55:04,975 :: DEBUG :: evodenss.train.trainers :: [23] -- Starting Downstream Epoch 6
2025-03-09 13:55:06,328 :: DEBUG :: evodenss.train.trainers :: [23] -- Loss: 124411.07
2025-03-09 13:55:06,328 :: DEBUG :: evodenss.train.trainers :: [23] -- =============================================================
2025-03-09 13:55:06,696 :: DEBUG :: evodenss.train.trainers :: [23] -- Starting Downstream Epoch 7
2025-03-09 13:55:08,127 :: DEBUG :: evodenss.train.trainers :: [23] -- Loss: 120794.977
2025-03-09 13:55:08,127 :: DEBUG :: evodenss.train.trainers :: [23] -- =============================================================
2025-03-09 13:55:08,513 :: DEBUG :: evodenss.train.trainers :: [23] -- Starting Downstream Epoch 8
2025-03-09 13:55:09,874 :: DEBUG :: evodenss.train.trainers :: [23] -- Loss: 115972.117
2025-03-09 13:55:09,874 :: DEBUG :: evodenss.train.trainers :: [23] -- =============================================================
2025-03-09 13:55:10,251 :: DEBUG :: evodenss.train.trainers :: [23] -- Starting Downstream Epoch 9
2025-03-09 13:55:11,612 :: INFO :: evodenss.train.trainers :: [23] -- [1.36s] TRAIN epoch 9 -- loss: tensor([113710.8125], device='cuda:0', grad_fn=<AddBackward0>)
2025-03-09 13:55:11,612 :: DEBUG :: evodenss.train.trainers :: [23] -- Loss: 113710.812
2025-03-09 13:55:11,612 :: DEBUG :: evodenss.train.trainers :: [23] -- =============================================================
2025-03-09 13:55:11,998 :: DEBUG :: evodenss.train.trainers :: [23] -- Starting Downstream Epoch 10
2025-03-09 13:55:13,425 :: DEBUG :: evodenss.train.trainers :: [23] -- Loss: 110452.297
2025-03-09 13:55:13,425 :: DEBUG :: evodenss.train.trainers :: [23] -- =============================================================
2025-03-09 13:55:13,809 :: DEBUG :: evodenss.train.trainers :: [23] -- Starting Downstream Epoch 11
2025-03-09 13:55:15,238 :: DEBUG :: evodenss.train.trainers :: [23] -- Loss: 107382.305
2025-03-09 13:55:15,238 :: DEBUG :: evodenss.train.trainers :: [23] -- =============================================================
2025-03-09 13:55:15,624 :: DEBUG :: evodenss.train.trainers :: [23] -- Starting Downstream Epoch 12
2025-03-09 13:55:16,988 :: DEBUG :: evodenss.train.trainers :: [23] -- Loss: 104764.484
2025-03-09 13:55:16,989 :: DEBUG :: evodenss.train.trainers :: [23] -- =============================================================
2025-03-09 13:55:17,387 :: DEBUG :: evodenss.train.trainers :: [23] -- Starting Downstream Epoch 13
2025-03-09 13:55:18,821 :: DEBUG :: evodenss.train.trainers :: [23] -- Loss: 103872.867
2025-03-09 13:55:18,821 :: DEBUG :: evodenss.train.trainers :: [23] -- =============================================================
2025-03-09 13:55:19,204 :: DEBUG :: evodenss.train.trainers :: [23] -- Starting Downstream Epoch 14
2025-03-09 13:55:20,635 :: INFO :: evodenss.train.trainers :: [23] -- [1.43s] TRAIN epoch 14 -- loss: tensor([102740.1641], device='cuda:0', grad_fn=<AddBackward0>)
2025-03-09 13:55:20,635 :: DEBUG :: evodenss.train.trainers :: [23] -- Loss: 102740.164
2025-03-09 13:55:20,635 :: DEBUG :: evodenss.train.trainers :: [23] -- =============================================================
2025-03-09 13:55:21,019 :: DEBUG :: evodenss.train.trainers :: [23] -- Starting Downstream Epoch 15
2025-03-09 13:55:22,468 :: DEBUG :: evodenss.train.trainers :: [23] -- Loss: 100156.109
2025-03-09 13:55:22,468 :: DEBUG :: evodenss.train.trainers :: [23] -- =============================================================
2025-03-09 13:55:22,869 :: DEBUG :: evodenss.train.trainers :: [23] -- Starting Downstream Epoch 16
2025-03-09 13:55:24,332 :: DEBUG :: evodenss.train.trainers :: [23] -- Loss: 99964.555
2025-03-09 13:55:24,332 :: DEBUG :: evodenss.train.trainers :: [23] -- =============================================================
2025-03-09 13:55:24,737 :: DEBUG :: evodenss.train.trainers :: [23] -- Starting Downstream Epoch 17
2025-03-09 13:55:26,183 :: DEBUG :: evodenss.train.trainers :: [23] -- Loss: 97900.641
2025-03-09 13:55:26,183 :: DEBUG :: evodenss.train.trainers :: [23] -- =============================================================
2025-03-09 13:55:26,573 :: DEBUG :: evodenss.train.trainers :: [23] -- Starting Downstream Epoch 18
2025-03-09 13:55:27,953 :: DEBUG :: evodenss.train.trainers :: [23] -- Loss: 97669.938
2025-03-09 13:55:27,953 :: DEBUG :: evodenss.train.trainers :: [23] -- =============================================================
2025-03-09 13:55:28,336 :: DEBUG :: evodenss.train.trainers :: [23] -- Starting Downstream Epoch 19
2025-03-09 13:55:29,773 :: INFO :: evodenss.train.trainers :: [23] -- [1.44s] TRAIN epoch 19 -- loss: tensor([96596.5547], device='cuda:0', grad_fn=<AddBackward0>)
2025-03-09 13:55:29,774 :: DEBUG :: evodenss.train.trainers :: [23] -- Loss: 96596.555
2025-03-09 13:55:29,774 :: DEBUG :: evodenss.train.trainers :: [23] -- =============================================================
2025-03-09 13:55:30,165 :: DEBUG :: evodenss.train.trainers :: [23] -- Starting Downstream Epoch 20
2025-03-09 13:55:31,626 :: DEBUG :: evodenss.train.trainers :: [23] -- Loss: 95479.719
2025-03-09 13:55:31,626 :: DEBUG :: evodenss.train.trainers :: [23] -- =============================================================
2025-03-09 13:55:32,008 :: DEBUG :: evodenss.train.trainers :: [23] -- Starting Downstream Epoch 21
2025-03-09 13:55:33,454 :: DEBUG :: evodenss.train.trainers :: [23] -- Loss: 94339.07
2025-03-09 13:55:33,454 :: DEBUG :: evodenss.train.trainers :: [23] -- =============================================================
2025-03-09 13:55:33,840 :: DEBUG :: evodenss.train.trainers :: [23] -- Starting Downstream Epoch 22
2025-03-09 13:55:35,223 :: DEBUG :: evodenss.train.trainers :: [23] -- Loss: 94051.992
2025-03-09 13:55:35,224 :: DEBUG :: evodenss.train.trainers :: [23] -- =============================================================
2025-03-09 13:55:35,606 :: DEBUG :: evodenss.train.trainers :: [23] -- Starting Downstream Epoch 23
2025-03-09 13:55:37,012 :: DEBUG :: evodenss.train.trainers :: [23] -- Loss: 91881.086
2025-03-09 13:55:37,013 :: DEBUG :: evodenss.train.trainers :: [23] -- =============================================================
2025-03-09 13:55:37,404 :: DEBUG :: evodenss.train.trainers :: [23] -- Starting Downstream Epoch 24
2025-03-09 13:55:38,848 :: INFO :: evodenss.train.trainers :: [23] -- [1.44s] TRAIN epoch 24 -- loss: tensor([92628.7109], device='cuda:0', grad_fn=<AddBackward0>)
2025-03-09 13:55:38,849 :: DEBUG :: evodenss.train.trainers :: [23] -- Loss: 92628.711
2025-03-09 13:55:38,849 :: DEBUG :: evodenss.train.trainers :: [23] -- =============================================================
2025-03-09 13:55:39,242 :: DEBUG :: evodenss.train.trainers :: [23] -- Starting Downstream Epoch 25
2025-03-09 13:55:40,693 :: DEBUG :: evodenss.train.trainers :: [23] -- Loss: 91937.695
2025-03-09 13:55:40,694 :: DEBUG :: evodenss.train.trainers :: [23] -- =============================================================
2025-03-09 13:55:41,072 :: DEBUG :: evodenss.train.trainers :: [23] -- Starting Downstream Epoch 26
2025-03-09 13:55:42,433 :: DEBUG :: evodenss.train.trainers :: [23] -- Loss: 91403.695
2025-03-09 13:55:42,433 :: DEBUG :: evodenss.train.trainers :: [23] -- =============================================================
2025-03-09 13:55:42,816 :: DEBUG :: evodenss.train.trainers :: [23] -- Starting Downstream Epoch 27
2025-03-09 13:55:44,262 :: DEBUG :: evodenss.train.trainers :: [23] -- Loss: 89818.867
2025-03-09 13:55:44,262 :: DEBUG :: evodenss.train.trainers :: [23] -- =============================================================
2025-03-09 13:55:44,649 :: DEBUG :: evodenss.train.trainers :: [23] -- Starting Downstream Epoch 28
2025-03-09 13:55:46,098 :: DEBUG :: evodenss.train.trainers :: [23] -- Loss: 89614.148
2025-03-09 13:55:46,098 :: DEBUG :: evodenss.train.trainers :: [23] -- =============================================================
2025-03-09 13:55:46,483 :: DEBUG :: evodenss.train.trainers :: [23] -- Starting Downstream Epoch 29
2025-03-09 13:55:47,843 :: INFO :: evodenss.train.trainers :: [23] -- [1.36s] TRAIN epoch 29 -- loss: tensor([89369.8594], device='cuda:0', grad_fn=<AddBackward0>)
2025-03-09 13:55:47,843 :: DEBUG :: evodenss.train.trainers :: [23] -- Loss: 89369.859
2025-03-09 13:55:47,843 :: DEBUG :: evodenss.train.trainers :: [23] -- =============================================================
2025-03-09 13:55:48,223 :: DEBUG :: evodenss.train.trainers :: [23] -- Starting Downstream Epoch 30
2025-03-09 13:55:49,621 :: DEBUG :: evodenss.train.trainers :: [23] -- Loss: 88142.484
2025-03-09 13:55:49,621 :: DEBUG :: evodenss.train.trainers :: [23] -- =============================================================
2025-03-09 13:55:50,020 :: DEBUG :: evodenss.train.trainers :: [23] -- Starting Downstream Epoch 31
2025-03-09 13:55:51,394 :: DEBUG :: evodenss.train.trainers :: [23] -- Loss: 87874.148
2025-03-09 13:55:51,394 :: DEBUG :: evodenss.train.trainers :: [23] -- =============================================================
2025-03-09 13:55:51,778 :: DEBUG :: evodenss.train.trainers :: [23] -- Starting Downstream Epoch 32
2025-03-09 13:55:53,230 :: DEBUG :: evodenss.train.trainers :: [23] -- Loss: 87562.219
2025-03-09 13:55:53,230 :: DEBUG :: evodenss.train.trainers :: [23] -- =============================================================
2025-03-09 13:55:53,633 :: DEBUG :: evodenss.train.trainers :: [23] -- Starting Downstream Epoch 33
2025-03-09 13:55:55,117 :: DEBUG :: evodenss.train.trainers :: [23] -- Loss: 87425.516
2025-03-09 13:55:55,117 :: DEBUG :: evodenss.train.trainers :: [23] -- =============================================================
2025-03-09 13:55:55,505 :: DEBUG :: evodenss.train.trainers :: [23] -- Starting Downstream Epoch 34
2025-03-09 13:55:56,932 :: INFO :: evodenss.train.trainers :: [23] -- [1.43s] TRAIN epoch 34 -- loss: tensor([87315.1406], device='cuda:0', grad_fn=<AddBackward0>)
2025-03-09 13:55:56,933 :: DEBUG :: evodenss.train.trainers :: [23] -- Loss: 87315.141
2025-03-09 13:55:56,933 :: DEBUG :: evodenss.train.trainers :: [23] -- =============================================================
2025-03-09 13:55:57,305 :: DEBUG :: evodenss.train.trainers :: [23] -- Starting Downstream Epoch 35
2025-03-09 13:55:58,735 :: DEBUG :: evodenss.train.trainers :: [23] -- Loss: 86809.57
2025-03-09 13:55:58,735 :: DEBUG :: evodenss.train.trainers :: [23] -- =============================================================
2025-03-09 13:55:59,118 :: DEBUG :: evodenss.train.trainers :: [23] -- Starting Downstream Epoch 36
2025-03-09 13:56:00,581 :: DEBUG :: evodenss.train.trainers :: [23] -- Loss: 86567.086
2025-03-09 13:56:00,581 :: DEBUG :: evodenss.train.trainers :: [23] -- =============================================================
2025-03-09 13:56:00,972 :: DEBUG :: evodenss.train.trainers :: [23] -- Starting Downstream Epoch 37
2025-03-09 13:56:02,396 :: DEBUG :: evodenss.train.trainers :: [23] -- Loss: 86008.992
2025-03-09 13:56:02,397 :: DEBUG :: evodenss.train.trainers :: [23] -- =============================================================
2025-03-09 13:56:02,781 :: DEBUG :: evodenss.train.trainers :: [23] -- Starting Downstream Epoch 38
2025-03-09 13:56:04,222 :: DEBUG :: evodenss.train.trainers :: [23] -- Loss: 85334.352
2025-03-09 13:56:04,222 :: DEBUG :: evodenss.train.trainers :: [23] -- =============================================================
2025-03-09 13:56:04,607 :: DEBUG :: evodenss.train.trainers :: [23] -- Starting Downstream Epoch 39
2025-03-09 13:56:06,029 :: INFO :: evodenss.train.trainers :: [23] -- [1.42s] TRAIN epoch 39 -- loss: tensor([85403.8672], device='cuda:0', grad_fn=<AddBackward0>)
2025-03-09 13:56:06,029 :: DEBUG :: evodenss.train.trainers :: [23] -- Loss: 85403.867
2025-03-09 13:56:06,029 :: DEBUG :: evodenss.train.trainers :: [23] -- =============================================================
2025-03-09 13:56:06,411 :: DEBUG :: evodenss.train.trainers :: [23] -- Starting Downstream Epoch 40
2025-03-09 13:56:07,762 :: DEBUG :: evodenss.train.trainers :: [23] -- Loss: 84675.062
2025-03-09 13:56:07,762 :: DEBUG :: evodenss.train.trainers :: [23] -- =============================================================
2025-03-09 13:56:08,142 :: DEBUG :: evodenss.train.trainers :: [23] -- Starting Downstream Epoch 41
2025-03-09 13:56:09,559 :: DEBUG :: evodenss.train.trainers :: [23] -- Loss: 84704.156
2025-03-09 13:56:09,559 :: DEBUG :: evodenss.train.trainers :: [23] -- =============================================================
2025-03-09 13:56:09,946 :: DEBUG :: evodenss.train.trainers :: [23] -- Starting Downstream Epoch 42
2025-03-09 13:56:11,392 :: DEBUG :: evodenss.train.trainers :: [23] -- Loss: 84491.758
2025-03-09 13:56:11,392 :: DEBUG :: evodenss.train.trainers :: [23] -- =============================================================
2025-03-09 13:56:11,788 :: DEBUG :: evodenss.train.trainers :: [23] -- Starting Downstream Epoch 43
2025-03-09 13:56:13,152 :: DEBUG :: evodenss.train.trainers :: [23] -- Loss: 83741.227
2025-03-09 13:56:13,152 :: DEBUG :: evodenss.train.trainers :: [23] -- =============================================================
2025-03-09 13:56:13,535 :: DEBUG :: evodenss.train.trainers :: [23] -- Starting Downstream Epoch 44
2025-03-09 13:56:14,970 :: INFO :: evodenss.train.trainers :: [23] -- [1.43s] TRAIN epoch 44 -- loss: tensor([84458.1641], device='cuda:0', grad_fn=<AddBackward0>)
2025-03-09 13:56:14,970 :: DEBUG :: evodenss.train.trainers :: [23] -- Loss: 84458.164
2025-03-09 13:56:14,970 :: DEBUG :: evodenss.train.trainers :: [23] -- =============================================================
2025-03-09 13:56:15,358 :: DEBUG :: evodenss.train.trainers :: [23] -- Starting Downstream Epoch 45
2025-03-09 13:56:16,801 :: DEBUG :: evodenss.train.trainers :: [23] -- Loss: 82975.031
2025-03-09 13:56:16,801 :: DEBUG :: evodenss.train.trainers :: [23] -- =============================================================
2025-03-09 13:56:17,183 :: DEBUG :: evodenss.train.trainers :: [23] -- Starting Downstream Epoch 46
2025-03-09 13:56:18,537 :: DEBUG :: evodenss.train.trainers :: [23] -- Loss: 83847.18
2025-03-09 13:56:18,537 :: DEBUG :: evodenss.train.trainers :: [23] -- =============================================================
2025-03-09 13:56:18,924 :: DEBUG :: evodenss.train.trainers :: [23] -- Starting Downstream Epoch 47
2025-03-09 13:56:20,316 :: DEBUG :: evodenss.train.trainers :: [23] -- Loss: 83018.531
2025-03-09 13:56:20,316 :: DEBUG :: evodenss.train.trainers :: [23] -- =============================================================
2025-03-09 13:56:20,696 :: DEBUG :: evodenss.train.trainers :: [23] -- Starting Downstream Epoch 48
2025-03-09 13:56:22,134 :: DEBUG :: evodenss.train.trainers :: [23] -- Loss: 83411.203
2025-03-09 13:56:22,134 :: DEBUG :: evodenss.train.trainers :: [23] -- =============================================================
2025-03-09 13:56:22,523 :: DEBUG :: evodenss.train.trainers :: [23] -- Starting Downstream Epoch 49
2025-03-09 13:56:23,976 :: INFO :: evodenss.train.trainers :: [23] -- [1.45s] TRAIN epoch 49 -- loss: tensor([83008.7031], device='cuda:0', grad_fn=<AddBackward0>)
2025-03-09 13:56:23,976 :: DEBUG :: evodenss.train.trainers :: [23] -- Loss: 83008.703
2025-03-09 13:56:23,976 :: DEBUG :: evodenss.train.trainers :: [23] -- =============================================================
2025-03-09 13:56:24,384 :: DEBUG :: evodenss.train.trainers :: [23] -- Starting Downstream Epoch 50
2025-03-09 13:56:25,823 :: DEBUG :: evodenss.train.trainers :: [23] -- Loss: 82282.766
2025-03-09 13:56:25,823 :: DEBUG :: evodenss.train.trainers :: [23] -- =============================================================
2025-03-09 13:56:26,203 :: DEBUG :: evodenss.train.trainers :: [23] -- Starting Downstream Epoch 51
2025-03-09 13:56:27,646 :: DEBUG :: evodenss.train.trainers :: [23] -- Loss: 83119.086
2025-03-09 13:56:27,647 :: DEBUG :: evodenss.train.trainers :: [23] -- =============================================================
2025-03-09 13:56:28,034 :: DEBUG :: evodenss.train.trainers :: [23] -- Starting Downstream Epoch 52
2025-03-09 13:56:29,493 :: DEBUG :: evodenss.train.trainers :: [23] -- Loss: 81677.148
2025-03-09 13:56:29,493 :: DEBUG :: evodenss.train.trainers :: [23] -- =============================================================
2025-03-09 13:56:29,901 :: DEBUG :: evodenss.train.trainers :: [23] -- Starting Downstream Epoch 53
2025-03-09 13:56:31,350 :: DEBUG :: evodenss.train.trainers :: [23] -- Loss: 82020.359
2025-03-09 13:56:31,351 :: DEBUG :: evodenss.train.trainers :: [23] -- =============================================================
2025-03-09 13:56:31,737 :: DEBUG :: evodenss.train.trainers :: [23] -- Starting Downstream Epoch 54
2025-03-09 13:56:33,184 :: INFO :: evodenss.train.trainers :: [23] -- [1.44s] TRAIN epoch 54 -- loss: tensor([81076.2031], device='cuda:0', grad_fn=<AddBackward0>)
2025-03-09 13:56:33,184 :: DEBUG :: evodenss.train.trainers :: [23] -- Loss: 81076.203
2025-03-09 13:56:33,184 :: DEBUG :: evodenss.train.trainers :: [23] -- =============================================================
2025-03-09 13:56:33,569 :: DEBUG :: evodenss.train.trainers :: [23] -- Starting Downstream Epoch 55
2025-03-09 13:56:34,938 :: DEBUG :: evodenss.train.trainers :: [23] -- Loss: 81225.266
2025-03-09 13:56:34,938 :: DEBUG :: evodenss.train.trainers :: [23] -- =============================================================
2025-03-09 13:56:35,328 :: DEBUG :: evodenss.train.trainers :: [23] -- Starting Downstream Epoch 56
2025-03-09 13:56:36,766 :: DEBUG :: evodenss.train.trainers :: [23] -- Loss: 81399.266
2025-03-09 13:56:36,766 :: DEBUG :: evodenss.train.trainers :: [23] -- =============================================================
2025-03-09 13:56:37,148 :: DEBUG :: evodenss.train.trainers :: [23] -- Starting Downstream Epoch 57
2025-03-09 13:56:38,576 :: DEBUG :: evodenss.train.trainers :: [23] -- Loss: 81163.562
2025-03-09 13:56:38,576 :: DEBUG :: evodenss.train.trainers :: [23] -- =============================================================
2025-03-09 13:56:38,970 :: DEBUG :: evodenss.train.trainers :: [23] -- Starting Downstream Epoch 58
2025-03-09 13:56:40,417 :: DEBUG :: evodenss.train.trainers :: [23] -- Loss: 80615.062
2025-03-09 13:56:40,417 :: DEBUG :: evodenss.train.trainers :: [23] -- =============================================================
2025-03-09 13:56:40,802 :: DEBUG :: evodenss.train.trainers :: [23] -- Starting Downstream Epoch 59
2025-03-09 13:56:42,235 :: INFO :: evodenss.train.trainers :: [23] -- [1.43s] TRAIN epoch 59 -- loss: tensor([81348.1406], device='cuda:0', grad_fn=<AddBackward0>)
2025-03-09 13:56:42,236 :: DEBUG :: evodenss.train.trainers :: [23] -- Loss: 81348.141
2025-03-09 13:56:42,236 :: DEBUG :: evodenss.train.trainers :: [23] -- =============================================================
2025-03-09 13:56:42,839 :: DEBUG :: evodenss.train.trainers :: [23] -- Starting Downstream Epoch 60
2025-03-09 13:56:44,284 :: DEBUG :: evodenss.train.trainers :: [23] -- Loss: 79414.008
2025-03-09 13:56:44,284 :: DEBUG :: evodenss.train.trainers :: [23] -- =============================================================
2025-03-09 13:56:44,663 :: DEBUG :: evodenss.train.trainers :: [23] -- Starting Downstream Epoch 61
2025-03-09 13:56:46,079 :: DEBUG :: evodenss.train.trainers :: [23] -- Loss: 79831.156
2025-03-09 13:56:46,079 :: DEBUG :: evodenss.train.trainers :: [23] -- =============================================================
2025-03-09 13:56:46,467 :: DEBUG :: evodenss.train.trainers :: [23] -- Starting Downstream Epoch 62
2025-03-09 13:56:47,880 :: DEBUG :: evodenss.train.trainers :: [23] -- Loss: 79512.195
2025-03-09 13:56:47,880 :: DEBUG :: evodenss.train.trainers :: [23] -- =============================================================
2025-03-09 13:56:48,259 :: DEBUG :: evodenss.train.trainers :: [23] -- Starting Downstream Epoch 63
2025-03-09 13:56:49,691 :: DEBUG :: evodenss.train.trainers :: [23] -- Loss: 79528.695
2025-03-09 13:56:49,692 :: DEBUG :: evodenss.train.trainers :: [23] -- =============================================================
2025-03-09 13:56:50,062 :: DEBUG :: evodenss.train.trainers :: [23] -- Starting Downstream Epoch 64
2025-03-09 13:56:51,486 :: INFO :: evodenss.train.trainers :: [23] -- [1.42s] TRAIN epoch 64 -- loss: tensor([79390.6250], device='cuda:0', grad_fn=<AddBackward0>)
2025-03-09 13:56:51,487 :: DEBUG :: evodenss.train.trainers :: [23] -- Loss: 79390.625
2025-03-09 13:56:51,487 :: DEBUG :: evodenss.train.trainers :: [23] -- =============================================================
2025-03-09 13:56:51,868 :: DEBUG :: evodenss.train.trainers :: [23] -- Starting Downstream Epoch 65
2025-03-09 13:56:53,311 :: DEBUG :: evodenss.train.trainers :: [23] -- Loss: 79048.117
2025-03-09 13:56:53,311 :: DEBUG :: evodenss.train.trainers :: [23] -- =============================================================
2025-03-09 13:56:53,685 :: DEBUG :: evodenss.train.trainers :: [23] -- Starting Downstream Epoch 66
2025-03-09 13:56:55,124 :: DEBUG :: evodenss.train.trainers :: [23] -- Loss: 78856.898
2025-03-09 13:56:55,124 :: DEBUG :: evodenss.train.trainers :: [23] -- =============================================================
2025-03-09 13:56:55,495 :: DEBUG :: evodenss.train.trainers :: [23] -- Starting Downstream Epoch 67
2025-03-09 13:56:56,923 :: DEBUG :: evodenss.train.trainers :: [23] -- Loss: 78866.867
2025-03-09 13:56:56,923 :: DEBUG :: evodenss.train.trainers :: [23] -- =============================================================
2025-03-09 13:56:57,299 :: DEBUG :: evodenss.train.trainers :: [23] -- Starting Downstream Epoch 68
2025-03-09 13:56:58,687 :: DEBUG :: evodenss.train.trainers :: [23] -- Loss: 78942.109
2025-03-09 13:56:58,687 :: DEBUG :: evodenss.train.trainers :: [23] -- =============================================================
2025-03-09 13:56:59,063 :: DEBUG :: evodenss.train.trainers :: [23] -- Starting Downstream Epoch 69
2025-03-09 13:57:00,486 :: INFO :: evodenss.train.trainers :: [23] -- [1.42s] TRAIN epoch 69 -- loss: tensor([78492.8672], device='cuda:0', grad_fn=<AddBackward0>)
2025-03-09 13:57:00,487 :: DEBUG :: evodenss.train.trainers :: [23] -- Loss: 78492.867
2025-03-09 13:57:00,487 :: DEBUG :: evodenss.train.trainers :: [23] -- =============================================================
2025-03-09 13:57:00,863 :: DEBUG :: evodenss.train.trainers :: [23] -- Starting Downstream Epoch 70
2025-03-09 13:57:02,322 :: DEBUG :: evodenss.train.trainers :: [23] -- Loss: 79371.539
2025-03-09 13:57:02,322 :: DEBUG :: evodenss.train.trainers :: [23] -- =============================================================
2025-03-09 13:57:02,703 :: DEBUG :: evodenss.train.trainers :: [23] -- Starting Downstream Epoch 71
2025-03-09 13:57:04,131 :: DEBUG :: evodenss.train.trainers :: [23] -- Loss: 77830.164
2025-03-09 13:57:04,132 :: DEBUG :: evodenss.train.trainers :: [23] -- =============================================================
2025-03-09 13:57:04,512 :: DEBUG :: evodenss.train.trainers :: [23] -- Starting Downstream Epoch 72
2025-03-09 13:57:05,867 :: DEBUG :: evodenss.train.trainers :: [23] -- Loss: 78482.344
2025-03-09 13:57:05,867 :: DEBUG :: evodenss.train.trainers :: [23] -- =============================================================
2025-03-09 13:57:06,260 :: DEBUG :: evodenss.train.trainers :: [23] -- Starting Downstream Epoch 73
2025-03-09 13:57:07,697 :: DEBUG :: evodenss.train.trainers :: [23] -- Loss: 78989.031
2025-03-09 13:57:07,697 :: DEBUG :: evodenss.train.trainers :: [23] -- =============================================================
2025-03-09 13:57:08,089 :: DEBUG :: evodenss.train.trainers :: [23] -- Starting Downstream Epoch 74
2025-03-09 13:57:09,454 :: INFO :: evodenss.train.trainers :: [23] -- [1.36s] TRAIN epoch 74 -- loss: tensor([78526.7891], device='cuda:0', grad_fn=<AddBackward0>)
2025-03-09 13:57:09,454 :: DEBUG :: evodenss.train.trainers :: [23] -- Loss: 78526.789
2025-03-09 13:57:09,454 :: DEBUG :: evodenss.train.trainers :: [23] -- =============================================================
2025-03-09 13:57:09,836 :: DEBUG :: evodenss.train.trainers :: [23] -- Starting Downstream Epoch 75
2025-03-09 13:57:11,266 :: DEBUG :: evodenss.train.trainers :: [23] -- Loss: 76767.742
2025-03-09 13:57:11,267 :: DEBUG :: evodenss.train.trainers :: [23] -- =============================================================
2025-03-09 13:57:11,644 :: DEBUG :: evodenss.train.trainers :: [23] -- Starting Downstream Epoch 76
2025-03-09 13:57:13,080 :: DEBUG :: evodenss.train.trainers :: [23] -- Loss: 77482.648
2025-03-09 13:57:13,080 :: DEBUG :: evodenss.train.trainers :: [23] -- =============================================================
2025-03-09 13:57:13,464 :: DEBUG :: evodenss.train.trainers :: [23] -- Starting Downstream Epoch 77
2025-03-09 13:57:14,926 :: DEBUG :: evodenss.train.trainers :: [23] -- Loss: 77059.93
2025-03-09 13:57:14,926 :: DEBUG :: evodenss.train.trainers :: [23] -- =============================================================
2025-03-09 13:57:15,320 :: DEBUG :: evodenss.train.trainers :: [23] -- Starting Downstream Epoch 78
2025-03-09 13:57:16,758 :: DEBUG :: evodenss.train.trainers :: [23] -- Loss: 78291.531
2025-03-09 13:57:16,758 :: DEBUG :: evodenss.train.trainers :: [23] -- =============================================================
2025-03-09 13:57:17,143 :: DEBUG :: evodenss.train.trainers :: [23] -- Starting Downstream Epoch 79
2025-03-09 13:57:18,578 :: INFO :: evodenss.train.trainers :: [23] -- [1.43s] TRAIN epoch 79 -- loss: tensor([77401.7812], device='cuda:0', grad_fn=<AddBackward0>)
2025-03-09 13:57:18,578 :: DEBUG :: evodenss.train.trainers :: [23] -- Loss: 77401.781
2025-03-09 13:57:18,578 :: DEBUG :: evodenss.train.trainers :: [23] -- =============================================================
2025-03-09 13:57:18,974 :: DEBUG :: evodenss.train.trainers :: [23] -- Starting Downstream Epoch 80
2025-03-09 13:57:20,350 :: DEBUG :: evodenss.train.trainers :: [23] -- Loss: 77266.477
2025-03-09 13:57:20,351 :: DEBUG :: evodenss.train.trainers :: [23] -- =============================================================
2025-03-09 13:57:20,744 :: DEBUG :: evodenss.train.trainers :: [23] -- Starting Downstream Epoch 81
2025-03-09 13:57:22,194 :: DEBUG :: evodenss.train.trainers :: [23] -- Loss: 76856.227
2025-03-09 13:57:22,194 :: DEBUG :: evodenss.train.trainers :: [23] -- =============================================================
2025-03-09 13:57:22,570 :: DEBUG :: evodenss.train.trainers :: [23] -- Starting Downstream Epoch 82
2025-03-09 13:57:24,006 :: DEBUG :: evodenss.train.trainers :: [23] -- Loss: 77076.625
2025-03-09 13:57:24,007 :: DEBUG :: evodenss.train.trainers :: [23] -- =============================================================
2025-03-09 13:57:24,393 :: DEBUG :: evodenss.train.trainers :: [23] -- Starting Downstream Epoch 83
2025-03-09 13:57:25,832 :: DEBUG :: evodenss.train.trainers :: [23] -- Loss: 76394.125
2025-03-09 13:57:25,833 :: DEBUG :: evodenss.train.trainers :: [23] -- =============================================================
2025-03-09 13:57:26,214 :: DEBUG :: evodenss.train.trainers :: [23] -- Starting Downstream Epoch 84
2025-03-09 13:57:27,624 :: INFO :: evodenss.train.trainers :: [23] -- [1.41s] TRAIN epoch 84 -- loss: tensor([76815.0781], device='cuda:0', grad_fn=<AddBackward0>)
2025-03-09 13:57:27,624 :: DEBUG :: evodenss.train.trainers :: [23] -- Loss: 76815.078
2025-03-09 13:57:27,624 :: DEBUG :: evodenss.train.trainers :: [23] -- =============================================================
2025-03-09 13:57:27,997 :: DEBUG :: evodenss.train.trainers :: [23] -- Starting Downstream Epoch 85
2025-03-09 13:57:29,431 :: DEBUG :: evodenss.train.trainers :: [23] -- Loss: 76887.852
2025-03-09 13:57:29,432 :: DEBUG :: evodenss.train.trainers :: [23] -- =============================================================
2025-03-09 13:57:29,811 :: DEBUG :: evodenss.train.trainers :: [23] -- Starting Downstream Epoch 86
2025-03-09 13:57:31,242 :: DEBUG :: evodenss.train.trainers :: [23] -- Loss: 76239.844
2025-03-09 13:57:31,242 :: DEBUG :: evodenss.train.trainers :: [23] -- =============================================================
2025-03-09 13:57:31,623 :: DEBUG :: evodenss.train.trainers :: [23] -- Starting Downstream Epoch 87
2025-03-09 13:57:33,053 :: DEBUG :: evodenss.train.trainers :: [23] -- Loss: 76102.023
2025-03-09 13:57:33,053 :: DEBUG :: evodenss.train.trainers :: [23] -- =============================================================
2025-03-09 13:57:33,431 :: DEBUG :: evodenss.train.trainers :: [23] -- Starting Downstream Epoch 88
2025-03-09 13:57:34,846 :: DEBUG :: evodenss.train.trainers :: [23] -- Loss: 75640.109
2025-03-09 13:57:34,847 :: DEBUG :: evodenss.train.trainers :: [23] -- =============================================================
2025-03-09 13:57:35,244 :: DEBUG :: evodenss.train.trainers :: [23] -- Starting Downstream Epoch 89
2025-03-09 13:57:36,706 :: INFO :: evodenss.train.trainers :: [23] -- [1.46s] TRAIN epoch 89 -- loss: tensor([76101.4062], device='cuda:0', grad_fn=<AddBackward0>)
2025-03-09 13:57:36,707 :: DEBUG :: evodenss.train.trainers :: [23] -- Loss: 76101.406
2025-03-09 13:57:36,707 :: DEBUG :: evodenss.train.trainers :: [23] -- =============================================================
2025-03-09 13:57:37,091 :: DEBUG :: evodenss.train.trainers :: [23] -- Starting Downstream Epoch 90
2025-03-09 13:57:38,522 :: DEBUG :: evodenss.train.trainers :: [23] -- Loss: 75628.633
2025-03-09 13:57:38,523 :: DEBUG :: evodenss.train.trainers :: [23] -- =============================================================
2025-03-09 13:57:38,916 :: DEBUG :: evodenss.train.trainers :: [23] -- Starting Downstream Epoch 91
2025-03-09 13:57:40,369 :: DEBUG :: evodenss.train.trainers :: [23] -- Loss: 76610.312
2025-03-09 13:57:40,369 :: DEBUG :: evodenss.train.trainers :: [23] -- =============================================================
2025-03-09 13:57:40,751 :: DEBUG :: evodenss.train.trainers :: [23] -- Starting Downstream Epoch 92
2025-03-09 13:57:42,175 :: DEBUG :: evodenss.train.trainers :: [23] -- Loss: 75589.945
2025-03-09 13:57:42,175 :: DEBUG :: evodenss.train.trainers :: [23] -- =============================================================
2025-03-09 13:57:42,549 :: DEBUG :: evodenss.train.trainers :: [23] -- Starting Downstream Epoch 93
2025-03-09 13:57:43,963 :: DEBUG :: evodenss.train.trainers :: [23] -- Loss: 75186.328
2025-03-09 13:57:43,964 :: DEBUG :: evodenss.train.trainers :: [23] -- =============================================================
2025-03-09 13:57:44,344 :: DEBUG :: evodenss.train.trainers :: [23] -- Starting Downstream Epoch 94
2025-03-09 13:57:45,684 :: INFO :: evodenss.train.trainers :: [23] -- [1.34s] TRAIN epoch 94 -- loss: tensor([75168.6719], device='cuda:0', grad_fn=<AddBackward0>)
2025-03-09 13:57:45,684 :: DEBUG :: evodenss.train.trainers :: [23] -- Loss: 75168.672
2025-03-09 13:57:45,684 :: DEBUG :: evodenss.train.trainers :: [23] -- =============================================================
2025-03-09 13:57:46,062 :: DEBUG :: evodenss.train.trainers :: [23] -- Starting Downstream Epoch 95
2025-03-09 13:57:47,472 :: DEBUG :: evodenss.train.trainers :: [23] -- Loss: 76105.078
2025-03-09 13:57:47,472 :: DEBUG :: evodenss.train.trainers :: [23] -- =============================================================
2025-03-09 13:57:47,853 :: DEBUG :: evodenss.train.trainers :: [23] -- Starting Downstream Epoch 96
2025-03-09 13:57:49,301 :: DEBUG :: evodenss.train.trainers :: [23] -- Loss: 74687.727
2025-03-09 13:57:49,302 :: DEBUG :: evodenss.train.trainers :: [23] -- =============================================================
2025-03-09 13:57:49,686 :: DEBUG :: evodenss.train.trainers :: [23] -- Starting Downstream Epoch 97
2025-03-09 13:57:51,127 :: DEBUG :: evodenss.train.trainers :: [23] -- Loss: 75888.555
2025-03-09 13:57:51,127 :: DEBUG :: evodenss.train.trainers :: [23] -- =============================================================
2025-03-09 13:57:51,511 :: DEBUG :: evodenss.train.trainers :: [23] -- Starting Downstream Epoch 98
2025-03-09 13:57:52,865 :: DEBUG :: evodenss.train.trainers :: [23] -- Loss: 74573.844
2025-03-09 13:57:52,865 :: DEBUG :: evodenss.train.trainers :: [23] -- =============================================================
2025-03-09 13:57:53,245 :: DEBUG :: evodenss.train.trainers :: [23] -- Starting Downstream Epoch 99
2025-03-09 13:57:54,728 :: INFO :: evodenss.train.trainers :: [23] -- [1.48s] TRAIN epoch 99 -- loss: tensor([75424.9297], device='cuda:0', grad_fn=<AddBackward0>)
2025-03-09 13:57:54,728 :: DEBUG :: evodenss.train.trainers :: [23] -- Loss: 75424.93
2025-03-09 13:57:54,728 :: DEBUG :: evodenss.train.trainers :: [23] -- =============================================================
2025-03-09 13:57:55,603 :: INFO :: evodenss.evolution.engine :: [23] -- Selecting the fittest individual
2025-03-09 13:57:55,604 :: INFO :: evodenss.evolution.operators.selection :: [23] -- Parent: idx: 0, id: 0
2025-03-09 13:57:55,604 :: INFO :: evodenss.evolution.operators.selection :: [23] -- Training times: [1000]
2025-03-09 13:57:55,604 :: INFO :: evodenss.evolution.operators.selection :: [23] -- ids: [0]
2025-03-09 13:57:55,610 :: INFO :: evodenss.evolution.engine :: [23] -- Fitnesses: [4016.15869]
2025-03-09 13:57:56,241 :: INFO :: evodenss.evolution.engine :: [23] -- Generation best test fitness: tensor([20932.4102], device='cuda:0')
2025-03-09 13:57:56,241 :: INFO :: evodenss.evolution.engine :: [23] -- Best fitness of generation 0: 4016.15869
2025-03-09 13:57:56,241 :: INFO :: evodenss.evolution.engine :: [23] -- Best overall fitness: 4016.15869



2025-03-09 13:57:56,305 :: INFO :: __main__ :: [23] -- Printing the best individual in the current run.

2025-03-09 13:57:56,813 :: DEBUG :: matplotlib.pyplot :: [23] -- Loaded backend agg version v2.2.
2025-03-09 13:57:56,821 :: DEBUG :: matplotlib.font_manager :: [23] -- findfont: Matching sans\-serif:style=normal:variant=normal:weight=normal:stretch=normal:size=10.0.
2025-03-09 13:57:56,822 :: DEBUG :: matplotlib.font_manager :: [23] -- findfont: score(FontEntry(fname='/u/mcarollo/.conda/envs/argo/lib/python3.10/site-packages/matplotlib/mpl-data/fonts/ttf/cmb10.ttf', name='cmb10', style='normal', variant='normal', weight=400, stretch='normal', size='scalable')) = 10.05
2025-03-09 13:57:56,823 :: DEBUG :: matplotlib.font_manager :: [23] -- findfont: score(FontEntry(fname='/u/mcarollo/.conda/envs/argo/lib/python3.10/site-packages/matplotlib/mpl-data/fonts/ttf/DejaVuSansMono-BoldOblique.ttf', name='DejaVu Sans Mono', style='oblique', variant='normal', weight=700, stretch='normal', size='scalable')) = 11.335
2025-03-09 13:57:56,823 :: DEBUG :: matplotlib.font_manager :: [23] -- findfont: score(FontEntry(fname='/u/mcarollo/.conda/envs/argo/lib/python3.10/site-packages/matplotlib/mpl-data/fonts/ttf/STIXNonUniIta.ttf', name='STIXNonUnicode', style='italic', variant='normal', weight=400, stretch='normal', size='scalable')) = 11.05
2025-03-09 13:57:56,823 :: DEBUG :: matplotlib.font_manager :: [23] -- findfont: score(FontEntry(fname='/u/mcarollo/.conda/envs/argo/lib/python3.10/site-packages/matplotlib/mpl-data/fonts/ttf/DejaVuSansMono-Bold.ttf', name='DejaVu Sans Mono', style='normal', variant='normal', weight=700, stretch='normal', size='scalable')) = 10.335
2025-03-09 13:57:56,823 :: DEBUG :: matplotlib.font_manager :: [23] -- findfont: score(FontEntry(fname='/u/mcarollo/.conda/envs/argo/lib/python3.10/site-packages/matplotlib/mpl-data/fonts/ttf/DejaVuSans.ttf', name='DejaVu Sans', style='normal', variant='normal', weight=400, stretch='normal', size='scalable')) = 0.05
2025-03-09 13:57:56,823 :: DEBUG :: matplotlib.font_manager :: [23] -- findfont: score(FontEntry(fname='/u/mcarollo/.conda/envs/argo/lib/python3.10/site-packages/matplotlib/mpl-data/fonts/ttf/DejaVuSansMono-Oblique.ttf', name='DejaVu Sans Mono', style='oblique', variant='normal', weight=400, stretch='normal', size='scalable')) = 11.05
2025-03-09 13:57:56,823 :: DEBUG :: matplotlib.font_manager :: [23] -- findfont: score(FontEntry(fname='/u/mcarollo/.conda/envs/argo/lib/python3.10/site-packages/matplotlib/mpl-data/fonts/ttf/cmr10.ttf', name='cmr10', style='normal', variant='normal', weight=400, stretch='normal', size='scalable')) = 10.05
2025-03-09 13:57:56,823 :: DEBUG :: matplotlib.font_manager :: [23] -- findfont: score(FontEntry(fname='/u/mcarollo/.conda/envs/argo/lib/python3.10/site-packages/matplotlib/mpl-data/fonts/ttf/STIXGeneralBolIta.ttf', name='STIXGeneral', style='italic', variant='normal', weight=700, stretch='normal', size='scalable')) = 11.335
2025-03-09 13:57:56,823 :: DEBUG :: matplotlib.font_manager :: [23] -- findfont: score(FontEntry(fname='/u/mcarollo/.conda/envs/argo/lib/python3.10/site-packages/matplotlib/mpl-data/fonts/ttf/cmex10.ttf', name='cmex10', style='normal', variant='normal', weight=400, stretch='normal', size='scalable')) = 10.05
2025-03-09 13:57:56,823 :: DEBUG :: matplotlib.font_manager :: [23] -- findfont: score(FontEntry(fname='/u/mcarollo/.conda/envs/argo/lib/python3.10/site-packages/matplotlib/mpl-data/fonts/ttf/STIXSizFiveSymReg.ttf', name='STIXSizeFiveSym', style='normal', variant='normal', weight=400, stretch='normal', size='scalable')) = 10.05
2025-03-09 13:57:56,823 :: DEBUG :: matplotlib.font_manager :: [23] -- findfont: score(FontEntry(fname='/u/mcarollo/.conda/envs/argo/lib/python3.10/site-packages/matplotlib/mpl-data/fonts/ttf/STIXSizFourSymReg.ttf', name='STIXSizeFourSym', style='normal', variant='normal', weight=400, stretch='normal', size='scalable')) = 10.05
2025-03-09 13:57:56,823 :: DEBUG :: matplotlib.font_manager :: [23] -- findfont: score(FontEntry(fname='/u/mcarollo/.conda/envs/argo/lib/python3.10/site-packages/matplotlib/mpl-data/fonts/ttf/STIXSizOneSymBol.ttf', name='STIXSizeOneSym', style='normal', variant='normal', weight=700, stretch='normal', size='scalable')) = 10.335
2025-03-09 13:57:56,823 :: DEBUG :: matplotlib.font_manager :: [23] -- findfont: score(FontEntry(fname='/u/mcarollo/.conda/envs/argo/lib/python3.10/site-packages/matplotlib/mpl-data/fonts/ttf/cmtt10.ttf', name='cmtt10', style='normal', variant='normal', weight=400, stretch='normal', size='scalable')) = 10.05
2025-03-09 13:57:56,824 :: DEBUG :: matplotlib.font_manager :: [23] -- findfont: score(FontEntry(fname='/u/mcarollo/.conda/envs/argo/lib/python3.10/site-packages/matplotlib/mpl-data/fonts/ttf/DejaVuSansDisplay.ttf', name='DejaVu Sans Display', style='normal', variant='normal', weight=400, stretch='normal', size='scalable')) = 10.05
2025-03-09 13:57:56,824 :: DEBUG :: matplotlib.font_manager :: [23] -- findfont: score(FontEntry(fname='/u/mcarollo/.conda/envs/argo/lib/python3.10/site-packages/matplotlib/mpl-data/fonts/ttf/STIXGeneralItalic.ttf', name='STIXGeneral', style='italic', variant='normal', weight=400, stretch='normal', size='scalable')) = 11.05
2025-03-09 13:57:56,824 :: DEBUG :: matplotlib.font_manager :: [23] -- findfont: score(FontEntry(fname='/u/mcarollo/.conda/envs/argo/lib/python3.10/site-packages/matplotlib/mpl-data/fonts/ttf/STIXNonUniBolIta.ttf', name='STIXNonUnicode', style='italic', variant='normal', weight=700, stretch='normal', size='scalable')) = 11.335
2025-03-09 13:57:56,824 :: DEBUG :: matplotlib.font_manager :: [23] -- findfont: score(FontEntry(fname='/u/mcarollo/.conda/envs/argo/lib/python3.10/site-packages/matplotlib/mpl-data/fonts/ttf/STIXSizThreeSymBol.ttf', name='STIXSizeThreeSym', style='normal', variant='normal', weight=700, stretch='normal', size='scalable')) = 10.335
2025-03-09 13:57:56,824 :: DEBUG :: matplotlib.font_manager :: [23] -- findfont: score(FontEntry(fname='/u/mcarollo/.conda/envs/argo/lib/python3.10/site-packages/matplotlib/mpl-data/fonts/ttf/DejaVuSerif-Bold.ttf', name='DejaVu Serif', style='normal', variant='normal', weight=700, stretch='normal', size='scalable')) = 10.335
2025-03-09 13:57:56,824 :: DEBUG :: matplotlib.font_manager :: [23] -- findfont: score(FontEntry(fname='/u/mcarollo/.conda/envs/argo/lib/python3.10/site-packages/matplotlib/mpl-data/fonts/ttf/cmsy10.ttf', name='cmsy10', style='normal', variant='normal', weight=400, stretch='normal', size='scalable')) = 10.05
2025-03-09 13:57:56,824 :: DEBUG :: matplotlib.font_manager :: [23] -- findfont: score(FontEntry(fname='/u/mcarollo/.conda/envs/argo/lib/python3.10/site-packages/matplotlib/mpl-data/fonts/ttf/DejaVuSans-Bold.ttf', name='DejaVu Sans', style='normal', variant='normal', weight=700, stretch='normal', size='scalable')) = 0.33499999999999996
2025-03-09 13:57:56,824 :: DEBUG :: matplotlib.font_manager :: [23] -- findfont: score(FontEntry(fname='/u/mcarollo/.conda/envs/argo/lib/python3.10/site-packages/matplotlib/mpl-data/fonts/ttf/DejaVuSerifDisplay.ttf', name='DejaVu Serif Display', style='normal', variant='normal', weight=400, stretch='normal', size='scalable')) = 10.05
2025-03-09 13:57:56,824 :: DEBUG :: matplotlib.font_manager :: [23] -- findfont: score(FontEntry(fname='/u/mcarollo/.conda/envs/argo/lib/python3.10/site-packages/matplotlib/mpl-data/fonts/ttf/DejaVuSans-Oblique.ttf', name='DejaVu Sans', style='oblique', variant='normal', weight=400, stretch='normal', size='scalable')) = 1.05
2025-03-09 13:57:56,824 :: DEBUG :: matplotlib.font_manager :: [23] -- findfont: score(FontEntry(fname='/u/mcarollo/.conda/envs/argo/lib/python3.10/site-packages/matplotlib/mpl-data/fonts/ttf/STIXSizThreeSymReg.ttf', name='STIXSizeThreeSym', style='normal', variant='normal', weight=400, stretch='normal', size='scalable')) = 10.05
2025-03-09 13:57:56,824 :: DEBUG :: matplotlib.font_manager :: [23] -- findfont: score(FontEntry(fname='/u/mcarollo/.conda/envs/argo/lib/python3.10/site-packages/matplotlib/mpl-data/fonts/ttf/DejaVuSerif-Italic.ttf', name='DejaVu Serif', style='italic', variant='normal', weight=400, stretch='normal', size='scalable')) = 11.05
2025-03-09 13:57:56,824 :: DEBUG :: matplotlib.font_manager :: [23] -- findfont: score(FontEntry(fname='/u/mcarollo/.conda/envs/argo/lib/python3.10/site-packages/matplotlib/mpl-data/fonts/ttf/STIXSizTwoSymReg.ttf', name='STIXSizeTwoSym', style='normal', variant='normal', weight=400, stretch='normal', size='scalable')) = 10.05
2025-03-09 13:57:56,824 :: DEBUG :: matplotlib.font_manager :: [23] -- findfont: score(FontEntry(fname='/u/mcarollo/.conda/envs/argo/lib/python3.10/site-packages/matplotlib/mpl-data/fonts/ttf/STIXNonUniBol.ttf', name='STIXNonUnicode', style='normal', variant='normal', weight=700, stretch='normal', size='scalable')) = 10.335
2025-03-09 13:57:56,825 :: DEBUG :: matplotlib.font_manager :: [23] -- findfont: score(FontEntry(fname='/u/mcarollo/.conda/envs/argo/lib/python3.10/site-packages/matplotlib/mpl-data/fonts/ttf/STIXNonUni.ttf', name='STIXNonUnicode', style='normal', variant='normal', weight=400, stretch='normal', size='scalable')) = 10.05
2025-03-09 13:57:56,825 :: DEBUG :: matplotlib.font_manager :: [23] -- findfont: score(FontEntry(fname='/u/mcarollo/.conda/envs/argo/lib/python3.10/site-packages/matplotlib/mpl-data/fonts/ttf/STIXSizOneSymReg.ttf', name='STIXSizeOneSym', style='normal', variant='normal', weight=400, stretch='normal', size='scalable')) = 10.05
2025-03-09 13:57:56,825 :: DEBUG :: matplotlib.font_manager :: [23] -- findfont: score(FontEntry(fname='/u/mcarollo/.conda/envs/argo/lib/python3.10/site-packages/matplotlib/mpl-data/fonts/ttf/STIXGeneral.ttf', name='STIXGeneral', style='normal', variant='normal', weight=400, stretch='normal', size='scalable')) = 10.05
2025-03-09 13:57:56,825 :: DEBUG :: matplotlib.font_manager :: [23] -- findfont: score(FontEntry(fname='/u/mcarollo/.conda/envs/argo/lib/python3.10/site-packages/matplotlib/mpl-data/fonts/ttf/DejaVuSerif-BoldItalic.ttf', name='DejaVu Serif', style='italic', variant='normal', weight=700, stretch='normal', size='scalable')) = 11.335
2025-03-09 13:57:56,825 :: DEBUG :: matplotlib.font_manager :: [23] -- findfont: score(FontEntry(fname='/u/mcarollo/.conda/envs/argo/lib/python3.10/site-packages/matplotlib/mpl-data/fonts/ttf/STIXSizTwoSymBol.ttf', name='STIXSizeTwoSym', style='normal', variant='normal', weight=700, stretch='normal', size='scalable')) = 10.335
2025-03-09 13:57:56,825 :: DEBUG :: matplotlib.font_manager :: [23] -- findfont: score(FontEntry(fname='/u/mcarollo/.conda/envs/argo/lib/python3.10/site-packages/matplotlib/mpl-data/fonts/ttf/STIXGeneralBol.ttf', name='STIXGeneral', style='normal', variant='normal', weight=700, stretch='normal', size='scalable')) = 10.335
2025-03-09 13:57:56,825 :: DEBUG :: matplotlib.font_manager :: [23] -- findfont: score(FontEntry(fname='/u/mcarollo/.conda/envs/argo/lib/python3.10/site-packages/matplotlib/mpl-data/fonts/ttf/STIXSizFourSymBol.ttf', name='STIXSizeFourSym', style='normal', variant='normal', weight=700, stretch='normal', size='scalable')) = 10.335
2025-03-09 13:57:56,825 :: DEBUG :: matplotlib.font_manager :: [23] -- findfont: score(FontEntry(fname='/u/mcarollo/.conda/envs/argo/lib/python3.10/site-packages/matplotlib/mpl-data/fonts/ttf/DejaVuSansMono.ttf', name='DejaVu Sans Mono', style='normal', variant='normal', weight=400, stretch='normal', size='scalable')) = 10.05
2025-03-09 13:57:56,825 :: DEBUG :: matplotlib.font_manager :: [23] -- findfont: score(FontEntry(fname='/u/mcarollo/.conda/envs/argo/lib/python3.10/site-packages/matplotlib/mpl-data/fonts/ttf/DejaVuSerif.ttf', name='DejaVu Serif', style='normal', variant='normal', weight=400, stretch='normal', size='scalable')) = 10.05
2025-03-09 13:57:56,825 :: DEBUG :: matplotlib.font_manager :: [23] -- findfont: score(FontEntry(fname='/u/mcarollo/.conda/envs/argo/lib/python3.10/site-packages/matplotlib/mpl-data/fonts/ttf/cmmi10.ttf', name='cmmi10', style='normal', variant='normal', weight=400, stretch='normal', size='scalable')) = 10.05
2025-03-09 13:57:56,825 :: DEBUG :: matplotlib.font_manager :: [23] -- findfont: score(FontEntry(fname='/u/mcarollo/.conda/envs/argo/lib/python3.10/site-packages/matplotlib/mpl-data/fonts/ttf/cmss10.ttf', name='cmss10', style='normal', variant='normal', weight=400, stretch='normal', size='scalable')) = 10.05
2025-03-09 13:57:56,825 :: DEBUG :: matplotlib.font_manager :: [23] -- findfont: score(FontEntry(fname='/u/mcarollo/.conda/envs/argo/lib/python3.10/site-packages/matplotlib/mpl-data/fonts/ttf/DejaVuSans-BoldOblique.ttf', name='DejaVu Sans', style='oblique', variant='normal', weight=700, stretch='normal', size='scalable')) = 1.335
2025-03-09 13:57:56,825 :: DEBUG :: matplotlib.font_manager :: [23] -- findfont: score(FontEntry(fname='/usr/share/fonts/dejavu-sans-fonts/DejaVuSansCondensed.ttf', name='DejaVu Sans', style='normal', variant='normal', weight=400, stretch='condensed', size='scalable')) = 0.25
2025-03-09 13:57:56,826 :: DEBUG :: matplotlib.font_manager :: [23] -- findfont: score(FontEntry(fname='/usr/share/fonts/dejavu-sans-fonts/DejaVuSans-Bold.ttf', name='DejaVu Sans', style='normal', variant='normal', weight=700, stretch='normal', size='scalable')) = 0.33499999999999996
2025-03-09 13:57:56,826 :: DEBUG :: matplotlib.font_manager :: [23] -- findfont: score(FontEntry(fname='/usr/share/fonts/dejavu-sans-fonts/DejaVuSans.ttf', name='DejaVu Sans', style='normal', variant='normal', weight=400, stretch='normal', size='scalable')) = 0.05
2025-03-09 13:57:56,826 :: DEBUG :: matplotlib.font_manager :: [23] -- findfont: score(FontEntry(fname='/usr/share/fonts/dejavu-sans-fonts/DejaVuSans-Oblique.ttf', name='DejaVu Sans', style='oblique', variant='normal', weight=400, stretch='normal', size='scalable')) = 1.05
2025-03-09 13:57:56,826 :: DEBUG :: matplotlib.font_manager :: [23] -- findfont: score(FontEntry(fname='/usr/share/fonts/adobe-source-code-pro/SourceCodePro-Black.otf', name='Source Code Pro', style='normal', variant='normal', weight=900, stretch='normal', size='scalable')) = 10.525
2025-03-09 13:57:56,826 :: DEBUG :: matplotlib.font_manager :: [23] -- findfont: score(FontEntry(fname='/usr/share/fonts/adobe-source-code-pro/SourceCodePro-BoldIt.otf', name='Source Code Pro', style='italic', variant='normal', weight=700, stretch='normal', size='scalable')) = 11.335
2025-03-09 13:57:56,826 :: DEBUG :: matplotlib.font_manager :: [23] -- findfont: score(FontEntry(fname='/usr/share/fonts/cantarell/Cantarell-ExtraBold.otf', name='Cantarell', style='normal', variant='normal', weight=800, stretch='normal', size='scalable')) = 10.43
2025-03-09 13:57:56,826 :: DEBUG :: matplotlib.font_manager :: [23] -- findfont: score(FontEntry(fname='/usr/share/fonts/adobe-source-code-pro/SourceCodePro-Medium.otf', name='Source Code Pro', style='normal', variant='normal', weight=500, stretch='normal', size='scalable')) = 10.145
2025-03-09 13:57:56,826 :: DEBUG :: matplotlib.font_manager :: [23] -- findfont: score(FontEntry(fname='/usr/share/fonts/dejavu-sans-fonts/DejaVuSansCondensed-Oblique.ttf', name='DejaVu Sans', style='oblique', variant='normal', weight=400, stretch='condensed', size='scalable')) = 1.25
2025-03-09 13:57:56,826 :: DEBUG :: matplotlib.font_manager :: [23] -- findfont: score(FontEntry(fname='/usr/share/fonts/adobe-source-code-pro/SourceCodePro-BlackIt.otf', name='Source Code Pro', style='italic', variant='normal', weight=900, stretch='normal', size='scalable')) = 11.525
2025-03-09 13:57:56,826 :: DEBUG :: matplotlib.font_manager :: [23] -- findfont: score(FontEntry(fname='/usr/share/fonts/adobe-source-code-pro/SourceCodePro-It.otf', name='Source Code Pro', style='italic', variant='normal', weight=400, stretch='normal', size='scalable')) = 11.05
2025-03-09 13:57:56,826 :: DEBUG :: matplotlib.font_manager :: [23] -- findfont: score(FontEntry(fname='/usr/share/fonts/adobe-source-code-pro/SourceCodePro-Bold.otf', name='Source Code Pro', style='normal', variant='normal', weight=700, stretch='normal', size='scalable')) = 10.335
2025-03-09 13:57:56,826 :: DEBUG :: matplotlib.font_manager :: [23] -- findfont: score(FontEntry(fname='/usr/share/fonts/dejavu-sans-fonts/DejaVuSans-ExtraLight.ttf', name='DejaVu Sans', style='normal', variant='normal', weight=200, stretch='normal', size='scalable')) = 0.24
2025-03-09 13:57:56,826 :: DEBUG :: matplotlib.font_manager :: [23] -- findfont: score(FontEntry(fname='/usr/share/fonts/adobe-source-code-pro/SourceCodePro-ExtraLightIt.otf', name='Source Code Pro', style='italic', variant='normal', weight=200, stretch='normal', size='scalable')) = 11.24
2025-03-09 13:57:56,826 :: DEBUG :: matplotlib.font_manager :: [23] -- findfont: score(FontEntry(fname='/usr/share/fonts/adobe-source-code-pro/SourceCodePro-SemiboldIt.otf', name='Source Code Pro', style='italic', variant='normal', weight=600, stretch='normal', size='scalable')) = 11.24
2025-03-09 13:57:56,827 :: DEBUG :: matplotlib.font_manager :: [23] -- findfont: score(FontEntry(fname='/usr/share/fonts/adobe-source-code-pro/SourceCodePro-ExtraLight.otf', name='Source Code Pro', style='normal', variant='normal', weight=200, stretch='normal', size='scalable')) = 10.24
2025-03-09 13:57:56,827 :: DEBUG :: matplotlib.font_manager :: [23] -- findfont: score(FontEntry(fname='/usr/share/fonts/dejavu-sans-fonts/DejaVuSansCondensed-BoldOblique.ttf', name='DejaVu Sans', style='oblique', variant='normal', weight=700, stretch='condensed', size='scalable')) = 1.535
2025-03-09 13:57:56,827 :: DEBUG :: matplotlib.font_manager :: [23] -- findfont: score(FontEntry(fname='/usr/share/fonts/adobe-source-code-pro/SourceCodePro-Regular.otf', name='Source Code Pro', style='normal', variant='normal', weight=400, stretch='normal', size='scalable')) = 10.05
2025-03-09 13:57:56,827 :: DEBUG :: matplotlib.font_manager :: [23] -- findfont: score(FontEntry(fname='/usr/share/fonts/adobe-source-code-pro/SourceCodePro-Semibold.otf', name='Source Code Pro', style='normal', variant='normal', weight=600, stretch='normal', size='scalable')) = 10.24
2025-03-09 13:57:56,827 :: DEBUG :: matplotlib.font_manager :: [23] -- findfont: score(FontEntry(fname='/usr/share/fonts/dejavu-sans-fonts/DejaVuSansCondensed-Bold.ttf', name='DejaVu Sans', style='normal', variant='normal', weight=700, stretch='condensed', size='scalable')) = 0.5349999999999999
2025-03-09 13:57:56,827 :: DEBUG :: matplotlib.font_manager :: [23] -- findfont: score(FontEntry(fname='/usr/share/fonts/cantarell/Cantarell-Light.otf', name='Cantarell', style='normal', variant='normal', weight=300, stretch='normal', size='scalable')) = 10.145
2025-03-09 13:57:56,827 :: DEBUG :: matplotlib.font_manager :: [23] -- findfont: score(FontEntry(fname='/usr/share/fonts/cantarell/Cantarell-Thin.otf', name='Cantarell', style='normal', variant='normal', weight=100, stretch='normal', size='scalable')) = 10.335
2025-03-09 13:57:56,827 :: DEBUG :: matplotlib.font_manager :: [23] -- findfont: score(FontEntry(fname='/usr/share/fonts/adobe-source-code-pro/SourceCodePro-Light.otf', name='Source Code Pro', style='normal', variant='normal', weight=300, stretch='normal', size='scalable')) = 10.145
2025-03-09 13:57:56,827 :: DEBUG :: matplotlib.font_manager :: [23] -- findfont: score(FontEntry(fname='/usr/share/fonts/cantarell/Cantarell-Regular.otf', name='Cantarell', style='normal', variant='normal', weight=400, stretch='normal', size='scalable')) = 10.05
2025-03-09 13:57:56,827 :: DEBUG :: matplotlib.font_manager :: [23] -- findfont: score(FontEntry(fname='/usr/share/fonts/adobe-source-code-pro/SourceCodePro-LightIt.otf', name='Source Code Pro', style='italic', variant='normal', weight=300, stretch='normal', size='scalable')) = 11.145
2025-03-09 13:57:56,827 :: DEBUG :: matplotlib.font_manager :: [23] -- findfont: score(FontEntry(fname='/usr/share/fonts/cantarell/Cantarell-Bold.otf', name='Cantarell', style='normal', variant='normal', weight=700, stretch='normal', size='scalable')) = 10.335
2025-03-09 13:57:56,827 :: DEBUG :: matplotlib.font_manager :: [23] -- findfont: score(FontEntry(fname='/usr/share/fonts/dejavu-sans-fonts/DejaVuSans-BoldOblique.ttf', name='DejaVu Sans', style='oblique', variant='normal', weight=700, stretch='normal', size='scalable')) = 1.335
2025-03-09 13:57:56,827 :: DEBUG :: matplotlib.font_manager :: [23] -- findfont: score(FontEntry(fname='/usr/share/fonts/adobe-source-code-pro/SourceCodePro-MediumIt.otf', name='Source Code Pro', style='italic', variant='normal', weight=500, stretch='normal', size='scalable')) = 11.145
2025-03-09 13:57:56,828 :: DEBUG :: matplotlib.font_manager :: [23] -- findfont: Matching sans\-serif:style=normal:variant=normal:weight=normal:stretch=normal:size=10.0 to DejaVu Sans ('/u/mcarollo/.conda/envs/argo/lib/python3.10/site-packages/matplotlib/mpl-data/fonts/ttf/DejaVuSans.ttf') with score of 0.050000.
2025-03-09 13:58:16,781 :: INFO :: __main__ :: [23] -- Best test accuracy: tensor([21014.2676], device='cuda:0')
2025-03-09 13:58:16,819 :: INFO :: __main__ :: [23] -- Time taken to perform run: 0d0h3m26s
