2025-03-08 11:44:42,967 :: INFO :: __main__ :: [21] -- Starting fresh run
2025-03-08 11:44:44,152 :: INFO :: __main__ :: [21] -- Dataset partition sizes:
2025-03-08 11:44:44,152 :: INFO :: __main__ :: [21] -- DatasetType.EVO_TEST size -- 250
2025-03-08 11:44:44,152 :: INFO :: __main__ :: [21] -- DatasetType.VALIDATION size -- 250
2025-03-08 11:44:44,153 :: INFO :: __main__ :: [21] -- DatasetType.DOWNSTREAM_TRAIN size -- 1998
2025-03-08 11:44:44,153 :: INFO :: __main__ :: [21] -- DatasetType.TEST size -- 626
2025-03-08 11:44:44,153 :: INFO :: __main__ :: [21] -- Starting evolution for run 21
2025-03-08 11:44:44,153 :: INFO :: __main__ :: [21] -- PERFORMING PREDICTION FOR THE VARIABLE: NITRATE
2025-03-08 11:44:44,153 :: INFO :: evodenss.evolution.engine :: [21] -- Performing generation: 0
2025-03-08 11:44:44,153 :: INFO :: evodenss.evolution.engine :: [21] -- Creating the initial population
2025-03-08 11:44:44,174 :: INFO :: evodenss.networks.module :: [21] -- Using ARGO grammar for features module
2025-03-08 11:44:44,182 :: INFO :: evodenss.evolution.individual :: [21] -- -----> Starting evaluation for individual 0 for 1000 secs
2025-03-08 11:44:44,229 :: INFO :: evodenss.networks.evaluators :: [21] -- layer-1: 
layer0: :punctual_mlp input:-1 
layer1: :punctual_mlp input:-1 
layer2: :punctual_mlp input:-1 
layer3: :punctual_mlp input:-1 
layer4: :conv1d out_channels:64 kernel_size:2 stride:1 padding_deconv:2 bias:True act:selu internal_dropout_p:0.2 internal_batch_norm:True input:-1,0,1,2,3 
layer5: :conv1d out_channels:128 kernel_size:2 stride:2 padding_deconv:1 bias:True act:selu internal_dropout_p:0.2 internal_batch_norm:True input:4 
layer6: :conv1d out_channels:128 kernel_size:4 stride:1 padding_deconv:1 bias:True act:selu internal_dropout_p:0.2 internal_batch_norm:True input:5 
layer7: :conv1d out_channels:128 kernel_size:4 stride:1 padding_deconv:2 bias:True act:selu internal_dropout_p:0.2 internal_batch_norm:True input:6 
layer8: :deconv1d out_channels:128 kernel_size:2 stride:2 padding_deconv:2 internal_dropout_p:0.2 act:selu internal_batch_norm:True bias:True input:7 
layer9: :conv1d out_channels:128 kernel_size:3 stride:1 padding_deconv:1 bias:True act:selu internal_dropout_p:0.2 internal_batch_norm:True input:8 
layer10: :deconv1d out_channels:64 kernel_size:2 stride:2 padding_deconv:1 internal_dropout_p:0.2 act:selu internal_batch_norm:True bias:True input:9 
layer11: :conv1d out_channels:32 kernel_size:2 stride:2 padding_deconv:1 bias:True act:selu internal_dropout_p:0.2 internal_batch_norm:True input:10 
layer12: :conv1d out_channels:1 kernel_size:3 stride:1 padding_deconv:1 bias:True act:linear internal_batch_norm:False input:11 
layer13: :fc act:selu out_features:200 bias:True input:12 learning:adadelta batch_size:32 epochs:100
2025-03-08 11:44:45,354 :: DEBUG :: evodenss.train.trainers :: [21] -- Initiating supervised training
2025-03-08 11:44:45,355 :: DEBUG :: evodenss.train.trainers :: [21] -- Starting Downstream Epoch 0
2025-03-08 11:44:47,892 :: DEBUG :: evodenss.train.trainers :: [21] -- Loss: 344163.719
2025-03-08 11:44:47,892 :: DEBUG :: evodenss.train.trainers :: [21] -- =============================================================
2025-03-08 11:44:48,349 :: DEBUG :: evodenss.train.trainers :: [21] -- Starting Downstream Epoch 1
2025-03-08 11:44:49,635 :: DEBUG :: evodenss.train.trainers :: [21] -- Loss: 327268.125
2025-03-08 11:44:49,636 :: DEBUG :: evodenss.train.trainers :: [21] -- =============================================================
2025-03-08 11:44:49,987 :: DEBUG :: evodenss.train.trainers :: [21] -- Starting Downstream Epoch 2
2025-03-08 11:44:51,243 :: DEBUG :: evodenss.train.trainers :: [21] -- Loss: 243200.922
2025-03-08 11:44:51,244 :: DEBUG :: evodenss.train.trainers :: [21] -- =============================================================
2025-03-08 11:44:51,611 :: DEBUG :: evodenss.train.trainers :: [21] -- Starting Downstream Epoch 3
2025-03-08 11:44:52,889 :: DEBUG :: evodenss.train.trainers :: [21] -- Loss: 187519.891
2025-03-08 11:44:52,890 :: DEBUG :: evodenss.train.trainers :: [21] -- =============================================================
2025-03-08 11:44:53,246 :: DEBUG :: evodenss.train.trainers :: [21] -- Starting Downstream Epoch 4
2025-03-08 11:44:54,612 :: INFO :: evodenss.train.trainers :: [21] -- [1.28s] TRAIN epoch 4 -- loss: tensor([171415.5781], device='cuda:0', grad_fn=<AddBackward0>)
2025-03-08 11:44:54,612 :: DEBUG :: evodenss.train.trainers :: [21] -- Loss: 171415.578
2025-03-08 11:44:54,612 :: DEBUG :: evodenss.train.trainers :: [21] -- =============================================================
2025-03-08 11:44:55,002 :: DEBUG :: evodenss.train.trainers :: [21] -- Starting Downstream Epoch 5
2025-03-08 11:44:56,299 :: DEBUG :: evodenss.train.trainers :: [21] -- Loss: 164265.141
2025-03-08 11:44:56,299 :: DEBUG :: evodenss.train.trainers :: [21] -- =============================================================
2025-03-08 11:44:56,682 :: DEBUG :: evodenss.train.trainers :: [21] -- Starting Downstream Epoch 6
2025-03-08 11:44:57,964 :: DEBUG :: evodenss.train.trainers :: [21] -- Loss: 161601.5
2025-03-08 11:44:57,964 :: DEBUG :: evodenss.train.trainers :: [21] -- =============================================================
2025-03-08 11:44:58,342 :: DEBUG :: evodenss.train.trainers :: [21] -- Starting Downstream Epoch 7
2025-03-08 11:44:59,631 :: DEBUG :: evodenss.train.trainers :: [21] -- Loss: 158140.203
2025-03-08 11:44:59,632 :: DEBUG :: evodenss.train.trainers :: [21] -- =============================================================
2025-03-08 11:45:00,009 :: DEBUG :: evodenss.train.trainers :: [21] -- Starting Downstream Epoch 8
2025-03-08 11:45:01,307 :: DEBUG :: evodenss.train.trainers :: [21] -- Loss: 154407.391
2025-03-08 11:45:01,307 :: DEBUG :: evodenss.train.trainers :: [21] -- =============================================================
2025-03-08 11:45:01,687 :: DEBUG :: evodenss.train.trainers :: [21] -- Starting Downstream Epoch 9
2025-03-08 11:45:02,990 :: INFO :: evodenss.train.trainers :: [21] -- [1.3s] TRAIN epoch 9 -- loss: tensor([141050.1875], device='cuda:0', grad_fn=<AddBackward0>)
2025-03-08 11:45:02,990 :: DEBUG :: evodenss.train.trainers :: [21] -- Loss: 141050.188
2025-03-08 11:45:02,990 :: DEBUG :: evodenss.train.trainers :: [21] -- =============================================================
2025-03-08 11:45:03,393 :: DEBUG :: evodenss.train.trainers :: [21] -- Starting Downstream Epoch 10
2025-03-08 11:45:04,695 :: DEBUG :: evodenss.train.trainers :: [21] -- Loss: 120625.914
2025-03-08 11:45:04,695 :: DEBUG :: evodenss.train.trainers :: [21] -- =============================================================
2025-03-08 11:45:05,090 :: DEBUG :: evodenss.train.trainers :: [21] -- Starting Downstream Epoch 11
2025-03-08 11:45:06,388 :: DEBUG :: evodenss.train.trainers :: [21] -- Loss: 110246.117
2025-03-08 11:45:06,388 :: DEBUG :: evodenss.train.trainers :: [21] -- =============================================================
2025-03-08 11:45:06,764 :: DEBUG :: evodenss.train.trainers :: [21] -- Starting Downstream Epoch 12
2025-03-08 11:45:08,050 :: DEBUG :: evodenss.train.trainers :: [21] -- Loss: 103940.977
2025-03-08 11:45:08,050 :: DEBUG :: evodenss.train.trainers :: [21] -- =============================================================
2025-03-08 11:45:08,430 :: DEBUG :: evodenss.train.trainers :: [21] -- Starting Downstream Epoch 13
2025-03-08 11:45:09,709 :: DEBUG :: evodenss.train.trainers :: [21] -- Loss: 101058.438
2025-03-08 11:45:09,709 :: DEBUG :: evodenss.train.trainers :: [21] -- =============================================================
2025-03-08 11:45:10,090 :: DEBUG :: evodenss.train.trainers :: [21] -- Starting Downstream Epoch 14
2025-03-08 11:45:11,374 :: INFO :: evodenss.train.trainers :: [21] -- [1.28s] TRAIN epoch 14 -- loss: tensor([97040.5859], device='cuda:0', grad_fn=<AddBackward0>)
2025-03-08 11:45:11,374 :: DEBUG :: evodenss.train.trainers :: [21] -- Loss: 97040.586
2025-03-08 11:45:11,374 :: DEBUG :: evodenss.train.trainers :: [21] -- =============================================================
2025-03-08 11:45:11,755 :: DEBUG :: evodenss.train.trainers :: [21] -- Starting Downstream Epoch 15
2025-03-08 11:45:13,045 :: DEBUG :: evodenss.train.trainers :: [21] -- Loss: 95273.797
2025-03-08 11:45:13,045 :: DEBUG :: evodenss.train.trainers :: [21] -- =============================================================
2025-03-08 11:45:13,422 :: DEBUG :: evodenss.train.trainers :: [21] -- Starting Downstream Epoch 16
2025-03-08 11:45:14,714 :: DEBUG :: evodenss.train.trainers :: [21] -- Loss: 92198.531
2025-03-08 11:45:14,714 :: DEBUG :: evodenss.train.trainers :: [21] -- =============================================================
2025-03-08 11:45:15,097 :: DEBUG :: evodenss.train.trainers :: [21] -- Starting Downstream Epoch 17
2025-03-08 11:45:16,379 :: DEBUG :: evodenss.train.trainers :: [21] -- Loss: 91970.531
2025-03-08 11:45:16,379 :: DEBUG :: evodenss.train.trainers :: [21] -- =============================================================
2025-03-08 11:45:16,754 :: DEBUG :: evodenss.train.trainers :: [21] -- Starting Downstream Epoch 18
2025-03-08 11:45:18,034 :: DEBUG :: evodenss.train.trainers :: [21] -- Loss: 91062.008
2025-03-08 11:45:18,034 :: DEBUG :: evodenss.train.trainers :: [21] -- =============================================================
2025-03-08 11:45:18,413 :: DEBUG :: evodenss.train.trainers :: [21] -- Starting Downstream Epoch 19
2025-03-08 11:45:19,697 :: INFO :: evodenss.train.trainers :: [21] -- [1.28s] TRAIN epoch 19 -- loss: tensor([88115.5625], device='cuda:0', grad_fn=<AddBackward0>)
2025-03-08 11:45:19,697 :: DEBUG :: evodenss.train.trainers :: [21] -- Loss: 88115.562
2025-03-08 11:45:19,697 :: DEBUG :: evodenss.train.trainers :: [21] -- =============================================================
2025-03-08 11:45:20,080 :: DEBUG :: evodenss.train.trainers :: [21] -- Starting Downstream Epoch 20
2025-03-08 11:45:21,369 :: DEBUG :: evodenss.train.trainers :: [21] -- Loss: 87486.617
2025-03-08 11:45:21,369 :: DEBUG :: evodenss.train.trainers :: [21] -- =============================================================
2025-03-08 11:45:21,751 :: DEBUG :: evodenss.train.trainers :: [21] -- Starting Downstream Epoch 21
2025-03-08 11:45:23,039 :: DEBUG :: evodenss.train.trainers :: [21] -- Loss: 86172.688
2025-03-08 11:45:23,039 :: DEBUG :: evodenss.train.trainers :: [21] -- =============================================================
2025-03-08 11:45:23,430 :: DEBUG :: evodenss.train.trainers :: [21] -- Starting Downstream Epoch 22
2025-03-08 11:45:24,718 :: DEBUG :: evodenss.train.trainers :: [21] -- Loss: 85944.078
2025-03-08 11:45:24,718 :: DEBUG :: evodenss.train.trainers :: [21] -- =============================================================
2025-03-08 11:45:25,100 :: DEBUG :: evodenss.train.trainers :: [21] -- Starting Downstream Epoch 23
2025-03-08 11:45:26,310 :: DEBUG :: evodenss.train.trainers :: [21] -- Loss: 85298.266
2025-03-08 11:45:26,311 :: DEBUG :: evodenss.train.trainers :: [21] -- =============================================================
2025-03-08 11:45:26,691 :: DEBUG :: evodenss.train.trainers :: [21] -- Starting Downstream Epoch 24
2025-03-08 11:45:27,974 :: INFO :: evodenss.train.trainers :: [21] -- [1.28s] TRAIN epoch 24 -- loss: tensor([83496.7188], device='cuda:0', grad_fn=<AddBackward0>)
2025-03-08 11:45:27,975 :: DEBUG :: evodenss.train.trainers :: [21] -- Loss: 83496.719
2025-03-08 11:45:27,975 :: DEBUG :: evodenss.train.trainers :: [21] -- =============================================================
2025-03-08 11:45:28,356 :: DEBUG :: evodenss.train.trainers :: [21] -- Starting Downstream Epoch 25
2025-03-08 11:45:29,609 :: DEBUG :: evodenss.train.trainers :: [21] -- Loss: 83459.117
2025-03-08 11:45:29,609 :: DEBUG :: evodenss.train.trainers :: [21] -- =============================================================
2025-03-08 11:45:29,987 :: DEBUG :: evodenss.train.trainers :: [21] -- Starting Downstream Epoch 26
2025-03-08 11:45:31,276 :: DEBUG :: evodenss.train.trainers :: [21] -- Loss: 82103.156
2025-03-08 11:45:31,277 :: DEBUG :: evodenss.train.trainers :: [21] -- =============================================================
2025-03-08 11:45:31,660 :: DEBUG :: evodenss.train.trainers :: [21] -- Starting Downstream Epoch 27
2025-03-08 11:45:32,876 :: DEBUG :: evodenss.train.trainers :: [21] -- Loss: 82022.914
2025-03-08 11:45:32,877 :: DEBUG :: evodenss.train.trainers :: [21] -- =============================================================
2025-03-08 11:45:33,260 :: DEBUG :: evodenss.train.trainers :: [21] -- Starting Downstream Epoch 28
2025-03-08 11:45:34,539 :: DEBUG :: evodenss.train.trainers :: [21] -- Loss: 81947.25
2025-03-08 11:45:34,540 :: DEBUG :: evodenss.train.trainers :: [21] -- =============================================================
2025-03-08 11:45:34,920 :: DEBUG :: evodenss.train.trainers :: [21] -- Starting Downstream Epoch 29
2025-03-08 11:45:36,191 :: INFO :: evodenss.train.trainers :: [21] -- [1.27s] TRAIN epoch 29 -- loss: tensor([80279.0938], device='cuda:0', grad_fn=<AddBackward0>)
2025-03-08 11:45:36,192 :: DEBUG :: evodenss.train.trainers :: [21] -- Loss: 80279.094
2025-03-08 11:45:36,192 :: DEBUG :: evodenss.train.trainers :: [21] -- =============================================================
2025-03-08 11:45:36,573 :: DEBUG :: evodenss.train.trainers :: [21] -- Starting Downstream Epoch 30
2025-03-08 11:45:37,898 :: DEBUG :: evodenss.train.trainers :: [21] -- Loss: 80016.828
2025-03-08 11:45:37,898 :: DEBUG :: evodenss.train.trainers :: [21] -- =============================================================
2025-03-08 11:45:38,281 :: DEBUG :: evodenss.train.trainers :: [21] -- Starting Downstream Epoch 31
2025-03-08 11:45:39,573 :: DEBUG :: evodenss.train.trainers :: [21] -- Loss: 80094.281
2025-03-08 11:45:39,573 :: DEBUG :: evodenss.train.trainers :: [21] -- =============================================================
2025-03-08 11:45:39,960 :: DEBUG :: evodenss.train.trainers :: [21] -- Starting Downstream Epoch 32
2025-03-08 11:45:41,248 :: DEBUG :: evodenss.train.trainers :: [21] -- Loss: 78898.5
2025-03-08 11:45:41,248 :: DEBUG :: evodenss.train.trainers :: [21] -- =============================================================
2025-03-08 11:45:41,636 :: DEBUG :: evodenss.train.trainers :: [21] -- Starting Downstream Epoch 33
2025-03-08 11:45:42,863 :: DEBUG :: evodenss.train.trainers :: [21] -- Loss: 78270.969
2025-03-08 11:45:42,863 :: DEBUG :: evodenss.train.trainers :: [21] -- =============================================================
2025-03-08 11:45:43,243 :: DEBUG :: evodenss.train.trainers :: [21] -- Starting Downstream Epoch 34
2025-03-08 11:45:44,533 :: INFO :: evodenss.train.trainers :: [21] -- [1.29s] TRAIN epoch 34 -- loss: tensor([78340.5391], device='cuda:0', grad_fn=<AddBackward0>)
2025-03-08 11:45:44,533 :: DEBUG :: evodenss.train.trainers :: [21] -- Loss: 78340.539
2025-03-08 11:45:44,533 :: DEBUG :: evodenss.train.trainers :: [21] -- =============================================================
2025-03-08 11:45:44,915 :: DEBUG :: evodenss.train.trainers :: [21] -- Starting Downstream Epoch 35
2025-03-08 11:45:46,206 :: DEBUG :: evodenss.train.trainers :: [21] -- Loss: 77823.93
2025-03-08 11:45:46,206 :: DEBUG :: evodenss.train.trainers :: [21] -- =============================================================
2025-03-08 11:45:46,587 :: DEBUG :: evodenss.train.trainers :: [21] -- Starting Downstream Epoch 36
2025-03-08 11:45:47,869 :: DEBUG :: evodenss.train.trainers :: [21] -- Loss: 77039.602
2025-03-08 11:45:47,869 :: DEBUG :: evodenss.train.trainers :: [21] -- =============================================================
2025-03-08 11:45:48,251 :: DEBUG :: evodenss.train.trainers :: [21] -- Starting Downstream Epoch 37
2025-03-08 11:45:49,549 :: DEBUG :: evodenss.train.trainers :: [21] -- Loss: 77092.805
2025-03-08 11:45:49,549 :: DEBUG :: evodenss.train.trainers :: [21] -- =============================================================
2025-03-08 11:45:49,932 :: DEBUG :: evodenss.train.trainers :: [21] -- Starting Downstream Epoch 38
2025-03-08 11:45:51,216 :: DEBUG :: evodenss.train.trainers :: [21] -- Loss: 76798.758
2025-03-08 11:45:51,217 :: DEBUG :: evodenss.train.trainers :: [21] -- =============================================================
2025-03-08 11:45:51,606 :: DEBUG :: evodenss.train.trainers :: [21] -- Starting Downstream Epoch 39
2025-03-08 11:45:52,878 :: INFO :: evodenss.train.trainers :: [21] -- [1.27s] TRAIN epoch 39 -- loss: tensor([75985.0859], device='cuda:0', grad_fn=<AddBackward0>)
2025-03-08 11:45:52,879 :: DEBUG :: evodenss.train.trainers :: [21] -- Loss: 75985.086
2025-03-08 11:45:52,879 :: DEBUG :: evodenss.train.trainers :: [21] -- =============================================================
2025-03-08 11:45:53,257 :: DEBUG :: evodenss.train.trainers :: [21] -- Starting Downstream Epoch 40
2025-03-08 11:45:54,536 :: DEBUG :: evodenss.train.trainers :: [21] -- Loss: 74427.633
2025-03-08 11:45:54,536 :: DEBUG :: evodenss.train.trainers :: [21] -- =============================================================
2025-03-08 11:45:54,916 :: DEBUG :: evodenss.train.trainers :: [21] -- Starting Downstream Epoch 41
2025-03-08 11:45:56,204 :: DEBUG :: evodenss.train.trainers :: [21] -- Loss: 74452.469
2025-03-08 11:45:56,204 :: DEBUG :: evodenss.train.trainers :: [21] -- =============================================================
2025-03-08 11:45:56,591 :: DEBUG :: evodenss.train.trainers :: [21] -- Starting Downstream Epoch 42
2025-03-08 11:45:57,884 :: DEBUG :: evodenss.train.trainers :: [21] -- Loss: 74379.773
2025-03-08 11:45:57,884 :: DEBUG :: evodenss.train.trainers :: [21] -- =============================================================
2025-03-08 11:45:58,268 :: DEBUG :: evodenss.train.trainers :: [21] -- Starting Downstream Epoch 43
2025-03-08 11:45:59,559 :: DEBUG :: evodenss.train.trainers :: [21] -- Loss: 74880.641
2025-03-08 11:45:59,559 :: DEBUG :: evodenss.train.trainers :: [21] -- =============================================================
2025-03-08 11:45:59,943 :: DEBUG :: evodenss.train.trainers :: [21] -- Starting Downstream Epoch 44
2025-03-08 11:46:01,233 :: INFO :: evodenss.train.trainers :: [21] -- [1.29s] TRAIN epoch 44 -- loss: tensor([74180.8125], device='cuda:0', grad_fn=<AddBackward0>)
2025-03-08 11:46:01,233 :: DEBUG :: evodenss.train.trainers :: [21] -- Loss: 74180.812
2025-03-08 11:46:01,233 :: DEBUG :: evodenss.train.trainers :: [21] -- =============================================================
2025-03-08 11:46:01,618 :: DEBUG :: evodenss.train.trainers :: [21] -- Starting Downstream Epoch 45
2025-03-08 11:46:02,894 :: DEBUG :: evodenss.train.trainers :: [21] -- Loss: 73342.32
2025-03-08 11:46:02,894 :: DEBUG :: evodenss.train.trainers :: [21] -- =============================================================
2025-03-08 11:46:03,281 :: DEBUG :: evodenss.train.trainers :: [21] -- Starting Downstream Epoch 46
2025-03-08 11:46:04,565 :: DEBUG :: evodenss.train.trainers :: [21] -- Loss: 73117.719
2025-03-08 11:46:04,566 :: DEBUG :: evodenss.train.trainers :: [21] -- =============================================================
2025-03-08 11:46:04,945 :: DEBUG :: evodenss.train.trainers :: [21] -- Starting Downstream Epoch 47
2025-03-08 11:46:06,235 :: DEBUG :: evodenss.train.trainers :: [21] -- Loss: 72652.336
2025-03-08 11:46:06,235 :: DEBUG :: evodenss.train.trainers :: [21] -- =============================================================
2025-03-08 11:46:06,620 :: DEBUG :: evodenss.train.trainers :: [21] -- Starting Downstream Epoch 48
2025-03-08 11:46:07,895 :: DEBUG :: evodenss.train.trainers :: [21] -- Loss: 72840.164
2025-03-08 11:46:07,895 :: DEBUG :: evodenss.train.trainers :: [21] -- =============================================================
2025-03-08 11:46:08,283 :: DEBUG :: evodenss.train.trainers :: [21] -- Starting Downstream Epoch 49
2025-03-08 11:46:09,564 :: INFO :: evodenss.train.trainers :: [21] -- [1.28s] TRAIN epoch 49 -- loss: tensor([72943.3984], device='cuda:0', grad_fn=<AddBackward0>)
2025-03-08 11:46:09,564 :: DEBUG :: evodenss.train.trainers :: [21] -- Loss: 72943.398
2025-03-08 11:46:09,564 :: DEBUG :: evodenss.train.trainers :: [21] -- =============================================================
2025-03-08 11:46:09,950 :: DEBUG :: evodenss.train.trainers :: [21] -- Starting Downstream Epoch 50
2025-03-08 11:46:11,231 :: DEBUG :: evodenss.train.trainers :: [21] -- Loss: 72072.609
2025-03-08 11:46:11,231 :: DEBUG :: evodenss.train.trainers :: [21] -- =============================================================
2025-03-08 11:46:11,616 :: DEBUG :: evodenss.train.trainers :: [21] -- Starting Downstream Epoch 51
2025-03-08 11:46:12,907 :: DEBUG :: evodenss.train.trainers :: [21] -- Loss: 71848.852
2025-03-08 11:46:12,907 :: DEBUG :: evodenss.train.trainers :: [21] -- =============================================================
2025-03-08 11:46:13,286 :: DEBUG :: evodenss.train.trainers :: [21] -- Starting Downstream Epoch 52
2025-03-08 11:46:14,583 :: DEBUG :: evodenss.train.trainers :: [21] -- Loss: 71496.352
2025-03-08 11:46:14,583 :: DEBUG :: evodenss.train.trainers :: [21] -- =============================================================
2025-03-08 11:46:14,964 :: DEBUG :: evodenss.train.trainers :: [21] -- Starting Downstream Epoch 53
2025-03-08 11:46:16,238 :: DEBUG :: evodenss.train.trainers :: [21] -- Loss: 72626.828
2025-03-08 11:46:16,238 :: DEBUG :: evodenss.train.trainers :: [21] -- =============================================================
2025-03-08 11:46:16,616 :: DEBUG :: evodenss.train.trainers :: [21] -- Starting Downstream Epoch 54
2025-03-08 11:46:17,914 :: INFO :: evodenss.train.trainers :: [21] -- [1.3s] TRAIN epoch 54 -- loss: tensor([70986.8594], device='cuda:0', grad_fn=<AddBackward0>)
2025-03-08 11:46:17,914 :: DEBUG :: evodenss.train.trainers :: [21] -- Loss: 70986.859
2025-03-08 11:46:17,914 :: DEBUG :: evodenss.train.trainers :: [21] -- =============================================================
2025-03-08 11:46:18,305 :: DEBUG :: evodenss.train.trainers :: [21] -- Starting Downstream Epoch 55
2025-03-08 11:46:19,596 :: DEBUG :: evodenss.train.trainers :: [21] -- Loss: 71203.789
2025-03-08 11:46:19,597 :: DEBUG :: evodenss.train.trainers :: [21] -- =============================================================
2025-03-08 11:46:19,989 :: DEBUG :: evodenss.train.trainers :: [21] -- Starting Downstream Epoch 56
2025-03-08 11:46:21,264 :: DEBUG :: evodenss.train.trainers :: [21] -- Loss: 70824.898
2025-03-08 11:46:21,264 :: DEBUG :: evodenss.train.trainers :: [21] -- =============================================================
2025-03-08 11:46:21,652 :: DEBUG :: evodenss.train.trainers :: [21] -- Starting Downstream Epoch 57
2025-03-08 11:46:22,941 :: DEBUG :: evodenss.train.trainers :: [21] -- Loss: 71131.852
2025-03-08 11:46:22,941 :: DEBUG :: evodenss.train.trainers :: [21] -- =============================================================
2025-03-08 11:46:23,316 :: DEBUG :: evodenss.train.trainers :: [21] -- Starting Downstream Epoch 58
2025-03-08 11:46:24,530 :: DEBUG :: evodenss.train.trainers :: [21] -- Loss: 70240.977
2025-03-08 11:46:24,531 :: DEBUG :: evodenss.train.trainers :: [21] -- =============================================================
2025-03-08 11:46:24,916 :: DEBUG :: evodenss.train.trainers :: [21] -- Starting Downstream Epoch 59
2025-03-08 11:46:26,122 :: INFO :: evodenss.train.trainers :: [21] -- [1.2s] TRAIN epoch 59 -- loss: tensor([70101.4688], device='cuda:0', grad_fn=<AddBackward0>)
2025-03-08 11:46:26,123 :: DEBUG :: evodenss.train.trainers :: [21] -- Loss: 70101.469
2025-03-08 11:46:26,123 :: DEBUG :: evodenss.train.trainers :: [21] -- =============================================================
2025-03-08 11:46:26,509 :: DEBUG :: evodenss.train.trainers :: [21] -- Starting Downstream Epoch 60
2025-03-08 11:46:27,805 :: DEBUG :: evodenss.train.trainers :: [21] -- Loss: 69998.977
2025-03-08 11:46:27,805 :: DEBUG :: evodenss.train.trainers :: [21] -- =============================================================
2025-03-08 11:46:28,194 :: DEBUG :: evodenss.train.trainers :: [21] -- Starting Downstream Epoch 61
2025-03-08 11:46:29,490 :: DEBUG :: evodenss.train.trainers :: [21] -- Loss: 70082.203
2025-03-08 11:46:29,490 :: DEBUG :: evodenss.train.trainers :: [21] -- =============================================================
2025-03-08 11:46:29,889 :: DEBUG :: evodenss.train.trainers :: [21] -- Starting Downstream Epoch 62
2025-03-08 11:46:31,156 :: DEBUG :: evodenss.train.trainers :: [21] -- Loss: 69341.211
2025-03-08 11:46:31,156 :: DEBUG :: evodenss.train.trainers :: [21] -- =============================================================
2025-03-08 11:46:31,527 :: DEBUG :: evodenss.train.trainers :: [21] -- Starting Downstream Epoch 63
2025-03-08 11:46:32,818 :: DEBUG :: evodenss.train.trainers :: [21] -- Loss: 69757.664
2025-03-08 11:46:32,818 :: DEBUG :: evodenss.train.trainers :: [21] -- =============================================================
2025-03-08 11:46:33,203 :: DEBUG :: evodenss.train.trainers :: [21] -- Starting Downstream Epoch 64
2025-03-08 11:46:34,503 :: INFO :: evodenss.train.trainers :: [21] -- [1.3s] TRAIN epoch 64 -- loss: tensor([69117.8672], device='cuda:0', grad_fn=<AddBackward0>)
2025-03-08 11:46:34,503 :: DEBUG :: evodenss.train.trainers :: [21] -- Loss: 69117.867
2025-03-08 11:46:34,504 :: DEBUG :: evodenss.train.trainers :: [21] -- =============================================================
2025-03-08 11:46:34,888 :: DEBUG :: evodenss.train.trainers :: [21] -- Starting Downstream Epoch 65
2025-03-08 11:46:36,171 :: DEBUG :: evodenss.train.trainers :: [21] -- Loss: 69443.422
2025-03-08 11:46:36,171 :: DEBUG :: evodenss.train.trainers :: [21] -- =============================================================
2025-03-08 11:46:36,553 :: DEBUG :: evodenss.train.trainers :: [21] -- Starting Downstream Epoch 66
2025-03-08 11:46:37,843 :: DEBUG :: evodenss.train.trainers :: [21] -- Loss: 69209.586
2025-03-08 11:46:37,844 :: DEBUG :: evodenss.train.trainers :: [21] -- =============================================================
2025-03-08 11:46:38,232 :: DEBUG :: evodenss.train.trainers :: [21] -- Starting Downstream Epoch 67
2025-03-08 11:46:39,512 :: DEBUG :: evodenss.train.trainers :: [21] -- Loss: 69167.344
2025-03-08 11:46:39,512 :: DEBUG :: evodenss.train.trainers :: [21] -- =============================================================
2025-03-08 11:46:39,892 :: DEBUG :: evodenss.train.trainers :: [21] -- Starting Downstream Epoch 68
2025-03-08 11:46:41,665 :: DEBUG :: evodenss.train.trainers :: [21] -- Loss: 69454.281
2025-03-08 11:46:41,665 :: DEBUG :: evodenss.train.trainers :: [21] -- =============================================================
2025-03-08 11:46:42,054 :: DEBUG :: evodenss.train.trainers :: [21] -- Starting Downstream Epoch 69
2025-03-08 11:46:43,333 :: INFO :: evodenss.train.trainers :: [21] -- [1.28s] TRAIN epoch 69 -- loss: tensor([69556.5312], device='cuda:0', grad_fn=<AddBackward0>)
2025-03-08 11:46:43,334 :: DEBUG :: evodenss.train.trainers :: [21] -- Loss: 69556.531
2025-03-08 11:46:43,334 :: DEBUG :: evodenss.train.trainers :: [21] -- =============================================================
2025-03-08 11:46:43,710 :: DEBUG :: evodenss.train.trainers :: [21] -- Starting Downstream Epoch 70
2025-03-08 11:46:45,006 :: DEBUG :: evodenss.train.trainers :: [21] -- Loss: 68873.992
2025-03-08 11:46:45,007 :: DEBUG :: evodenss.train.trainers :: [21] -- =============================================================
2025-03-08 11:46:45,396 :: DEBUG :: evodenss.train.trainers :: [21] -- Starting Downstream Epoch 71
2025-03-08 11:46:46,673 :: DEBUG :: evodenss.train.trainers :: [21] -- Loss: 68218.086
2025-03-08 11:46:46,673 :: DEBUG :: evodenss.train.trainers :: [21] -- =============================================================
2025-03-08 11:46:47,059 :: DEBUG :: evodenss.train.trainers :: [21] -- Starting Downstream Epoch 72
2025-03-08 11:46:48,379 :: DEBUG :: evodenss.train.trainers :: [21] -- Loss: 68588.508
2025-03-08 11:46:48,379 :: DEBUG :: evodenss.train.trainers :: [21] -- =============================================================
2025-03-08 11:46:48,759 :: DEBUG :: evodenss.train.trainers :: [21] -- Starting Downstream Epoch 73
2025-03-08 11:46:50,045 :: DEBUG :: evodenss.train.trainers :: [21] -- Loss: 68411.867
2025-03-08 11:46:50,046 :: DEBUG :: evodenss.train.trainers :: [21] -- =============================================================
2025-03-08 11:46:50,427 :: DEBUG :: evodenss.train.trainers :: [21] -- Starting Downstream Epoch 74
2025-03-08 11:46:51,714 :: INFO :: evodenss.train.trainers :: [21] -- [1.29s] TRAIN epoch 74 -- loss: tensor([68483.1875], device='cuda:0', grad_fn=<AddBackward0>)
2025-03-08 11:46:51,714 :: DEBUG :: evodenss.train.trainers :: [21] -- Loss: 68483.188
2025-03-08 11:46:51,714 :: DEBUG :: evodenss.train.trainers :: [21] -- =============================================================
2025-03-08 11:46:52,100 :: DEBUG :: evodenss.train.trainers :: [21] -- Starting Downstream Epoch 75
2025-03-08 11:46:53,363 :: DEBUG :: evodenss.train.trainers :: [21] -- Loss: 68348.469
2025-03-08 11:46:53,363 :: DEBUG :: evodenss.train.trainers :: [21] -- =============================================================
2025-03-08 11:46:53,752 :: DEBUG :: evodenss.train.trainers :: [21] -- Starting Downstream Epoch 76
2025-03-08 11:46:55,029 :: DEBUG :: evodenss.train.trainers :: [21] -- Loss: 67702.164
2025-03-08 11:46:55,029 :: DEBUG :: evodenss.train.trainers :: [21] -- =============================================================
2025-03-08 11:46:55,402 :: DEBUG :: evodenss.train.trainers :: [21] -- Starting Downstream Epoch 77
2025-03-08 11:46:56,672 :: DEBUG :: evodenss.train.trainers :: [21] -- Loss: 67532.32
2025-03-08 11:46:56,673 :: DEBUG :: evodenss.train.trainers :: [21] -- =============================================================
2025-03-08 11:46:57,046 :: DEBUG :: evodenss.train.trainers :: [21] -- Starting Downstream Epoch 78
2025-03-08 11:46:58,315 :: DEBUG :: evodenss.train.trainers :: [21] -- Loss: 67592.227
2025-03-08 11:46:58,315 :: DEBUG :: evodenss.train.trainers :: [21] -- =============================================================
2025-03-08 11:46:58,695 :: DEBUG :: evodenss.train.trainers :: [21] -- Starting Downstream Epoch 79
2025-03-08 11:46:59,971 :: INFO :: evodenss.train.trainers :: [21] -- [1.27s] TRAIN epoch 79 -- loss: tensor([67658.7891], device='cuda:0', grad_fn=<AddBackward0>)
2025-03-08 11:46:59,972 :: DEBUG :: evodenss.train.trainers :: [21] -- Loss: 67658.789
2025-03-08 11:46:59,972 :: DEBUG :: evodenss.train.trainers :: [21] -- =============================================================
2025-03-08 11:47:00,357 :: DEBUG :: evodenss.train.trainers :: [21] -- Starting Downstream Epoch 80
2025-03-08 11:47:01,647 :: DEBUG :: evodenss.train.trainers :: [21] -- Loss: 67109.125
2025-03-08 11:47:01,647 :: DEBUG :: evodenss.train.trainers :: [21] -- =============================================================
2025-03-08 11:47:02,028 :: DEBUG :: evodenss.train.trainers :: [21] -- Starting Downstream Epoch 81
2025-03-08 11:47:03,320 :: DEBUG :: evodenss.train.trainers :: [21] -- Loss: 67120.852
2025-03-08 11:47:03,320 :: DEBUG :: evodenss.train.trainers :: [21] -- =============================================================
2025-03-08 11:47:03,703 :: DEBUG :: evodenss.train.trainers :: [21] -- Starting Downstream Epoch 82
2025-03-08 11:47:04,989 :: DEBUG :: evodenss.train.trainers :: [21] -- Loss: 67198.297
2025-03-08 11:47:04,989 :: DEBUG :: evodenss.train.trainers :: [21] -- =============================================================
2025-03-08 11:47:05,369 :: DEBUG :: evodenss.train.trainers :: [21] -- Starting Downstream Epoch 83
2025-03-08 11:47:06,656 :: DEBUG :: evodenss.train.trainers :: [21] -- Loss: 67523.883
2025-03-08 11:47:06,656 :: DEBUG :: evodenss.train.trainers :: [21] -- =============================================================
2025-03-08 11:47:07,026 :: DEBUG :: evodenss.train.trainers :: [21] -- Starting Downstream Epoch 84
2025-03-08 11:47:08,309 :: INFO :: evodenss.train.trainers :: [21] -- [1.28s] TRAIN epoch 84 -- loss: tensor([67195.5312], device='cuda:0', grad_fn=<AddBackward0>)
2025-03-08 11:47:08,309 :: DEBUG :: evodenss.train.trainers :: [21] -- Loss: 67195.531
2025-03-08 11:47:08,309 :: DEBUG :: evodenss.train.trainers :: [21] -- =============================================================
2025-03-08 11:47:08,690 :: DEBUG :: evodenss.train.trainers :: [21] -- Starting Downstream Epoch 85
2025-03-08 11:47:09,997 :: DEBUG :: evodenss.train.trainers :: [21] -- Loss: 66250.164
2025-03-08 11:47:09,997 :: DEBUG :: evodenss.train.trainers :: [21] -- =============================================================
2025-03-08 11:47:10,382 :: DEBUG :: evodenss.train.trainers :: [21] -- Starting Downstream Epoch 86
2025-03-08 11:47:11,670 :: DEBUG :: evodenss.train.trainers :: [21] -- Loss: 67323.078
2025-03-08 11:47:11,671 :: DEBUG :: evodenss.train.trainers :: [21] -- =============================================================
2025-03-08 11:47:12,049 :: DEBUG :: evodenss.train.trainers :: [21] -- Starting Downstream Epoch 87
2025-03-08 11:47:13,343 :: DEBUG :: evodenss.train.trainers :: [21] -- Loss: 66469.531
2025-03-08 11:47:13,343 :: DEBUG :: evodenss.train.trainers :: [21] -- =============================================================
2025-03-08 11:47:13,726 :: DEBUG :: evodenss.train.trainers :: [21] -- Starting Downstream Epoch 88
2025-03-08 11:47:14,984 :: DEBUG :: evodenss.train.trainers :: [21] -- Loss: 66698.0
2025-03-08 11:47:14,985 :: DEBUG :: evodenss.train.trainers :: [21] -- =============================================================
2025-03-08 11:47:15,366 :: DEBUG :: evodenss.train.trainers :: [21] -- Starting Downstream Epoch 89
2025-03-08 11:47:16,589 :: INFO :: evodenss.train.trainers :: [21] -- [1.22s] TRAIN epoch 89 -- loss: tensor([66111.6250], device='cuda:0', grad_fn=<AddBackward0>)
2025-03-08 11:47:16,589 :: DEBUG :: evodenss.train.trainers :: [21] -- Loss: 66111.625
2025-03-08 11:47:16,589 :: DEBUG :: evodenss.train.trainers :: [21] -- =============================================================
2025-03-08 11:47:16,972 :: DEBUG :: evodenss.train.trainers :: [21] -- Starting Downstream Epoch 90
2025-03-08 11:47:18,291 :: DEBUG :: evodenss.train.trainers :: [21] -- Loss: 66312.359
2025-03-08 11:47:18,292 :: DEBUG :: evodenss.train.trainers :: [21] -- =============================================================
2025-03-08 11:47:18,682 :: DEBUG :: evodenss.train.trainers :: [21] -- Starting Downstream Epoch 91
2025-03-08 11:47:19,988 :: DEBUG :: evodenss.train.trainers :: [21] -- Loss: 66379.953
2025-03-08 11:47:19,988 :: DEBUG :: evodenss.train.trainers :: [21] -- =============================================================
2025-03-08 11:47:20,372 :: DEBUG :: evodenss.train.trainers :: [21] -- Starting Downstream Epoch 92
2025-03-08 11:47:21,659 :: DEBUG :: evodenss.train.trainers :: [21] -- Loss: 66588.906
2025-03-08 11:47:21,659 :: DEBUG :: evodenss.train.trainers :: [21] -- =============================================================
2025-03-08 11:47:22,040 :: DEBUG :: evodenss.train.trainers :: [21] -- Starting Downstream Epoch 93
2025-03-08 11:47:23,316 :: DEBUG :: evodenss.train.trainers :: [21] -- Loss: 66133.188
2025-03-08 11:47:23,317 :: DEBUG :: evodenss.train.trainers :: [21] -- =============================================================
2025-03-08 11:47:23,694 :: DEBUG :: evodenss.train.trainers :: [21] -- Starting Downstream Epoch 94
2025-03-08 11:47:24,985 :: INFO :: evodenss.train.trainers :: [21] -- [1.29s] TRAIN epoch 94 -- loss: tensor([65908.7734], device='cuda:0', grad_fn=<AddBackward0>)
2025-03-08 11:47:24,985 :: DEBUG :: evodenss.train.trainers :: [21] -- Loss: 65908.773
2025-03-08 11:47:24,985 :: DEBUG :: evodenss.train.trainers :: [21] -- =============================================================
2025-03-08 11:47:25,361 :: DEBUG :: evodenss.train.trainers :: [21] -- Starting Downstream Epoch 95
2025-03-08 11:47:26,638 :: DEBUG :: evodenss.train.trainers :: [21] -- Loss: 66112.141
2025-03-08 11:47:26,639 :: DEBUG :: evodenss.train.trainers :: [21] -- =============================================================
2025-03-08 11:47:27,017 :: DEBUG :: evodenss.train.trainers :: [21] -- Starting Downstream Epoch 96
2025-03-08 11:47:28,298 :: DEBUG :: evodenss.train.trainers :: [21] -- Loss: 66142.039
2025-03-08 11:47:28,298 :: DEBUG :: evodenss.train.trainers :: [21] -- =============================================================
2025-03-08 11:47:28,675 :: DEBUG :: evodenss.train.trainers :: [21] -- Starting Downstream Epoch 97
2025-03-08 11:47:29,954 :: DEBUG :: evodenss.train.trainers :: [21] -- Loss: 66168.961
2025-03-08 11:47:29,955 :: DEBUG :: evodenss.train.trainers :: [21] -- =============================================================
2025-03-08 11:47:30,332 :: DEBUG :: evodenss.train.trainers :: [21] -- Starting Downstream Epoch 98
2025-03-08 11:47:31,615 :: DEBUG :: evodenss.train.trainers :: [21] -- Loss: 65912.094
2025-03-08 11:47:31,615 :: DEBUG :: evodenss.train.trainers :: [21] -- =============================================================
2025-03-08 11:47:31,996 :: DEBUG :: evodenss.train.trainers :: [21] -- Starting Downstream Epoch 99
2025-03-08 11:47:33,275 :: INFO :: evodenss.train.trainers :: [21] -- [1.28s] TRAIN epoch 99 -- loss: tensor([65509.6250], device='cuda:0', grad_fn=<AddBackward0>)
2025-03-08 11:47:33,276 :: DEBUG :: evodenss.train.trainers :: [21] -- Loss: 65509.625
2025-03-08 11:47:33,276 :: DEBUG :: evodenss.train.trainers :: [21] -- =============================================================
2025-03-08 11:47:34,070 :: INFO :: evodenss.train.losses :: [21] -- FITNESS LOSS: mse: 1117.787109375
2025-03-08 11:47:34,071 :: INFO :: evodenss.train.losses :: [21] -- FITNESS LOSS: l2_reg: 0.022757766768336296
2025-03-08 11:47:34,071 :: INFO :: evodenss.train.losses :: [21] -- FITNESS LOSS: smoothness: 1.295360803604126
2025-03-08 11:47:34,071 :: INFO :: evodenss.train.losses :: [21] -- FITNESS LOSS: peak_difference: 0.0
2025-03-08 11:47:34,071 :: INFO :: evodenss.train.losses :: [21] -- FITNESS LOSS: parameters_penalty: 0.009756606617174169
2025-03-08 11:47:34,071 :: INFO :: evodenss.train.losses :: [21] -- FITNESS LOSS: total: 1119.114990234375
2025-03-08 11:47:34,072 :: INFO :: evodenss.train.losses :: [21] -- FITNESS LOSS: percentage mse: 0.9988134503364563, percentage l2_reg: 2.033550299529452e-05, percentage smoothness: 0.0011574868112802505, percentage peak_difference: 0.0, percentage parameters_penalty: 8.718145181774162e-06
2025-03-08 11:47:34,081 :: INFO :: evodenss.train.losses :: [21] -- FITNESS LOSS: mse: 883.2633056640625
2025-03-08 11:47:34,081 :: INFO :: evodenss.train.losses :: [21] -- FITNESS LOSS: l2_reg: 0.022757766768336296
2025-03-08 11:47:34,081 :: INFO :: evodenss.train.losses :: [21] -- FITNESS LOSS: smoothness: 1.2570255994796753
2025-03-08 11:47:34,081 :: INFO :: evodenss.train.losses :: [21] -- FITNESS LOSS: peak_difference: 0.0
2025-03-08 11:47:34,081 :: INFO :: evodenss.train.losses :: [21] -- FITNESS LOSS: parameters_penalty: 0.009756606617174169
2025-03-08 11:47:34,081 :: INFO :: evodenss.train.losses :: [21] -- FITNESS LOSS: total: 884.5528564453125
2025-03-08 11:47:34,082 :: INFO :: evodenss.train.losses :: [21] -- FITNESS LOSS: percentage mse: 0.9985421299934387, percentage l2_reg: 2.572798985056579e-05, percentage smoothness: 0.0014210859080776572, percentage peak_difference: 0.0, percentage parameters_penalty: 1.1029987035726663e-05
2025-03-08 11:47:34,090 :: INFO :: evodenss.train.losses :: [21] -- FITNESS LOSS: mse: 1023.344482421875
2025-03-08 11:47:34,090 :: INFO :: evodenss.train.losses :: [21] -- FITNESS LOSS: l2_reg: 0.022757766768336296
2025-03-08 11:47:34,090 :: INFO :: evodenss.train.losses :: [21] -- FITNESS LOSS: smoothness: 1.2397050857543945
2025-03-08 11:47:34,091 :: INFO :: evodenss.train.losses :: [21] -- FITNESS LOSS: peak_difference: 0.0
2025-03-08 11:47:34,091 :: INFO :: evodenss.train.losses :: [21] -- FITNESS LOSS: parameters_penalty: 0.009756606617174169
2025-03-08 11:47:34,091 :: INFO :: evodenss.train.losses :: [21] -- FITNESS LOSS: total: 1024.61669921875
2025-03-08 11:47:34,091 :: INFO :: evodenss.train.losses :: [21] -- FITNESS LOSS: percentage mse: 0.9987583756446838, percentage l2_reg: 2.2211004761629738e-05, percentage smoothness: 0.0012099208543077111, percentage peak_difference: 0.0, percentage parameters_penalty: 9.522202162770554e-06
2025-03-08 11:47:34,099 :: INFO :: evodenss.train.losses :: [21] -- FITNESS LOSS: mse: 1213.82177734375
2025-03-08 11:47:34,099 :: INFO :: evodenss.train.losses :: [21] -- FITNESS LOSS: l2_reg: 0.022757766768336296
2025-03-08 11:47:34,100 :: INFO :: evodenss.train.losses :: [21] -- FITNESS LOSS: smoothness: 1.2793854475021362
2025-03-08 11:47:34,100 :: INFO :: evodenss.train.losses :: [21] -- FITNESS LOSS: peak_difference: 0.0
2025-03-08 11:47:34,100 :: INFO :: evodenss.train.losses :: [21] -- FITNESS LOSS: parameters_penalty: 0.009756606617174169
2025-03-08 11:47:34,100 :: INFO :: evodenss.train.losses :: [21] -- FITNESS LOSS: total: 1215.1336669921875
2025-03-08 11:47:34,100 :: INFO :: evodenss.train.losses :: [21] -- FITNESS LOSS: percentage mse: 0.9989203810691833, percentage l2_reg: 1.8728611394180916e-05, percentage smoothness: 0.0010528763523325324, percentage peak_difference: 0.0, percentage parameters_penalty: 8.029245691432152e-06
2025-03-08 11:47:34,108 :: INFO :: evodenss.train.losses :: [21] -- FITNESS LOSS: mse: 776.96923828125
2025-03-08 11:47:34,109 :: INFO :: evodenss.train.losses :: [21] -- FITNESS LOSS: l2_reg: 0.022757766768336296
2025-03-08 11:47:34,109 :: INFO :: evodenss.train.losses :: [21] -- FITNESS LOSS: smoothness: 1.2973259687423706
2025-03-08 11:47:34,109 :: INFO :: evodenss.train.losses :: [21] -- FITNESS LOSS: peak_difference: 0.0
2025-03-08 11:47:34,109 :: INFO :: evodenss.train.losses :: [21] -- FITNESS LOSS: parameters_penalty: 0.009756606617174169
2025-03-08 11:47:34,109 :: INFO :: evodenss.train.losses :: [21] -- FITNESS LOSS: total: 778.299072265625
2025-03-08 11:47:34,109 :: INFO :: evodenss.train.losses :: [21] -- FITNESS LOSS: percentage mse: 0.9982913732528687, percentage l2_reg: 2.9240387448226102e-05, percentage smoothness: 0.001666873344220221, percentage peak_difference: 0.0, percentage parameters_penalty: 1.253580649063224e-05
2025-03-08 11:47:34,118 :: INFO :: evodenss.train.losses :: [21] -- FITNESS LOSS: mse: 812.2821044921875
2025-03-08 11:47:34,118 :: INFO :: evodenss.train.losses :: [21] -- FITNESS LOSS: l2_reg: 0.022757766768336296
2025-03-08 11:47:34,118 :: INFO :: evodenss.train.losses :: [21] -- FITNESS LOSS: smoothness: 1.296742558479309
2025-03-08 11:47:34,118 :: INFO :: evodenss.train.losses :: [21] -- FITNESS LOSS: peak_difference: 0.0
2025-03-08 11:47:34,118 :: INFO :: evodenss.train.losses :: [21] -- FITNESS LOSS: parameters_penalty: 0.009756606617174169
2025-03-08 11:47:34,118 :: INFO :: evodenss.train.losses :: [21] -- FITNESS LOSS: total: 813.6113891601562
2025-03-08 11:47:34,118 :: INFO :: evodenss.train.losses :: [21] -- FITNESS LOSS: percentage mse: 0.9983661770820618, percentage l2_reg: 2.7971298550255597e-05, percentage smoothness: 0.0015938107389956713, percentage peak_difference: 0.0, percentage parameters_penalty: 1.199172947963234e-05
2025-03-08 11:47:34,127 :: INFO :: evodenss.train.losses :: [21] -- FITNESS LOSS: mse: 1261.502197265625
2025-03-08 11:47:34,127 :: INFO :: evodenss.train.losses :: [21] -- FITNESS LOSS: l2_reg: 0.022757766768336296
2025-03-08 11:47:34,127 :: INFO :: evodenss.train.losses :: [21] -- FITNESS LOSS: smoothness: 1.2027623653411865
2025-03-08 11:47:34,127 :: INFO :: evodenss.train.losses :: [21] -- FITNESS LOSS: peak_difference: 0.0
2025-03-08 11:47:34,127 :: INFO :: evodenss.train.losses :: [21] -- FITNESS LOSS: parameters_penalty: 0.009756606617174169
2025-03-08 11:47:34,127 :: INFO :: evodenss.train.losses :: [21] -- FITNESS LOSS: total: 1262.7374267578125
2025-03-08 11:47:34,127 :: INFO :: evodenss.train.losses :: [21] -- FITNESS LOSS: percentage mse: 0.9990217685699463, percentage l2_reg: 1.802256520022638e-05, percentage smoothness: 0.0009525039349682629, percentage peak_difference: 0.0, percentage parameters_penalty: 7.726553121756297e-06
2025-03-08 11:47:34,136 :: INFO :: evodenss.train.losses :: [21] -- FITNESS LOSS: mse: 691.8499755859375
2025-03-08 11:47:34,136 :: INFO :: evodenss.train.losses :: [21] -- FITNESS LOSS: l2_reg: 0.022757766768336296
2025-03-08 11:47:34,136 :: INFO :: evodenss.train.losses :: [21] -- FITNESS LOSS: smoothness: 1.0028481483459473
2025-03-08 11:47:34,136 :: INFO :: evodenss.train.losses :: [21] -- FITNESS LOSS: peak_difference: 0.0
2025-03-08 11:47:34,136 :: INFO :: evodenss.train.losses :: [21] -- FITNESS LOSS: parameters_penalty: 0.009756606617174169
2025-03-08 11:47:34,136 :: INFO :: evodenss.train.losses :: [21] -- FITNESS LOSS: total: 692.8853759765625
2025-03-08 11:47:34,136 :: INFO :: evodenss.train.losses :: [21] -- FITNESS LOSS: percentage mse: 0.9985056519508362, percentage l2_reg: 3.2844924135133624e-05, percentage smoothness: 0.0014473507180809975, percentage peak_difference: 0.0, percentage parameters_penalty: 1.4081127119425219e-05
2025-03-08 11:47:34,175 :: INFO :: evodenss.evolution.engine :: [21] -- Selecting the fittest individual
2025-03-08 11:47:34,175 :: INFO :: evodenss.evolution.operators.selection :: [21] -- Parent: idx: 0, id: 0
2025-03-08 11:47:34,175 :: INFO :: evodenss.evolution.operators.selection :: [21] -- Training times: [1000]
2025-03-08 11:47:34,175 :: INFO :: evodenss.evolution.operators.selection :: [21] -- ids: [0]
2025-03-08 11:47:34,182 :: INFO :: evodenss.evolution.engine :: [21] -- Fitnesses: [7790.95166]
2025-03-08 11:47:34,493 :: INFO :: evodenss.train.losses :: [21] -- FITNESS LOSS: mse: 2606.0244140625
2025-03-08 11:47:34,493 :: INFO :: evodenss.train.losses :: [21] -- FITNESS LOSS: l2_reg: 0.022757766768336296
2025-03-08 11:47:34,493 :: INFO :: evodenss.train.losses :: [21] -- FITNESS LOSS: smoothness: 2.512209177017212
2025-03-08 11:47:34,494 :: INFO :: evodenss.train.losses :: [21] -- FITNESS LOSS: peak_difference: 0.0
2025-03-08 11:47:34,494 :: INFO :: evodenss.train.losses :: [21] -- FITNESS LOSS: parameters_penalty: 0.009756606617174169
2025-03-08 11:47:34,494 :: INFO :: evodenss.train.losses :: [21] -- FITNESS LOSS: total: 2608.569091796875
2025-03-08 11:47:34,494 :: INFO :: evodenss.train.losses :: [21] -- FITNESS LOSS: percentage mse: 0.999024510383606, percentage l2_reg: 8.724234248802532e-06, percentage smoothness: 0.0009630602435208857, percentage peak_difference: 0.0, percentage parameters_penalty: 3.740214197023306e-06
2025-03-08 11:47:34,519 :: INFO :: evodenss.train.losses :: [21] -- FITNESS LOSS: mse: 1931.086669921875
2025-03-08 11:47:34,520 :: INFO :: evodenss.train.losses :: [21] -- FITNESS LOSS: l2_reg: 0.022757766768336296
2025-03-08 11:47:34,520 :: INFO :: evodenss.train.losses :: [21] -- FITNESS LOSS: smoothness: 2.5386962890625
2025-03-08 11:47:34,520 :: INFO :: evodenss.train.losses :: [21] -- FITNESS LOSS: peak_difference: 0.0
2025-03-08 11:47:34,520 :: INFO :: evodenss.train.losses :: [21] -- FITNESS LOSS: parameters_penalty: 0.009756606617174169
2025-03-08 11:47:34,520 :: INFO :: evodenss.train.losses :: [21] -- FITNESS LOSS: total: 1933.6578369140625
2025-03-08 11:47:34,520 :: INFO :: evodenss.train.losses :: [21] -- FITNESS LOSS: percentage mse: 0.9986702799797058, percentage l2_reg: 1.1769283446483314e-05, percentage smoothness: 0.0013128983555361629, percentage peak_difference: 0.0, percentage parameters_penalty: 5.0456737881177105e-06
2025-03-08 11:47:34,545 :: INFO :: evodenss.train.losses :: [21] -- FITNESS LOSS: mse: 1714.1229248046875
2025-03-08 11:47:34,546 :: INFO :: evodenss.train.losses :: [21] -- FITNESS LOSS: l2_reg: 0.022757766768336296
2025-03-08 11:47:34,546 :: INFO :: evodenss.train.losses :: [21] -- FITNESS LOSS: smoothness: 2.590665340423584
2025-03-08 11:47:34,546 :: INFO :: evodenss.train.losses :: [21] -- FITNESS LOSS: peak_difference: 0.0
2025-03-08 11:47:34,546 :: INFO :: evodenss.train.losses :: [21] -- FITNESS LOSS: parameters_penalty: 0.009756606617174169
2025-03-08 11:47:34,546 :: INFO :: evodenss.train.losses :: [21] -- FITNESS LOSS: total: 1716.74609375
2025-03-08 11:47:34,546 :: INFO :: evodenss.train.losses :: [21] -- FITNESS LOSS: percentage mse: 0.9984720349311829, percentage l2_reg: 1.3256338206701912e-05, percentage smoothness: 0.0015090556116774678, percentage peak_difference: 0.0, percentage parameters_penalty: 5.683197741745971e-06
2025-03-08 11:47:34,571 :: INFO :: evodenss.train.losses :: [21] -- FITNESS LOSS: mse: 1744.0438232421875
2025-03-08 11:47:34,571 :: INFO :: evodenss.train.losses :: [21] -- FITNESS LOSS: l2_reg: 0.022757766768336296
2025-03-08 11:47:34,572 :: INFO :: evodenss.train.losses :: [21] -- FITNESS LOSS: smoothness: 2.593991756439209
2025-03-08 11:47:34,572 :: INFO :: evodenss.train.losses :: [21] -- FITNESS LOSS: peak_difference: 0.0
2025-03-08 11:47:34,572 :: INFO :: evodenss.train.losses :: [21] -- FITNESS LOSS: parameters_penalty: 0.009756606617174169
2025-03-08 11:47:34,572 :: INFO :: evodenss.train.losses :: [21] -- FITNESS LOSS: total: 1746.6702880859375
2025-03-08 11:47:34,572 :: INFO :: evodenss.train.losses :: [21] -- FITNESS LOSS: percentage mse: 0.9984962940216064, percentage l2_reg: 1.3029229194216896e-05, percentage smoothness: 0.0014851066516712308, percentage peak_difference: 0.0, percentage parameters_penalty: 5.585832241195021e-06
2025-03-08 11:47:34,598 :: INFO :: evodenss.train.losses :: [21] -- FITNESS LOSS: mse: 1685.7447509765625
2025-03-08 11:47:34,598 :: INFO :: evodenss.train.losses :: [21] -- FITNESS LOSS: l2_reg: 0.022757766768336296
2025-03-08 11:47:34,598 :: INFO :: evodenss.train.losses :: [21] -- FITNESS LOSS: smoothness: 2.563779354095459
2025-03-08 11:47:34,598 :: INFO :: evodenss.train.losses :: [21] -- FITNESS LOSS: peak_difference: 0.0
2025-03-08 11:47:34,598 :: INFO :: evodenss.train.losses :: [21] -- FITNESS LOSS: parameters_penalty: 0.009756606617174169
2025-03-08 11:47:34,598 :: INFO :: evodenss.train.losses :: [21] -- FITNESS LOSS: total: 1688.3409423828125
2025-03-08 11:47:34,599 :: INFO :: evodenss.train.losses :: [21] -- FITNESS LOSS: percentage mse: 0.9984622597694397, percentage l2_reg: 1.3479366316460073e-05, percentage smoothness: 0.001518519944511354, percentage peak_difference: 0.0, percentage parameters_penalty: 5.778812919743359e-06
2025-03-08 11:47:34,623 :: INFO :: evodenss.train.losses :: [21] -- FITNESS LOSS: mse: 2307.693115234375
2025-03-08 11:47:34,623 :: INFO :: evodenss.train.losses :: [21] -- FITNESS LOSS: l2_reg: 0.022757766768336296
2025-03-08 11:47:34,623 :: INFO :: evodenss.train.losses :: [21] -- FITNESS LOSS: smoothness: 2.5656230449676514
2025-03-08 11:47:34,624 :: INFO :: evodenss.train.losses :: [21] -- FITNESS LOSS: peak_difference: 0.0
2025-03-08 11:47:34,624 :: INFO :: evodenss.train.losses :: [21] -- FITNESS LOSS: parameters_penalty: 0.009756606617174169
2025-03-08 11:47:34,624 :: INFO :: evodenss.train.losses :: [21] -- FITNESS LOSS: total: 2310.291259765625
2025-03-08 11:47:34,624 :: INFO :: evodenss.train.losses :: [21] -- FITNESS LOSS: percentage mse: 0.9988753795623779, percentage l2_reg: 9.850605238170829e-06, percentage smoothness: 0.0011105192825198174, percentage peak_difference: 0.0, percentage parameters_penalty: 4.223106770950835e-06
2025-03-08 11:47:34,649 :: INFO :: evodenss.train.losses :: [21] -- FITNESS LOSS: mse: 2399.6337890625
2025-03-08 11:47:34,649 :: INFO :: evodenss.train.losses :: [21] -- FITNESS LOSS: l2_reg: 0.022757766768336296
2025-03-08 11:47:34,649 :: INFO :: evodenss.train.losses :: [21] -- FITNESS LOSS: smoothness: 2.4955008029937744
2025-03-08 11:47:34,649 :: INFO :: evodenss.train.losses :: [21] -- FITNESS LOSS: peak_difference: 0.0
2025-03-08 11:47:34,649 :: INFO :: evodenss.train.losses :: [21] -- FITNESS LOSS: parameters_penalty: 0.009756606617174169
2025-03-08 11:47:34,649 :: INFO :: evodenss.train.losses :: [21] -- FITNESS LOSS: total: 2402.161865234375
2025-03-08 11:47:34,650 :: INFO :: evodenss.train.losses :: [21] -- FITNESS LOSS: percentage mse: 0.9989475607872009, percentage l2_reg: 9.473868885834236e-06, percentage smoothness: 0.001038856222294271, percentage peak_difference: 0.0, percentage parameters_penalty: 4.06159415433649e-06
2025-03-08 11:47:34,674 :: INFO :: evodenss.train.losses :: [21] -- FITNESS LOSS: mse: 2169.511962890625
2025-03-08 11:47:34,674 :: INFO :: evodenss.train.losses :: [21] -- FITNESS LOSS: l2_reg: 0.022757766768336296
2025-03-08 11:47:34,675 :: INFO :: evodenss.train.losses :: [21] -- FITNESS LOSS: smoothness: 2.602037191390991
2025-03-08 11:47:34,675 :: INFO :: evodenss.train.losses :: [21] -- FITNESS LOSS: peak_difference: 0.0
2025-03-08 11:47:34,675 :: INFO :: evodenss.train.losses :: [21] -- FITNESS LOSS: parameters_penalty: 0.009756606617174169
2025-03-08 11:47:34,675 :: INFO :: evodenss.train.losses :: [21] -- FITNESS LOSS: total: 2172.146484375
2025-03-08 11:47:34,675 :: INFO :: evodenss.train.losses :: [21] -- FITNESS LOSS: percentage mse: 0.9987871050834656, percentage l2_reg: 1.0477087016624864e-05, percentage smoothness: 0.00119791051838547, percentage peak_difference: 0.0, percentage parameters_penalty: 4.491689196584048e-06
2025-03-08 11:47:34,700 :: INFO :: evodenss.train.losses :: [21] -- FITNESS LOSS: mse: 2180.10595703125
2025-03-08 11:47:34,700 :: INFO :: evodenss.train.losses :: [21] -- FITNESS LOSS: l2_reg: 0.022757766768336296
2025-03-08 11:47:34,700 :: INFO :: evodenss.train.losses :: [21] -- FITNESS LOSS: smoothness: 2.520458936691284
2025-03-08 11:47:34,700 :: INFO :: evodenss.train.losses :: [21] -- FITNESS LOSS: peak_difference: 0.0
2025-03-08 11:47:34,700 :: INFO :: evodenss.train.losses :: [21] -- FITNESS LOSS: parameters_penalty: 0.009756606617174169
2025-03-08 11:47:34,700 :: INFO :: evodenss.train.losses :: [21] -- FITNESS LOSS: total: 2182.658935546875
2025-03-08 11:47:34,701 :: INFO :: evodenss.train.losses :: [21] -- FITNESS LOSS: percentage mse: 0.9988303184509277, percentage l2_reg: 1.0426625522086397e-05, percentage smoothness: 0.0011547653703019023, percentage peak_difference: 0.0, percentage parameters_penalty: 4.470055500860326e-06
2025-03-08 11:47:34,817 :: INFO :: evodenss.train.losses :: [21] -- FITNESS LOSS: mse: 1961.4989013671875
2025-03-08 11:47:34,817 :: INFO :: evodenss.train.losses :: [21] -- FITNESS LOSS: l2_reg: 0.022757766768336296
2025-03-08 11:47:34,817 :: INFO :: evodenss.train.losses :: [21] -- FITNESS LOSS: smoothness: 2.008867025375366
2025-03-08 11:47:34,817 :: INFO :: evodenss.train.losses :: [21] -- FITNESS LOSS: peak_difference: 0.0
2025-03-08 11:47:34,817 :: INFO :: evodenss.train.losses :: [21] -- FITNESS LOSS: parameters_penalty: 0.009756606617174169
2025-03-08 11:47:34,817 :: INFO :: evodenss.train.losses :: [21] -- FITNESS LOSS: total: 1963.540283203125
2025-03-08 11:47:34,817 :: INFO :: evodenss.train.losses :: [21] -- FITNESS LOSS: percentage mse: 0.9989603757858276, percentage l2_reg: 1.1590170288400259e-05, percentage smoothness: 0.001023084158077836, percentage peak_difference: 0.0, percentage parameters_penalty: 4.968885605194373e-06
2025-03-08 11:47:34,819 :: INFO :: evodenss.evolution.engine :: [21] -- Generation best test fitness: tensor([20724.7832], device='cuda:0')
2025-03-08 11:47:34,819 :: INFO :: evodenss.evolution.engine :: [21] -- Best fitness of generation 0: 7790.95166
2025-03-08 11:47:34,819 :: INFO :: evodenss.evolution.engine :: [21] -- Best overall fitness: 7790.95166



2025-03-08 11:47:34,883 :: INFO :: __main__ :: [21] -- Printing the best individual in the current run.

2025-03-08 11:47:35,371 :: DEBUG :: matplotlib.pyplot :: [21] -- Loaded backend agg version v2.2.
2025-03-08 11:47:35,379 :: DEBUG :: matplotlib.font_manager :: [21] -- findfont: Matching sans\-serif:style=normal:variant=normal:weight=normal:stretch=normal:size=10.0.
2025-03-08 11:47:35,380 :: DEBUG :: matplotlib.font_manager :: [21] -- findfont: score(FontEntry(fname='/u/mcarollo/.conda/envs/argo/lib/python3.10/site-packages/matplotlib/mpl-data/fonts/ttf/cmb10.ttf', name='cmb10', style='normal', variant='normal', weight=400, stretch='normal', size='scalable')) = 10.05
2025-03-08 11:47:35,380 :: DEBUG :: matplotlib.font_manager :: [21] -- findfont: score(FontEntry(fname='/u/mcarollo/.conda/envs/argo/lib/python3.10/site-packages/matplotlib/mpl-data/fonts/ttf/DejaVuSansMono-BoldOblique.ttf', name='DejaVu Sans Mono', style='oblique', variant='normal', weight=700, stretch='normal', size='scalable')) = 11.335
2025-03-08 11:47:35,381 :: DEBUG :: matplotlib.font_manager :: [21] -- findfont: score(FontEntry(fname='/u/mcarollo/.conda/envs/argo/lib/python3.10/site-packages/matplotlib/mpl-data/fonts/ttf/STIXNonUniIta.ttf', name='STIXNonUnicode', style='italic', variant='normal', weight=400, stretch='normal', size='scalable')) = 11.05
2025-03-08 11:47:35,381 :: DEBUG :: matplotlib.font_manager :: [21] -- findfont: score(FontEntry(fname='/u/mcarollo/.conda/envs/argo/lib/python3.10/site-packages/matplotlib/mpl-data/fonts/ttf/DejaVuSansMono-Bold.ttf', name='DejaVu Sans Mono', style='normal', variant='normal', weight=700, stretch='normal', size='scalable')) = 10.335
2025-03-08 11:47:35,381 :: DEBUG :: matplotlib.font_manager :: [21] -- findfont: score(FontEntry(fname='/u/mcarollo/.conda/envs/argo/lib/python3.10/site-packages/matplotlib/mpl-data/fonts/ttf/DejaVuSans.ttf', name='DejaVu Sans', style='normal', variant='normal', weight=400, stretch='normal', size='scalable')) = 0.05
2025-03-08 11:47:35,381 :: DEBUG :: matplotlib.font_manager :: [21] -- findfont: score(FontEntry(fname='/u/mcarollo/.conda/envs/argo/lib/python3.10/site-packages/matplotlib/mpl-data/fonts/ttf/DejaVuSansMono-Oblique.ttf', name='DejaVu Sans Mono', style='oblique', variant='normal', weight=400, stretch='normal', size='scalable')) = 11.05
2025-03-08 11:47:35,381 :: DEBUG :: matplotlib.font_manager :: [21] -- findfont: score(FontEntry(fname='/u/mcarollo/.conda/envs/argo/lib/python3.10/site-packages/matplotlib/mpl-data/fonts/ttf/cmr10.ttf', name='cmr10', style='normal', variant='normal', weight=400, stretch='normal', size='scalable')) = 10.05
2025-03-08 11:47:35,381 :: DEBUG :: matplotlib.font_manager :: [21] -- findfont: score(FontEntry(fname='/u/mcarollo/.conda/envs/argo/lib/python3.10/site-packages/matplotlib/mpl-data/fonts/ttf/STIXGeneralBolIta.ttf', name='STIXGeneral', style='italic', variant='normal', weight=700, stretch='normal', size='scalable')) = 11.335
2025-03-08 11:47:35,381 :: DEBUG :: matplotlib.font_manager :: [21] -- findfont: score(FontEntry(fname='/u/mcarollo/.conda/envs/argo/lib/python3.10/site-packages/matplotlib/mpl-data/fonts/ttf/cmex10.ttf', name='cmex10', style='normal', variant='normal', weight=400, stretch='normal', size='scalable')) = 10.05
2025-03-08 11:47:35,381 :: DEBUG :: matplotlib.font_manager :: [21] -- findfont: score(FontEntry(fname='/u/mcarollo/.conda/envs/argo/lib/python3.10/site-packages/matplotlib/mpl-data/fonts/ttf/STIXSizFiveSymReg.ttf', name='STIXSizeFiveSym', style='normal', variant='normal', weight=400, stretch='normal', size='scalable')) = 10.05
2025-03-08 11:47:35,381 :: DEBUG :: matplotlib.font_manager :: [21] -- findfont: score(FontEntry(fname='/u/mcarollo/.conda/envs/argo/lib/python3.10/site-packages/matplotlib/mpl-data/fonts/ttf/STIXSizFourSymReg.ttf', name='STIXSizeFourSym', style='normal', variant='normal', weight=400, stretch='normal', size='scalable')) = 10.05
2025-03-08 11:47:35,381 :: DEBUG :: matplotlib.font_manager :: [21] -- findfont: score(FontEntry(fname='/u/mcarollo/.conda/envs/argo/lib/python3.10/site-packages/matplotlib/mpl-data/fonts/ttf/STIXSizOneSymBol.ttf', name='STIXSizeOneSym', style='normal', variant='normal', weight=700, stretch='normal', size='scalable')) = 10.335
2025-03-08 11:47:35,381 :: DEBUG :: matplotlib.font_manager :: [21] -- findfont: score(FontEntry(fname='/u/mcarollo/.conda/envs/argo/lib/python3.10/site-packages/matplotlib/mpl-data/fonts/ttf/cmtt10.ttf', name='cmtt10', style='normal', variant='normal', weight=400, stretch='normal', size='scalable')) = 10.05
2025-03-08 11:47:35,381 :: DEBUG :: matplotlib.font_manager :: [21] -- findfont: score(FontEntry(fname='/u/mcarollo/.conda/envs/argo/lib/python3.10/site-packages/matplotlib/mpl-data/fonts/ttf/DejaVuSansDisplay.ttf', name='DejaVu Sans Display', style='normal', variant='normal', weight=400, stretch='normal', size='scalable')) = 10.05
2025-03-08 11:47:35,381 :: DEBUG :: matplotlib.font_manager :: [21] -- findfont: score(FontEntry(fname='/u/mcarollo/.conda/envs/argo/lib/python3.10/site-packages/matplotlib/mpl-data/fonts/ttf/STIXGeneralItalic.ttf', name='STIXGeneral', style='italic', variant='normal', weight=400, stretch='normal', size='scalable')) = 11.05
2025-03-08 11:47:35,382 :: DEBUG :: matplotlib.font_manager :: [21] -- findfont: score(FontEntry(fname='/u/mcarollo/.conda/envs/argo/lib/python3.10/site-packages/matplotlib/mpl-data/fonts/ttf/STIXNonUniBolIta.ttf', name='STIXNonUnicode', style='italic', variant='normal', weight=700, stretch='normal', size='scalable')) = 11.335
2025-03-08 11:47:35,382 :: DEBUG :: matplotlib.font_manager :: [21] -- findfont: score(FontEntry(fname='/u/mcarollo/.conda/envs/argo/lib/python3.10/site-packages/matplotlib/mpl-data/fonts/ttf/STIXSizThreeSymBol.ttf', name='STIXSizeThreeSym', style='normal', variant='normal', weight=700, stretch='normal', size='scalable')) = 10.335
2025-03-08 11:47:35,382 :: DEBUG :: matplotlib.font_manager :: [21] -- findfont: score(FontEntry(fname='/u/mcarollo/.conda/envs/argo/lib/python3.10/site-packages/matplotlib/mpl-data/fonts/ttf/DejaVuSerif-Bold.ttf', name='DejaVu Serif', style='normal', variant='normal', weight=700, stretch='normal', size='scalable')) = 10.335
2025-03-08 11:47:35,382 :: DEBUG :: matplotlib.font_manager :: [21] -- findfont: score(FontEntry(fname='/u/mcarollo/.conda/envs/argo/lib/python3.10/site-packages/matplotlib/mpl-data/fonts/ttf/cmsy10.ttf', name='cmsy10', style='normal', variant='normal', weight=400, stretch='normal', size='scalable')) = 10.05
2025-03-08 11:47:35,382 :: DEBUG :: matplotlib.font_manager :: [21] -- findfont: score(FontEntry(fname='/u/mcarollo/.conda/envs/argo/lib/python3.10/site-packages/matplotlib/mpl-data/fonts/ttf/DejaVuSans-Bold.ttf', name='DejaVu Sans', style='normal', variant='normal', weight=700, stretch='normal', size='scalable')) = 0.33499999999999996
2025-03-08 11:47:35,382 :: DEBUG :: matplotlib.font_manager :: [21] -- findfont: score(FontEntry(fname='/u/mcarollo/.conda/envs/argo/lib/python3.10/site-packages/matplotlib/mpl-data/fonts/ttf/DejaVuSerifDisplay.ttf', name='DejaVu Serif Display', style='normal', variant='normal', weight=400, stretch='normal', size='scalable')) = 10.05
2025-03-08 11:47:35,382 :: DEBUG :: matplotlib.font_manager :: [21] -- findfont: score(FontEntry(fname='/u/mcarollo/.conda/envs/argo/lib/python3.10/site-packages/matplotlib/mpl-data/fonts/ttf/DejaVuSans-Oblique.ttf', name='DejaVu Sans', style='oblique', variant='normal', weight=400, stretch='normal', size='scalable')) = 1.05
2025-03-08 11:47:35,382 :: DEBUG :: matplotlib.font_manager :: [21] -- findfont: score(FontEntry(fname='/u/mcarollo/.conda/envs/argo/lib/python3.10/site-packages/matplotlib/mpl-data/fonts/ttf/STIXSizThreeSymReg.ttf', name='STIXSizeThreeSym', style='normal', variant='normal', weight=400, stretch='normal', size='scalable')) = 10.05
2025-03-08 11:47:35,382 :: DEBUG :: matplotlib.font_manager :: [21] -- findfont: score(FontEntry(fname='/u/mcarollo/.conda/envs/argo/lib/python3.10/site-packages/matplotlib/mpl-data/fonts/ttf/DejaVuSerif-Italic.ttf', name='DejaVu Serif', style='italic', variant='normal', weight=400, stretch='normal', size='scalable')) = 11.05
2025-03-08 11:47:35,382 :: DEBUG :: matplotlib.font_manager :: [21] -- findfont: score(FontEntry(fname='/u/mcarollo/.conda/envs/argo/lib/python3.10/site-packages/matplotlib/mpl-data/fonts/ttf/STIXSizTwoSymReg.ttf', name='STIXSizeTwoSym', style='normal', variant='normal', weight=400, stretch='normal', size='scalable')) = 10.05
2025-03-08 11:47:35,382 :: DEBUG :: matplotlib.font_manager :: [21] -- findfont: score(FontEntry(fname='/u/mcarollo/.conda/envs/argo/lib/python3.10/site-packages/matplotlib/mpl-data/fonts/ttf/STIXNonUniBol.ttf', name='STIXNonUnicode', style='normal', variant='normal', weight=700, stretch='normal', size='scalable')) = 10.335
2025-03-08 11:47:35,382 :: DEBUG :: matplotlib.font_manager :: [21] -- findfont: score(FontEntry(fname='/u/mcarollo/.conda/envs/argo/lib/python3.10/site-packages/matplotlib/mpl-data/fonts/ttf/STIXNonUni.ttf', name='STIXNonUnicode', style='normal', variant='normal', weight=400, stretch='normal', size='scalable')) = 10.05
2025-03-08 11:47:35,382 :: DEBUG :: matplotlib.font_manager :: [21] -- findfont: score(FontEntry(fname='/u/mcarollo/.conda/envs/argo/lib/python3.10/site-packages/matplotlib/mpl-data/fonts/ttf/STIXSizOneSymReg.ttf', name='STIXSizeOneSym', style='normal', variant='normal', weight=400, stretch='normal', size='scalable')) = 10.05
2025-03-08 11:47:35,383 :: DEBUG :: matplotlib.font_manager :: [21] -- findfont: score(FontEntry(fname='/u/mcarollo/.conda/envs/argo/lib/python3.10/site-packages/matplotlib/mpl-data/fonts/ttf/STIXGeneral.ttf', name='STIXGeneral', style='normal', variant='normal', weight=400, stretch='normal', size='scalable')) = 10.05
2025-03-08 11:47:35,383 :: DEBUG :: matplotlib.font_manager :: [21] -- findfont: score(FontEntry(fname='/u/mcarollo/.conda/envs/argo/lib/python3.10/site-packages/matplotlib/mpl-data/fonts/ttf/DejaVuSerif-BoldItalic.ttf', name='DejaVu Serif', style='italic', variant='normal', weight=700, stretch='normal', size='scalable')) = 11.335
2025-03-08 11:47:35,383 :: DEBUG :: matplotlib.font_manager :: [21] -- findfont: score(FontEntry(fname='/u/mcarollo/.conda/envs/argo/lib/python3.10/site-packages/matplotlib/mpl-data/fonts/ttf/STIXSizTwoSymBol.ttf', name='STIXSizeTwoSym', style='normal', variant='normal', weight=700, stretch='normal', size='scalable')) = 10.335
2025-03-08 11:47:35,383 :: DEBUG :: matplotlib.font_manager :: [21] -- findfont: score(FontEntry(fname='/u/mcarollo/.conda/envs/argo/lib/python3.10/site-packages/matplotlib/mpl-data/fonts/ttf/STIXGeneralBol.ttf', name='STIXGeneral', style='normal', variant='normal', weight=700, stretch='normal', size='scalable')) = 10.335
2025-03-08 11:47:35,383 :: DEBUG :: matplotlib.font_manager :: [21] -- findfont: score(FontEntry(fname='/u/mcarollo/.conda/envs/argo/lib/python3.10/site-packages/matplotlib/mpl-data/fonts/ttf/STIXSizFourSymBol.ttf', name='STIXSizeFourSym', style='normal', variant='normal', weight=700, stretch='normal', size='scalable')) = 10.335
2025-03-08 11:47:35,383 :: DEBUG :: matplotlib.font_manager :: [21] -- findfont: score(FontEntry(fname='/u/mcarollo/.conda/envs/argo/lib/python3.10/site-packages/matplotlib/mpl-data/fonts/ttf/DejaVuSansMono.ttf', name='DejaVu Sans Mono', style='normal', variant='normal', weight=400, stretch='normal', size='scalable')) = 10.05
2025-03-08 11:47:35,383 :: DEBUG :: matplotlib.font_manager :: [21] -- findfont: score(FontEntry(fname='/u/mcarollo/.conda/envs/argo/lib/python3.10/site-packages/matplotlib/mpl-data/fonts/ttf/DejaVuSerif.ttf', name='DejaVu Serif', style='normal', variant='normal', weight=400, stretch='normal', size='scalable')) = 10.05
2025-03-08 11:47:35,383 :: DEBUG :: matplotlib.font_manager :: [21] -- findfont: score(FontEntry(fname='/u/mcarollo/.conda/envs/argo/lib/python3.10/site-packages/matplotlib/mpl-data/fonts/ttf/cmmi10.ttf', name='cmmi10', style='normal', variant='normal', weight=400, stretch='normal', size='scalable')) = 10.05
2025-03-08 11:47:35,383 :: DEBUG :: matplotlib.font_manager :: [21] -- findfont: score(FontEntry(fname='/u/mcarollo/.conda/envs/argo/lib/python3.10/site-packages/matplotlib/mpl-data/fonts/ttf/cmss10.ttf', name='cmss10', style='normal', variant='normal', weight=400, stretch='normal', size='scalable')) = 10.05
2025-03-08 11:47:35,383 :: DEBUG :: matplotlib.font_manager :: [21] -- findfont: score(FontEntry(fname='/u/mcarollo/.conda/envs/argo/lib/python3.10/site-packages/matplotlib/mpl-data/fonts/ttf/DejaVuSans-BoldOblique.ttf', name='DejaVu Sans', style='oblique', variant='normal', weight=700, stretch='normal', size='scalable')) = 1.335
2025-03-08 11:47:35,383 :: DEBUG :: matplotlib.font_manager :: [21] -- findfont: score(FontEntry(fname='/usr/share/fonts/dejavu-sans-fonts/DejaVuSansCondensed.ttf', name='DejaVu Sans', style='normal', variant='normal', weight=400, stretch='condensed', size='scalable')) = 0.25
2025-03-08 11:47:35,383 :: DEBUG :: matplotlib.font_manager :: [21] -- findfont: score(FontEntry(fname='/usr/share/fonts/dejavu-sans-fonts/DejaVuSans-Bold.ttf', name='DejaVu Sans', style='normal', variant='normal', weight=700, stretch='normal', size='scalable')) = 0.33499999999999996
2025-03-08 11:47:35,383 :: DEBUG :: matplotlib.font_manager :: [21] -- findfont: score(FontEntry(fname='/usr/share/fonts/dejavu-sans-fonts/DejaVuSans.ttf', name='DejaVu Sans', style='normal', variant='normal', weight=400, stretch='normal', size='scalable')) = 0.05
2025-03-08 11:47:35,384 :: DEBUG :: matplotlib.font_manager :: [21] -- findfont: score(FontEntry(fname='/usr/share/fonts/dejavu-sans-fonts/DejaVuSans-Oblique.ttf', name='DejaVu Sans', style='oblique', variant='normal', weight=400, stretch='normal', size='scalable')) = 1.05
2025-03-08 11:47:35,384 :: DEBUG :: matplotlib.font_manager :: [21] -- findfont: score(FontEntry(fname='/usr/share/fonts/adobe-source-code-pro/SourceCodePro-Black.otf', name='Source Code Pro', style='normal', variant='normal', weight=900, stretch='normal', size='scalable')) = 10.525
2025-03-08 11:47:35,384 :: DEBUG :: matplotlib.font_manager :: [21] -- findfont: score(FontEntry(fname='/usr/share/fonts/adobe-source-code-pro/SourceCodePro-BoldIt.otf', name='Source Code Pro', style='italic', variant='normal', weight=700, stretch='normal', size='scalable')) = 11.335
2025-03-08 11:47:35,384 :: DEBUG :: matplotlib.font_manager :: [21] -- findfont: score(FontEntry(fname='/usr/share/fonts/cantarell/Cantarell-ExtraBold.otf', name='Cantarell', style='normal', variant='normal', weight=800, stretch='normal', size='scalable')) = 10.43
2025-03-08 11:47:35,384 :: DEBUG :: matplotlib.font_manager :: [21] -- findfont: score(FontEntry(fname='/usr/share/fonts/adobe-source-code-pro/SourceCodePro-Medium.otf', name='Source Code Pro', style='normal', variant='normal', weight=500, stretch='normal', size='scalable')) = 10.145
2025-03-08 11:47:35,384 :: DEBUG :: matplotlib.font_manager :: [21] -- findfont: score(FontEntry(fname='/usr/share/fonts/dejavu-sans-fonts/DejaVuSansCondensed-Oblique.ttf', name='DejaVu Sans', style='oblique', variant='normal', weight=400, stretch='condensed', size='scalable')) = 1.25
2025-03-08 11:47:35,384 :: DEBUG :: matplotlib.font_manager :: [21] -- findfont: score(FontEntry(fname='/usr/share/fonts/adobe-source-code-pro/SourceCodePro-BlackIt.otf', name='Source Code Pro', style='italic', variant='normal', weight=900, stretch='normal', size='scalable')) = 11.525
2025-03-08 11:47:35,384 :: DEBUG :: matplotlib.font_manager :: [21] -- findfont: score(FontEntry(fname='/usr/share/fonts/adobe-source-code-pro/SourceCodePro-It.otf', name='Source Code Pro', style='italic', variant='normal', weight=400, stretch='normal', size='scalable')) = 11.05
2025-03-08 11:47:35,384 :: DEBUG :: matplotlib.font_manager :: [21] -- findfont: score(FontEntry(fname='/usr/share/fonts/adobe-source-code-pro/SourceCodePro-Bold.otf', name='Source Code Pro', style='normal', variant='normal', weight=700, stretch='normal', size='scalable')) = 10.335
2025-03-08 11:47:35,384 :: DEBUG :: matplotlib.font_manager :: [21] -- findfont: score(FontEntry(fname='/usr/share/fonts/dejavu-sans-fonts/DejaVuSans-ExtraLight.ttf', name='DejaVu Sans', style='normal', variant='normal', weight=200, stretch='normal', size='scalable')) = 0.24
2025-03-08 11:47:35,384 :: DEBUG :: matplotlib.font_manager :: [21] -- findfont: score(FontEntry(fname='/usr/share/fonts/adobe-source-code-pro/SourceCodePro-ExtraLightIt.otf', name='Source Code Pro', style='italic', variant='normal', weight=200, stretch='normal', size='scalable')) = 11.24
2025-03-08 11:47:35,384 :: DEBUG :: matplotlib.font_manager :: [21] -- findfont: score(FontEntry(fname='/usr/share/fonts/adobe-source-code-pro/SourceCodePro-SemiboldIt.otf', name='Source Code Pro', style='italic', variant='normal', weight=600, stretch='normal', size='scalable')) = 11.24
2025-03-08 11:47:35,384 :: DEBUG :: matplotlib.font_manager :: [21] -- findfont: score(FontEntry(fname='/usr/share/fonts/adobe-source-code-pro/SourceCodePro-ExtraLight.otf', name='Source Code Pro', style='normal', variant='normal', weight=200, stretch='normal', size='scalable')) = 10.24
2025-03-08 11:47:35,385 :: DEBUG :: matplotlib.font_manager :: [21] -- findfont: score(FontEntry(fname='/usr/share/fonts/dejavu-sans-fonts/DejaVuSansCondensed-BoldOblique.ttf', name='DejaVu Sans', style='oblique', variant='normal', weight=700, stretch='condensed', size='scalable')) = 1.535
2025-03-08 11:47:35,385 :: DEBUG :: matplotlib.font_manager :: [21] -- findfont: score(FontEntry(fname='/usr/share/fonts/adobe-source-code-pro/SourceCodePro-Regular.otf', name='Source Code Pro', style='normal', variant='normal', weight=400, stretch='normal', size='scalable')) = 10.05
2025-03-08 11:47:35,385 :: DEBUG :: matplotlib.font_manager :: [21] -- findfont: score(FontEntry(fname='/usr/share/fonts/adobe-source-code-pro/SourceCodePro-Semibold.otf', name='Source Code Pro', style='normal', variant='normal', weight=600, stretch='normal', size='scalable')) = 10.24
2025-03-08 11:47:35,385 :: DEBUG :: matplotlib.font_manager :: [21] -- findfont: score(FontEntry(fname='/usr/share/fonts/dejavu-sans-fonts/DejaVuSansCondensed-Bold.ttf', name='DejaVu Sans', style='normal', variant='normal', weight=700, stretch='condensed', size='scalable')) = 0.5349999999999999
2025-03-08 11:47:35,385 :: DEBUG :: matplotlib.font_manager :: [21] -- findfont: score(FontEntry(fname='/usr/share/fonts/cantarell/Cantarell-Light.otf', name='Cantarell', style='normal', variant='normal', weight=300, stretch='normal', size='scalable')) = 10.145
2025-03-08 11:47:35,385 :: DEBUG :: matplotlib.font_manager :: [21] -- findfont: score(FontEntry(fname='/usr/share/fonts/cantarell/Cantarell-Thin.otf', name='Cantarell', style='normal', variant='normal', weight=100, stretch='normal', size='scalable')) = 10.335
2025-03-08 11:47:35,385 :: DEBUG :: matplotlib.font_manager :: [21] -- findfont: score(FontEntry(fname='/usr/share/fonts/adobe-source-code-pro/SourceCodePro-Light.otf', name='Source Code Pro', style='normal', variant='normal', weight=300, stretch='normal', size='scalable')) = 10.145
2025-03-08 11:47:35,385 :: DEBUG :: matplotlib.font_manager :: [21] -- findfont: score(FontEntry(fname='/usr/share/fonts/cantarell/Cantarell-Regular.otf', name='Cantarell', style='normal', variant='normal', weight=400, stretch='normal', size='scalable')) = 10.05
2025-03-08 11:47:35,385 :: DEBUG :: matplotlib.font_manager :: [21] -- findfont: score(FontEntry(fname='/usr/share/fonts/adobe-source-code-pro/SourceCodePro-LightIt.otf', name='Source Code Pro', style='italic', variant='normal', weight=300, stretch='normal', size='scalable')) = 11.145
2025-03-08 11:47:35,385 :: DEBUG :: matplotlib.font_manager :: [21] -- findfont: score(FontEntry(fname='/usr/share/fonts/cantarell/Cantarell-Bold.otf', name='Cantarell', style='normal', variant='normal', weight=700, stretch='normal', size='scalable')) = 10.335
2025-03-08 11:47:35,385 :: DEBUG :: matplotlib.font_manager :: [21] -- findfont: score(FontEntry(fname='/usr/share/fonts/dejavu-sans-fonts/DejaVuSans-BoldOblique.ttf', name='DejaVu Sans', style='oblique', variant='normal', weight=700, stretch='normal', size='scalable')) = 1.335
2025-03-08 11:47:35,385 :: DEBUG :: matplotlib.font_manager :: [21] -- findfont: score(FontEntry(fname='/usr/share/fonts/adobe-source-code-pro/SourceCodePro-MediumIt.otf', name='Source Code Pro', style='italic', variant='normal', weight=500, stretch='normal', size='scalable')) = 11.145
2025-03-08 11:47:35,385 :: DEBUG :: matplotlib.font_manager :: [21] -- findfont: Matching sans\-serif:style=normal:variant=normal:weight=normal:stretch=normal:size=10.0 to DejaVu Sans ('/u/mcarollo/.conda/envs/argo/lib/python3.10/site-packages/matplotlib/mpl-data/fonts/ttf/DejaVuSans.ttf') with score of 0.050000.
2025-03-08 11:48:14,269 :: INFO :: evodenss.train.losses :: [21] -- FITNESS LOSS: mse: 1784.594482421875
2025-03-08 11:48:14,269 :: INFO :: evodenss.train.losses :: [21] -- FITNESS LOSS: l2_reg: 0.022757766768336296
2025-03-08 11:48:14,269 :: INFO :: evodenss.train.losses :: [21] -- FITNESS LOSS: smoothness: 2.562868595123291
2025-03-08 11:48:14,269 :: INFO :: evodenss.train.losses :: [21] -- FITNESS LOSS: peak_difference: 0.0
2025-03-08 11:48:14,269 :: INFO :: evodenss.train.losses :: [21] -- FITNESS LOSS: parameters_penalty: 0.009756606617174169
2025-03-08 11:48:14,269 :: INFO :: evodenss.train.losses :: [21] -- FITNESS LOSS: total: 1787.1898193359375
2025-03-08 11:48:14,270 :: INFO :: evodenss.train.losses :: [21] -- FITNESS LOSS: percentage mse: 0.9985477924346924, percentage l2_reg: 1.2733827134070452e-05, percentage smoothness: 0.001434021512977779, percentage peak_difference: 0.0, percentage parameters_penalty: 5.459189196699299e-06
2025-03-08 11:48:14,291 :: INFO :: evodenss.train.losses :: [21] -- FITNESS LOSS: mse: 1948.318603515625
2025-03-08 11:48:14,291 :: INFO :: evodenss.train.losses :: [21] -- FITNESS LOSS: l2_reg: 0.022757766768336296
2025-03-08 11:48:14,291 :: INFO :: evodenss.train.losses :: [21] -- FITNESS LOSS: smoothness: 2.5252609252929688
2025-03-08 11:48:14,292 :: INFO :: evodenss.train.losses :: [21] -- FITNESS LOSS: peak_difference: 0.0
2025-03-08 11:48:14,292 :: INFO :: evodenss.train.losses :: [21] -- FITNESS LOSS: parameters_penalty: 0.009756606617174169
2025-03-08 11:48:14,292 :: INFO :: evodenss.train.losses :: [21] -- FITNESS LOSS: total: 1950.8763427734375
2025-03-08 11:48:14,292 :: INFO :: evodenss.train.losses :: [21] -- FITNESS LOSS: percentage mse: 0.9986889362335205, percentage l2_reg: 1.1665407328109723e-05, percentage smoothness: 0.0012944238260388374, percentage peak_difference: 0.0, percentage parameters_penalty: 5.00114083479275e-06
2025-03-08 11:48:14,313 :: INFO :: evodenss.train.losses :: [21] -- FITNESS LOSS: mse: 2073.01318359375
2025-03-08 11:48:14,314 :: INFO :: evodenss.train.losses :: [21] -- FITNESS LOSS: l2_reg: 0.022757766768336296
2025-03-08 11:48:14,314 :: INFO :: evodenss.train.losses :: [21] -- FITNESS LOSS: smoothness: 2.555722236633301
2025-03-08 11:48:14,314 :: INFO :: evodenss.train.losses :: [21] -- FITNESS LOSS: peak_difference: 0.0
2025-03-08 11:48:14,314 :: INFO :: evodenss.train.losses :: [21] -- FITNESS LOSS: parameters_penalty: 0.009756606617174169
2025-03-08 11:48:14,314 :: INFO :: evodenss.train.losses :: [21] -- FITNESS LOSS: total: 2075.601318359375
2025-03-08 11:48:14,314 :: INFO :: evodenss.train.losses :: [21] -- FITNESS LOSS: percentage mse: 0.9987530708312988, percentage l2_reg: 1.096442065318115e-05, percentage smoothness: 0.0012313165934756398, percentage peak_difference: 0.0, percentage parameters_penalty: 4.700616955233272e-06
2025-03-08 11:48:14,336 :: INFO :: evodenss.train.losses :: [21] -- FITNESS LOSS: mse: 2271.85205078125
2025-03-08 11:48:14,336 :: INFO :: evodenss.train.losses :: [21] -- FITNESS LOSS: l2_reg: 0.022757766768336296
2025-03-08 11:48:14,336 :: INFO :: evodenss.train.losses :: [21] -- FITNESS LOSS: smoothness: 2.5016226768493652
2025-03-08 11:48:14,336 :: INFO :: evodenss.train.losses :: [21] -- FITNESS LOSS: peak_difference: 0.0
2025-03-08 11:48:14,336 :: INFO :: evodenss.train.losses :: [21] -- FITNESS LOSS: parameters_penalty: 0.009756606617174169
2025-03-08 11:48:14,336 :: INFO :: evodenss.train.losses :: [21] -- FITNESS LOSS: total: 2274.38623046875
2025-03-08 11:48:14,336 :: INFO :: evodenss.train.losses :: [21] -- FITNESS LOSS: percentage mse: 0.9988857507705688, percentage l2_reg: 1.000611337076407e-05, percentage smoothness: 0.0010999110527336597, percentage peak_difference: 0.0, percentage parameters_penalty: 4.289775461074896e-06
2025-03-08 11:48:14,358 :: INFO :: evodenss.train.losses :: [21] -- FITNESS LOSS: mse: 2827.4609375
2025-03-08 11:48:14,358 :: INFO :: evodenss.train.losses :: [21] -- FITNESS LOSS: l2_reg: 0.022757766768336296
2025-03-08 11:48:14,358 :: INFO :: evodenss.train.losses :: [21] -- FITNESS LOSS: smoothness: 2.5513899326324463
2025-03-08 11:48:14,358 :: INFO :: evodenss.train.losses :: [21] -- FITNESS LOSS: peak_difference: 0.0
2025-03-08 11:48:14,358 :: INFO :: evodenss.train.losses :: [21] -- FITNESS LOSS: parameters_penalty: 0.009756606617174169
2025-03-08 11:48:14,358 :: INFO :: evodenss.train.losses :: [21] -- FITNESS LOSS: total: 2830.044677734375
2025-03-08 11:48:14,359 :: INFO :: evodenss.train.losses :: [21] -- FITNESS LOSS: percentage mse: 0.9990870356559753, percentage l2_reg: 8.041486580623314e-06, percentage smoothness: 0.0009015369578264654, percentage peak_difference: 0.0, percentage parameters_penalty: 3.4475099255359964e-06
2025-03-08 11:48:14,380 :: INFO :: evodenss.train.losses :: [21] -- FITNESS LOSS: mse: 1876.04345703125
2025-03-08 11:48:14,380 :: INFO :: evodenss.train.losses :: [21] -- FITNESS LOSS: l2_reg: 0.022757766768336296
2025-03-08 11:48:14,380 :: INFO :: evodenss.train.losses :: [21] -- FITNESS LOSS: smoothness: 2.665452718734741
2025-03-08 11:48:14,380 :: INFO :: evodenss.train.losses :: [21] -- FITNESS LOSS: peak_difference: 0.0
2025-03-08 11:48:14,380 :: INFO :: evodenss.train.losses :: [21] -- FITNESS LOSS: parameters_penalty: 0.009756606617174169
2025-03-08 11:48:14,380 :: INFO :: evodenss.train.losses :: [21] -- FITNESS LOSS: total: 1878.7413330078125
2025-03-08 11:48:14,381 :: INFO :: evodenss.train.losses :: [21] -- FITNESS LOSS: percentage mse: 0.9985640048980713, percentage l2_reg: 1.2113305274397135e-05, percentage smoothness: 0.001418743864633143, percentage peak_difference: 0.0, percentage parameters_penalty: 5.193161086936016e-06
2025-03-08 11:48:14,402 :: INFO :: evodenss.train.losses :: [21] -- FITNESS LOSS: mse: 2228.27978515625
2025-03-08 11:48:14,402 :: INFO :: evodenss.train.losses :: [21] -- FITNESS LOSS: l2_reg: 0.022757766768336296
2025-03-08 11:48:14,402 :: INFO :: evodenss.train.losses :: [21] -- FITNESS LOSS: smoothness: 2.5315465927124023
2025-03-08 11:48:14,402 :: INFO :: evodenss.train.losses :: [21] -- FITNESS LOSS: peak_difference: 0.0
2025-03-08 11:48:14,402 :: INFO :: evodenss.train.losses :: [21] -- FITNESS LOSS: parameters_penalty: 0.009756606617174169
2025-03-08 11:48:14,402 :: INFO :: evodenss.train.losses :: [21] -- FITNESS LOSS: total: 2230.84375
2025-03-08 11:48:14,403 :: INFO :: evodenss.train.losses :: [21] -- FITNESS LOSS: percentage mse: 0.9988507032394409, percentage l2_reg: 1.0201416444033384e-05, percentage smoothness: 0.0011347932741045952, percentage peak_difference: 0.0, percentage parameters_penalty: 4.3735053623095155e-06
2025-03-08 11:48:14,424 :: INFO :: evodenss.train.losses :: [21] -- FITNESS LOSS: mse: 1651.093994140625
2025-03-08 11:48:14,424 :: INFO :: evodenss.train.losses :: [21] -- FITNESS LOSS: l2_reg: 0.022757766768336296
2025-03-08 11:48:14,424 :: INFO :: evodenss.train.losses :: [21] -- FITNESS LOSS: smoothness: 2.6160523891448975
2025-03-08 11:48:14,424 :: INFO :: evodenss.train.losses :: [21] -- FITNESS LOSS: peak_difference: 0.0
2025-03-08 11:48:14,424 :: INFO :: evodenss.train.losses :: [21] -- FITNESS LOSS: parameters_penalty: 0.009756606617174169
2025-03-08 11:48:14,424 :: INFO :: evodenss.train.losses :: [21] -- FITNESS LOSS: total: 1653.7425537109375
2025-03-08 11:48:14,424 :: INFO :: evodenss.train.losses :: [21] -- FITNESS LOSS: percentage mse: 0.9983984231948853, percentage l2_reg: 1.3761372429144103e-05, percentage smoothness: 0.0015818981919437647, percentage peak_difference: 0.0, percentage parameters_penalty: 5.899713414692087e-06
2025-03-08 11:48:14,445 :: INFO :: evodenss.train.losses :: [21] -- FITNESS LOSS: mse: 2453.240966796875
2025-03-08 11:48:14,445 :: INFO :: evodenss.train.losses :: [21] -- FITNESS LOSS: l2_reg: 0.022757766768336296
2025-03-08 11:48:14,446 :: INFO :: evodenss.train.losses :: [21] -- FITNESS LOSS: smoothness: 2.4544403553009033
2025-03-08 11:48:14,446 :: INFO :: evodenss.train.losses :: [21] -- FITNESS LOSS: peak_difference: 0.0
2025-03-08 11:48:14,446 :: INFO :: evodenss.train.losses :: [21] -- FITNESS LOSS: parameters_penalty: 0.009756606617174169
2025-03-08 11:48:14,446 :: INFO :: evodenss.train.losses :: [21] -- FITNESS LOSS: total: 2455.727783203125
2025-03-08 11:48:14,446 :: INFO :: evodenss.train.losses :: [21] -- FITNESS LOSS: percentage mse: 0.9989873170852661, percentage l2_reg: 9.267218956665602e-06, percentage smoothness: 0.0009994757128879428, percentage peak_difference: 0.0, percentage parameters_penalty: 3.973000275436789e-06
2025-03-08 11:48:14,464 :: INFO :: evodenss.train.losses :: [21] -- FITNESS LOSS: mse: 1676.3140869140625
2025-03-08 11:48:14,464 :: INFO :: evodenss.train.losses :: [21] -- FITNESS LOSS: l2_reg: 0.022757766768336296
2025-03-08 11:48:14,464 :: INFO :: evodenss.train.losses :: [21] -- FITNESS LOSS: smoothness: 2.034973621368408
2025-03-08 11:48:14,464 :: INFO :: evodenss.train.losses :: [21] -- FITNESS LOSS: peak_difference: 0.0
2025-03-08 11:48:14,464 :: INFO :: evodenss.train.losses :: [21] -- FITNESS LOSS: parameters_penalty: 0.009756606617174169
2025-03-08 11:48:14,464 :: INFO :: evodenss.train.losses :: [21] -- FITNESS LOSS: total: 1678.381591796875
2025-03-08 11:48:14,465 :: INFO :: evodenss.train.losses :: [21] -- FITNESS LOSS: percentage mse: 0.998768150806427, percentage l2_reg: 1.3559351828007493e-05, percentage smoothness: 0.0012124618515372276, percentage peak_difference: 0.0, percentage parameters_penalty: 5.813104053231655e-06
2025-03-08 11:48:14,466 :: INFO :: __main__ :: [21] -- Best test accuracy: tensor([20815.5352], device='cuda:0')
2025-03-08 11:48:14,504 :: INFO :: __main__ :: [21] -- Time taken to perform run: 0d0h3m31s
