2025-03-09 14:02:05,923 :: INFO :: __main__ :: [25] -- Starting fresh run
2025-03-09 14:02:07,112 :: INFO :: __main__ :: [25] -- Dataset partition sizes:
2025-03-09 14:02:07,113 :: INFO :: __main__ :: [25] -- DatasetType.EVO_TEST size -- 125
2025-03-09 14:02:07,113 :: INFO :: __main__ :: [25] -- DatasetType.VALIDATION size -- 125
2025-03-09 14:02:07,113 :: INFO :: __main__ :: [25] -- DatasetType.DOWNSTREAM_TRAIN size -- 2248
2025-03-09 14:02:07,113 :: INFO :: __main__ :: [25] -- DatasetType.TEST size -- 626
2025-03-09 14:02:07,113 :: INFO :: __main__ :: [25] -- Starting evolution for run 25
2025-03-09 14:02:07,113 :: INFO :: __main__ :: [25] -- PERFORMING PREDICTION FOR THE VARIABLE: NITRATE
2025-03-09 14:02:07,113 :: INFO :: evodenss.evolution.engine :: [25] -- Performing generation: 0
2025-03-09 14:02:07,114 :: INFO :: evodenss.evolution.engine :: [25] -- Creating the initial population
2025-03-09 14:02:07,133 :: INFO :: evodenss.networks.module :: [25] -- Using ARGO grammar for features module
2025-03-09 14:02:07,142 :: INFO :: evodenss.evolution.individual :: [25] -- -----> Starting evaluation for individual 0 for 1000 secs
2025-03-09 14:02:07,190 :: INFO :: evodenss.networks.evaluators :: [25] -- layer-1: 
layer0: :punctual_mlp input:-1 
layer1: :punctual_mlp input:-1 
layer2: :punctual_mlp input:-1 
layer3: :punctual_mlp input:-1 
layer4: :conv1d out_channels:64 kernel_size:2 stride:1 padding_deconv:2 bias:True act:selu internal_dropout_p:0.2 internal_batch_norm:True input:-1,0,1,2,3 
layer5: :conv1d out_channels:128 kernel_size:2 stride:2 padding_deconv:1 bias:True act:selu internal_dropout_p:0.2 internal_batch_norm:True input:4 
layer6: :conv1d out_channels:128 kernel_size:4 stride:1 padding_deconv:1 bias:True act:selu internal_dropout_p:0.2 internal_batch_norm:True input:5 
layer7: :conv1d out_channels:128 kernel_size:4 stride:1 padding_deconv:2 bias:True act:selu internal_dropout_p:0.2 internal_batch_norm:True input:6 
layer8: :deconv1d out_channels:128 kernel_size:2 stride:2 padding_deconv:2 internal_dropout_p:0.2 act:selu internal_batch_norm:True bias:True input:7 
layer9: :conv1d out_channels:128 kernel_size:3 stride:1 padding_deconv:1 bias:True act:selu internal_dropout_p:0.2 internal_batch_norm:True input:8 
layer10: :deconv1d out_channels:64 kernel_size:2 stride:2 padding_deconv:1 internal_dropout_p:0.2 act:selu internal_batch_norm:True bias:True input:9 
layer11: :conv1d out_channels:32 kernel_size:2 stride:2 padding_deconv:1 bias:True act:selu internal_dropout_p:0.2 internal_batch_norm:True input:10 
layer12: :conv1d out_channels:1 kernel_size:3 stride:1 padding_deconv:1 bias:True act:linear internal_batch_norm:False input:11 
layer13: :fc act:selu out_features:200 bias:True input:12 learning:adadelta batch_size:32 epochs:100
2025-03-09 14:02:08,334 :: DEBUG :: evodenss.train.trainers :: [25] -- Initiating supervised training
2025-03-09 14:02:08,335 :: DEBUG :: evodenss.train.trainers :: [25] -- Starting Downstream Epoch 0
2025-03-09 14:02:10,719 :: DEBUG :: evodenss.train.trainers :: [25] -- Loss: 383693.219
2025-03-09 14:02:10,719 :: DEBUG :: evodenss.train.trainers :: [25] -- =============================================================
2025-03-09 14:02:11,177 :: DEBUG :: evodenss.train.trainers :: [25] -- Starting Downstream Epoch 1
2025-03-09 14:02:12,589 :: DEBUG :: evodenss.train.trainers :: [25] -- Loss: 252209.812
2025-03-09 14:02:12,589 :: DEBUG :: evodenss.train.trainers :: [25] -- =============================================================
2025-03-09 14:02:12,936 :: DEBUG :: evodenss.train.trainers :: [25] -- Starting Downstream Epoch 2
2025-03-09 14:02:14,361 :: DEBUG :: evodenss.train.trainers :: [25] -- Loss: 206953.062
2025-03-09 14:02:14,362 :: DEBUG :: evodenss.train.trainers :: [25] -- =============================================================
2025-03-09 14:02:14,710 :: DEBUG :: evodenss.train.trainers :: [25] -- Starting Downstream Epoch 3
2025-03-09 14:02:16,135 :: DEBUG :: evodenss.train.trainers :: [25] -- Loss: 191744.219
2025-03-09 14:02:16,136 :: DEBUG :: evodenss.train.trainers :: [25] -- =============================================================
2025-03-09 14:02:16,492 :: DEBUG :: evodenss.train.trainers :: [25] -- Starting Downstream Epoch 4
2025-03-09 14:02:17,992 :: INFO :: evodenss.train.trainers :: [25] -- [1.42s] TRAIN epoch 4 -- loss: tensor([181707.6719], device='cuda:0', grad_fn=<AddBackward0>)
2025-03-09 14:02:17,992 :: DEBUG :: evodenss.train.trainers :: [25] -- Loss: 181707.672
2025-03-09 14:02:17,992 :: DEBUG :: evodenss.train.trainers :: [25] -- =============================================================
2025-03-09 14:02:18,391 :: DEBUG :: evodenss.train.trainers :: [25] -- Starting Downstream Epoch 5
2025-03-09 14:02:19,836 :: DEBUG :: evodenss.train.trainers :: [25] -- Loss: 153724.609
2025-03-09 14:02:19,836 :: DEBUG :: evodenss.train.trainers :: [25] -- =============================================================
2025-03-09 14:02:20,233 :: DEBUG :: evodenss.train.trainers :: [25] -- Starting Downstream Epoch 6
2025-03-09 14:02:21,686 :: DEBUG :: evodenss.train.trainers :: [25] -- Loss: 132087.719
2025-03-09 14:02:21,686 :: DEBUG :: evodenss.train.trainers :: [25] -- =============================================================
2025-03-09 14:02:22,072 :: DEBUG :: evodenss.train.trainers :: [25] -- Starting Downstream Epoch 7
2025-03-09 14:02:23,507 :: DEBUG :: evodenss.train.trainers :: [25] -- Loss: 122979.703
2025-03-09 14:02:23,507 :: DEBUG :: evodenss.train.trainers :: [25] -- =============================================================
2025-03-09 14:02:23,891 :: DEBUG :: evodenss.train.trainers :: [25] -- Starting Downstream Epoch 8
2025-03-09 14:02:25,324 :: DEBUG :: evodenss.train.trainers :: [25] -- Loss: 117199.609
2025-03-09 14:02:25,324 :: DEBUG :: evodenss.train.trainers :: [25] -- =============================================================
2025-03-09 14:02:25,697 :: DEBUG :: evodenss.train.trainers :: [25] -- Starting Downstream Epoch 9
2025-03-09 14:02:27,150 :: INFO :: evodenss.train.trainers :: [25] -- [1.45s] TRAIN epoch 9 -- loss: tensor([111619.8828], device='cuda:0', grad_fn=<AddBackward0>)
2025-03-09 14:02:27,151 :: DEBUG :: evodenss.train.trainers :: [25] -- Loss: 111619.883
2025-03-09 14:02:27,151 :: DEBUG :: evodenss.train.trainers :: [25] -- =============================================================
2025-03-09 14:02:27,534 :: DEBUG :: evodenss.train.trainers :: [25] -- Starting Downstream Epoch 10
2025-03-09 14:02:28,957 :: DEBUG :: evodenss.train.trainers :: [25] -- Loss: 109634.156
2025-03-09 14:02:28,957 :: DEBUG :: evodenss.train.trainers :: [25] -- =============================================================
2025-03-09 14:02:29,350 :: DEBUG :: evodenss.train.trainers :: [25] -- Starting Downstream Epoch 11
2025-03-09 14:02:30,796 :: DEBUG :: evodenss.train.trainers :: [25] -- Loss: 107241.219
2025-03-09 14:02:30,797 :: DEBUG :: evodenss.train.trainers :: [25] -- =============================================================
2025-03-09 14:02:31,185 :: DEBUG :: evodenss.train.trainers :: [25] -- Starting Downstream Epoch 12
2025-03-09 14:02:32,630 :: DEBUG :: evodenss.train.trainers :: [25] -- Loss: 104074.211
2025-03-09 14:02:32,630 :: DEBUG :: evodenss.train.trainers :: [25] -- =============================================================
2025-03-09 14:02:33,017 :: DEBUG :: evodenss.train.trainers :: [25] -- Starting Downstream Epoch 13
2025-03-09 14:02:34,440 :: DEBUG :: evodenss.train.trainers :: [25] -- Loss: 103355.562
2025-03-09 14:02:34,440 :: DEBUG :: evodenss.train.trainers :: [25] -- =============================================================
2025-03-09 14:02:34,813 :: DEBUG :: evodenss.train.trainers :: [25] -- Starting Downstream Epoch 14
2025-03-09 14:02:36,257 :: INFO :: evodenss.train.trainers :: [25] -- [1.44s] TRAIN epoch 14 -- loss: tensor([101147.9453], device='cuda:0', grad_fn=<AddBackward0>)
2025-03-09 14:02:36,257 :: DEBUG :: evodenss.train.trainers :: [25] -- Loss: 101147.945
2025-03-09 14:02:36,257 :: DEBUG :: evodenss.train.trainers :: [25] -- =============================================================
2025-03-09 14:02:36,644 :: DEBUG :: evodenss.train.trainers :: [25] -- Starting Downstream Epoch 15
2025-03-09 14:02:38,077 :: DEBUG :: evodenss.train.trainers :: [25] -- Loss: 99507.117
2025-03-09 14:02:38,077 :: DEBUG :: evodenss.train.trainers :: [25] -- =============================================================
2025-03-09 14:02:38,456 :: DEBUG :: evodenss.train.trainers :: [25] -- Starting Downstream Epoch 16
2025-03-09 14:02:39,894 :: DEBUG :: evodenss.train.trainers :: [25] -- Loss: 99480.453
2025-03-09 14:02:39,894 :: DEBUG :: evodenss.train.trainers :: [25] -- =============================================================
2025-03-09 14:02:40,270 :: DEBUG :: evodenss.train.trainers :: [25] -- Starting Downstream Epoch 17
2025-03-09 14:02:41,722 :: DEBUG :: evodenss.train.trainers :: [25] -- Loss: 97379.211
2025-03-09 14:02:41,722 :: DEBUG :: evodenss.train.trainers :: [25] -- =============================================================
2025-03-09 14:02:42,101 :: DEBUG :: evodenss.train.trainers :: [25] -- Starting Downstream Epoch 18
2025-03-09 14:02:43,534 :: DEBUG :: evodenss.train.trainers :: [25] -- Loss: 95760.883
2025-03-09 14:02:43,534 :: DEBUG :: evodenss.train.trainers :: [25] -- =============================================================
2025-03-09 14:02:43,921 :: DEBUG :: evodenss.train.trainers :: [25] -- Starting Downstream Epoch 19
2025-03-09 14:02:45,336 :: INFO :: evodenss.train.trainers :: [25] -- [1.41s] TRAIN epoch 19 -- loss: tensor([95331.4531], device='cuda:0', grad_fn=<AddBackward0>)
2025-03-09 14:02:45,337 :: DEBUG :: evodenss.train.trainers :: [25] -- Loss: 95331.453
2025-03-09 14:02:45,337 :: DEBUG :: evodenss.train.trainers :: [25] -- =============================================================
2025-03-09 14:02:45,737 :: DEBUG :: evodenss.train.trainers :: [25] -- Starting Downstream Epoch 20
2025-03-09 14:02:47,176 :: DEBUG :: evodenss.train.trainers :: [25] -- Loss: 93786.797
2025-03-09 14:02:47,177 :: DEBUG :: evodenss.train.trainers :: [25] -- =============================================================
2025-03-09 14:02:47,560 :: DEBUG :: evodenss.train.trainers :: [25] -- Starting Downstream Epoch 21
2025-03-09 14:02:48,995 :: DEBUG :: evodenss.train.trainers :: [25] -- Loss: 92335.695
2025-03-09 14:02:48,995 :: DEBUG :: evodenss.train.trainers :: [25] -- =============================================================
2025-03-09 14:02:49,382 :: DEBUG :: evodenss.train.trainers :: [25] -- Starting Downstream Epoch 22
2025-03-09 14:02:50,814 :: DEBUG :: evodenss.train.trainers :: [25] -- Loss: 92581.828
2025-03-09 14:02:50,814 :: DEBUG :: evodenss.train.trainers :: [25] -- =============================================================
2025-03-09 14:02:51,195 :: DEBUG :: evodenss.train.trainers :: [25] -- Starting Downstream Epoch 23
2025-03-09 14:02:52,633 :: DEBUG :: evodenss.train.trainers :: [25] -- Loss: 91239.945
2025-03-09 14:02:52,633 :: DEBUG :: evodenss.train.trainers :: [25] -- =============================================================
2025-03-09 14:02:53,022 :: DEBUG :: evodenss.train.trainers :: [25] -- Starting Downstream Epoch 24
2025-03-09 14:02:54,464 :: INFO :: evodenss.train.trainers :: [25] -- [1.44s] TRAIN epoch 24 -- loss: tensor([90941.1562], device='cuda:0', grad_fn=<AddBackward0>)
2025-03-09 14:02:54,464 :: DEBUG :: evodenss.train.trainers :: [25] -- Loss: 90941.156
2025-03-09 14:02:54,464 :: DEBUG :: evodenss.train.trainers :: [25] -- =============================================================
2025-03-09 14:02:54,845 :: DEBUG :: evodenss.train.trainers :: [25] -- Starting Downstream Epoch 25
2025-03-09 14:02:56,266 :: DEBUG :: evodenss.train.trainers :: [25] -- Loss: 90380.453
2025-03-09 14:02:56,267 :: DEBUG :: evodenss.train.trainers :: [25] -- =============================================================
2025-03-09 14:02:56,652 :: DEBUG :: evodenss.train.trainers :: [25] -- Starting Downstream Epoch 26
2025-03-09 14:02:58,078 :: DEBUG :: evodenss.train.trainers :: [25] -- Loss: 88717.352
2025-03-09 14:02:58,078 :: DEBUG :: evodenss.train.trainers :: [25] -- =============================================================
2025-03-09 14:02:58,468 :: DEBUG :: evodenss.train.trainers :: [25] -- Starting Downstream Epoch 27
2025-03-09 14:02:59,894 :: DEBUG :: evodenss.train.trainers :: [25] -- Loss: 90173.688
2025-03-09 14:02:59,894 :: DEBUG :: evodenss.train.trainers :: [25] -- =============================================================
2025-03-09 14:03:00,275 :: DEBUG :: evodenss.train.trainers :: [25] -- Starting Downstream Epoch 28
2025-03-09 14:03:01,710 :: DEBUG :: evodenss.train.trainers :: [25] -- Loss: 88570.562
2025-03-09 14:03:01,710 :: DEBUG :: evodenss.train.trainers :: [25] -- =============================================================
2025-03-09 14:03:02,094 :: DEBUG :: evodenss.train.trainers :: [25] -- Starting Downstream Epoch 29
2025-03-09 14:03:03,531 :: INFO :: evodenss.train.trainers :: [25] -- [1.43s] TRAIN epoch 29 -- loss: tensor([87936.8047], device='cuda:0', grad_fn=<AddBackward0>)
2025-03-09 14:03:03,531 :: DEBUG :: evodenss.train.trainers :: [25] -- Loss: 87936.805
2025-03-09 14:03:03,531 :: DEBUG :: evodenss.train.trainers :: [25] -- =============================================================
2025-03-09 14:03:03,917 :: DEBUG :: evodenss.train.trainers :: [25] -- Starting Downstream Epoch 30
2025-03-09 14:03:05,345 :: DEBUG :: evodenss.train.trainers :: [25] -- Loss: 87436.078
2025-03-09 14:03:05,345 :: DEBUG :: evodenss.train.trainers :: [25] -- =============================================================
2025-03-09 14:03:05,719 :: DEBUG :: evodenss.train.trainers :: [25] -- Starting Downstream Epoch 31
2025-03-09 14:03:07,155 :: DEBUG :: evodenss.train.trainers :: [25] -- Loss: 88617.367
2025-03-09 14:03:07,155 :: DEBUG :: evodenss.train.trainers :: [25] -- =============================================================
2025-03-09 14:03:07,536 :: DEBUG :: evodenss.train.trainers :: [25] -- Starting Downstream Epoch 32
2025-03-09 14:03:08,957 :: DEBUG :: evodenss.train.trainers :: [25] -- Loss: 87271.852
2025-03-09 14:03:08,957 :: DEBUG :: evodenss.train.trainers :: [25] -- =============================================================
2025-03-09 14:03:09,337 :: DEBUG :: evodenss.train.trainers :: [25] -- Starting Downstream Epoch 33
2025-03-09 14:03:10,764 :: DEBUG :: evodenss.train.trainers :: [25] -- Loss: 85780.141
2025-03-09 14:03:10,764 :: DEBUG :: evodenss.train.trainers :: [25] -- =============================================================
2025-03-09 14:03:11,151 :: DEBUG :: evodenss.train.trainers :: [25] -- Starting Downstream Epoch 34
2025-03-09 14:03:12,580 :: INFO :: evodenss.train.trainers :: [25] -- [1.43s] TRAIN epoch 34 -- loss: tensor([86261.7656], device='cuda:0', grad_fn=<AddBackward0>)
2025-03-09 14:03:12,580 :: DEBUG :: evodenss.train.trainers :: [25] -- Loss: 86261.766
2025-03-09 14:03:12,580 :: DEBUG :: evodenss.train.trainers :: [25] -- =============================================================
2025-03-09 14:03:12,966 :: DEBUG :: evodenss.train.trainers :: [25] -- Starting Downstream Epoch 35
2025-03-09 14:03:14,389 :: DEBUG :: evodenss.train.trainers :: [25] -- Loss: 85612.508
2025-03-09 14:03:14,390 :: DEBUG :: evodenss.train.trainers :: [25] -- =============================================================
2025-03-09 14:03:14,768 :: DEBUG :: evodenss.train.trainers :: [25] -- Starting Downstream Epoch 36
2025-03-09 14:03:16,203 :: DEBUG :: evodenss.train.trainers :: [25] -- Loss: 85635.617
2025-03-09 14:03:16,203 :: DEBUG :: evodenss.train.trainers :: [25] -- =============================================================
2025-03-09 14:03:16,582 :: DEBUG :: evodenss.train.trainers :: [25] -- Starting Downstream Epoch 37
2025-03-09 14:03:17,941 :: DEBUG :: evodenss.train.trainers :: [25] -- Loss: 85954.328
2025-03-09 14:03:17,941 :: DEBUG :: evodenss.train.trainers :: [25] -- =============================================================
2025-03-09 14:03:18,324 :: DEBUG :: evodenss.train.trainers :: [25] -- Starting Downstream Epoch 38
2025-03-09 14:03:19,750 :: DEBUG :: evodenss.train.trainers :: [25] -- Loss: 84415.641
2025-03-09 14:03:19,750 :: DEBUG :: evodenss.train.trainers :: [25] -- =============================================================
2025-03-09 14:03:20,133 :: DEBUG :: evodenss.train.trainers :: [25] -- Starting Downstream Epoch 39
2025-03-09 14:03:21,553 :: INFO :: evodenss.train.trainers :: [25] -- [1.42s] TRAIN epoch 39 -- loss: tensor([85020.2344], device='cuda:0', grad_fn=<AddBackward0>)
2025-03-09 14:03:21,553 :: DEBUG :: evodenss.train.trainers :: [25] -- Loss: 85020.234
2025-03-09 14:03:21,553 :: DEBUG :: evodenss.train.trainers :: [25] -- =============================================================
2025-03-09 14:03:21,933 :: DEBUG :: evodenss.train.trainers :: [25] -- Starting Downstream Epoch 40
2025-03-09 14:03:23,383 :: DEBUG :: evodenss.train.trainers :: [25] -- Loss: 83845.562
2025-03-09 14:03:23,383 :: DEBUG :: evodenss.train.trainers :: [25] -- =============================================================
2025-03-09 14:03:23,771 :: DEBUG :: evodenss.train.trainers :: [25] -- Starting Downstream Epoch 41
2025-03-09 14:03:25,208 :: DEBUG :: evodenss.train.trainers :: [25] -- Loss: 84096.195
2025-03-09 14:03:25,208 :: DEBUG :: evodenss.train.trainers :: [25] -- =============================================================
2025-03-09 14:03:25,589 :: DEBUG :: evodenss.train.trainers :: [25] -- Starting Downstream Epoch 42
2025-03-09 14:03:27,023 :: DEBUG :: evodenss.train.trainers :: [25] -- Loss: 83843.297
2025-03-09 14:03:27,023 :: DEBUG :: evodenss.train.trainers :: [25] -- =============================================================
2025-03-09 14:03:27,395 :: DEBUG :: evodenss.train.trainers :: [25] -- Starting Downstream Epoch 43
2025-03-09 14:03:28,830 :: DEBUG :: evodenss.train.trainers :: [25] -- Loss: 83406.008
2025-03-09 14:03:28,830 :: DEBUG :: evodenss.train.trainers :: [25] -- =============================================================
2025-03-09 14:03:29,216 :: DEBUG :: evodenss.train.trainers :: [25] -- Starting Downstream Epoch 44
2025-03-09 14:03:30,654 :: INFO :: evodenss.train.trainers :: [25] -- [1.44s] TRAIN epoch 44 -- loss: tensor([82299.3594], device='cuda:0', grad_fn=<AddBackward0>)
2025-03-09 14:03:30,654 :: DEBUG :: evodenss.train.trainers :: [25] -- Loss: 82299.359
2025-03-09 14:03:30,654 :: DEBUG :: evodenss.train.trainers :: [25] -- =============================================================
2025-03-09 14:03:31,034 :: DEBUG :: evodenss.train.trainers :: [25] -- Starting Downstream Epoch 45
2025-03-09 14:03:32,398 :: DEBUG :: evodenss.train.trainers :: [25] -- Loss: 82511.719
2025-03-09 14:03:32,398 :: DEBUG :: evodenss.train.trainers :: [25] -- =============================================================
2025-03-09 14:03:32,775 :: DEBUG :: evodenss.train.trainers :: [25] -- Starting Downstream Epoch 46
2025-03-09 14:03:34,215 :: DEBUG :: evodenss.train.trainers :: [25] -- Loss: 83355.297
2025-03-09 14:03:34,215 :: DEBUG :: evodenss.train.trainers :: [25] -- =============================================================
2025-03-09 14:03:34,588 :: DEBUG :: evodenss.train.trainers :: [25] -- Starting Downstream Epoch 47
2025-03-09 14:03:36,027 :: DEBUG :: evodenss.train.trainers :: [25] -- Loss: 82920.398
2025-03-09 14:03:36,027 :: DEBUG :: evodenss.train.trainers :: [25] -- =============================================================
2025-03-09 14:03:36,425 :: DEBUG :: evodenss.train.trainers :: [25] -- Starting Downstream Epoch 48
2025-03-09 14:03:37,833 :: DEBUG :: evodenss.train.trainers :: [25] -- Loss: 81083.031
2025-03-09 14:03:37,834 :: DEBUG :: evodenss.train.trainers :: [25] -- =============================================================
2025-03-09 14:03:38,211 :: DEBUG :: evodenss.train.trainers :: [25] -- Starting Downstream Epoch 49
2025-03-09 14:03:39,631 :: INFO :: evodenss.train.trainers :: [25] -- [1.42s] TRAIN epoch 49 -- loss: tensor([82134.0391], device='cuda:0', grad_fn=<AddBackward0>)
2025-03-09 14:03:39,631 :: DEBUG :: evodenss.train.trainers :: [25] -- Loss: 82134.039
2025-03-09 14:03:39,631 :: DEBUG :: evodenss.train.trainers :: [25] -- =============================================================
2025-03-09 14:03:40,019 :: DEBUG :: evodenss.train.trainers :: [25] -- Starting Downstream Epoch 50
2025-03-09 14:03:41,445 :: DEBUG :: evodenss.train.trainers :: [25] -- Loss: 81572.703
2025-03-09 14:03:41,445 :: DEBUG :: evodenss.train.trainers :: [25] -- =============================================================
2025-03-09 14:03:41,823 :: DEBUG :: evodenss.train.trainers :: [25] -- Starting Downstream Epoch 51
2025-03-09 14:03:43,266 :: DEBUG :: evodenss.train.trainers :: [25] -- Loss: 81110.758
2025-03-09 14:03:43,266 :: DEBUG :: evodenss.train.trainers :: [25] -- =============================================================
2025-03-09 14:03:43,651 :: DEBUG :: evodenss.train.trainers :: [25] -- Starting Downstream Epoch 52
2025-03-09 14:03:45,096 :: DEBUG :: evodenss.train.trainers :: [25] -- Loss: 81305.836
2025-03-09 14:03:45,096 :: DEBUG :: evodenss.train.trainers :: [25] -- =============================================================
2025-03-09 14:03:45,474 :: DEBUG :: evodenss.train.trainers :: [25] -- Starting Downstream Epoch 53
2025-03-09 14:03:46,917 :: DEBUG :: evodenss.train.trainers :: [25] -- Loss: 80540.359
2025-03-09 14:03:46,918 :: DEBUG :: evodenss.train.trainers :: [25] -- =============================================================
2025-03-09 14:03:47,301 :: DEBUG :: evodenss.train.trainers :: [25] -- Starting Downstream Epoch 54
2025-03-09 14:03:48,751 :: INFO :: evodenss.train.trainers :: [25] -- [1.45s] TRAIN epoch 54 -- loss: tensor([81528.6719], device='cuda:0', grad_fn=<AddBackward0>)
2025-03-09 14:03:48,752 :: DEBUG :: evodenss.train.trainers :: [25] -- Loss: 81528.672
2025-03-09 14:03:48,752 :: DEBUG :: evodenss.train.trainers :: [25] -- =============================================================
2025-03-09 14:03:49,136 :: DEBUG :: evodenss.train.trainers :: [25] -- Starting Downstream Epoch 55
2025-03-09 14:03:50,572 :: DEBUG :: evodenss.train.trainers :: [25] -- Loss: 80608.008
2025-03-09 14:03:50,572 :: DEBUG :: evodenss.train.trainers :: [25] -- =============================================================
2025-03-09 14:03:50,952 :: DEBUG :: evodenss.train.trainers :: [25] -- Starting Downstream Epoch 56
2025-03-09 14:03:52,376 :: DEBUG :: evodenss.train.trainers :: [25] -- Loss: 80703.43
2025-03-09 14:03:52,377 :: DEBUG :: evodenss.train.trainers :: [25] -- =============================================================
2025-03-09 14:03:52,755 :: DEBUG :: evodenss.train.trainers :: [25] -- Starting Downstream Epoch 57
2025-03-09 14:03:54,231 :: DEBUG :: evodenss.train.trainers :: [25] -- Loss: 79563.578
2025-03-09 14:03:54,231 :: DEBUG :: evodenss.train.trainers :: [25] -- =============================================================
2025-03-09 14:03:54,620 :: DEBUG :: evodenss.train.trainers :: [25] -- Starting Downstream Epoch 58
2025-03-09 14:03:56,063 :: DEBUG :: evodenss.train.trainers :: [25] -- Loss: 80626.727
2025-03-09 14:03:56,063 :: DEBUG :: evodenss.train.trainers :: [25] -- =============================================================
2025-03-09 14:03:56,455 :: DEBUG :: evodenss.train.trainers :: [25] -- Starting Downstream Epoch 59
2025-03-09 14:03:57,827 :: INFO :: evodenss.train.trainers :: [25] -- [1.37s] TRAIN epoch 59 -- loss: tensor([79974.9844], device='cuda:0', grad_fn=<AddBackward0>)
2025-03-09 14:03:57,828 :: DEBUG :: evodenss.train.trainers :: [25] -- Loss: 79974.984
2025-03-09 14:03:57,828 :: DEBUG :: evodenss.train.trainers :: [25] -- =============================================================
2025-03-09 14:03:58,215 :: DEBUG :: evodenss.train.trainers :: [25] -- Starting Downstream Epoch 60
2025-03-09 14:03:59,631 :: DEBUG :: evodenss.train.trainers :: [25] -- Loss: 80056.695
2025-03-09 14:03:59,631 :: DEBUG :: evodenss.train.trainers :: [25] -- =============================================================
2025-03-09 14:04:00,011 :: DEBUG :: evodenss.train.trainers :: [25] -- Starting Downstream Epoch 61
2025-03-09 14:04:01,438 :: DEBUG :: evodenss.train.trainers :: [25] -- Loss: 80101.828
2025-03-09 14:04:01,439 :: DEBUG :: evodenss.train.trainers :: [25] -- =============================================================
2025-03-09 14:04:01,824 :: DEBUG :: evodenss.train.trainers :: [25] -- Starting Downstream Epoch 62
2025-03-09 14:04:03,243 :: DEBUG :: evodenss.train.trainers :: [25] -- Loss: 78914.93
2025-03-09 14:04:03,243 :: DEBUG :: evodenss.train.trainers :: [25] -- =============================================================
2025-03-09 14:04:03,621 :: DEBUG :: evodenss.train.trainers :: [25] -- Starting Downstream Epoch 63
2025-03-09 14:04:05,052 :: DEBUG :: evodenss.train.trainers :: [25] -- Loss: 78883.844
2025-03-09 14:04:05,052 :: DEBUG :: evodenss.train.trainers :: [25] -- =============================================================
2025-03-09 14:04:05,437 :: DEBUG :: evodenss.train.trainers :: [25] -- Starting Downstream Epoch 64
2025-03-09 14:04:06,881 :: INFO :: evodenss.train.trainers :: [25] -- [1.44s] TRAIN epoch 64 -- loss: tensor([79665.0547], device='cuda:0', grad_fn=<AddBackward0>)
2025-03-09 14:04:06,882 :: DEBUG :: evodenss.train.trainers :: [25] -- Loss: 79665.055
2025-03-09 14:04:06,882 :: DEBUG :: evodenss.train.trainers :: [25] -- =============================================================
2025-03-09 14:04:07,286 :: DEBUG :: evodenss.train.trainers :: [25] -- Starting Downstream Epoch 65
2025-03-09 14:04:08,728 :: DEBUG :: evodenss.train.trainers :: [25] -- Loss: 79500.109
2025-03-09 14:04:08,728 :: DEBUG :: evodenss.train.trainers :: [25] -- =============================================================
2025-03-09 14:04:09,312 :: DEBUG :: evodenss.train.trainers :: [25] -- Starting Downstream Epoch 66
2025-03-09 14:04:10,750 :: DEBUG :: evodenss.train.trainers :: [25] -- Loss: 79319.867
2025-03-09 14:04:10,750 :: DEBUG :: evodenss.train.trainers :: [25] -- =============================================================
2025-03-09 14:04:11,137 :: DEBUG :: evodenss.train.trainers :: [25] -- Starting Downstream Epoch 67
2025-03-09 14:04:12,566 :: DEBUG :: evodenss.train.trainers :: [25] -- Loss: 78559.984
2025-03-09 14:04:12,566 :: DEBUG :: evodenss.train.trainers :: [25] -- =============================================================
2025-03-09 14:04:12,949 :: DEBUG :: evodenss.train.trainers :: [25] -- Starting Downstream Epoch 68
2025-03-09 14:04:14,406 :: DEBUG :: evodenss.train.trainers :: [25] -- Loss: 78804.359
2025-03-09 14:04:14,407 :: DEBUG :: evodenss.train.trainers :: [25] -- =============================================================
2025-03-09 14:04:14,788 :: DEBUG :: evodenss.train.trainers :: [25] -- Starting Downstream Epoch 69
2025-03-09 14:04:16,205 :: INFO :: evodenss.train.trainers :: [25] -- [1.42s] TRAIN epoch 69 -- loss: tensor([79379.4141], device='cuda:0', grad_fn=<AddBackward0>)
2025-03-09 14:04:16,205 :: DEBUG :: evodenss.train.trainers :: [25] -- Loss: 79379.414
2025-03-09 14:04:16,205 :: DEBUG :: evodenss.train.trainers :: [25] -- =============================================================
2025-03-09 14:04:16,591 :: DEBUG :: evodenss.train.trainers :: [25] -- Starting Downstream Epoch 70
2025-03-09 14:04:18,009 :: DEBUG :: evodenss.train.trainers :: [25] -- Loss: 78425.906
2025-03-09 14:04:18,010 :: DEBUG :: evodenss.train.trainers :: [25] -- =============================================================
2025-03-09 14:04:18,409 :: DEBUG :: evodenss.train.trainers :: [25] -- Starting Downstream Epoch 71
2025-03-09 14:04:19,842 :: DEBUG :: evodenss.train.trainers :: [25] -- Loss: 78166.352
2025-03-09 14:04:19,842 :: DEBUG :: evodenss.train.trainers :: [25] -- =============================================================
2025-03-09 14:04:20,218 :: DEBUG :: evodenss.train.trainers :: [25] -- Starting Downstream Epoch 72
2025-03-09 14:04:21,643 :: DEBUG :: evodenss.train.trainers :: [25] -- Loss: 77271.32
2025-03-09 14:04:21,644 :: DEBUG :: evodenss.train.trainers :: [25] -- =============================================================
2025-03-09 14:04:22,027 :: DEBUG :: evodenss.train.trainers :: [25] -- Starting Downstream Epoch 73
2025-03-09 14:04:23,444 :: DEBUG :: evodenss.train.trainers :: [25] -- Loss: 78331.875
2025-03-09 14:04:23,444 :: DEBUG :: evodenss.train.trainers :: [25] -- =============================================================
2025-03-09 14:04:23,844 :: DEBUG :: evodenss.train.trainers :: [25] -- Starting Downstream Epoch 74
2025-03-09 14:04:25,292 :: INFO :: evodenss.train.trainers :: [25] -- [1.45s] TRAIN epoch 74 -- loss: tensor([77805.1250], device='cuda:0', grad_fn=<AddBackward0>)
2025-03-09 14:04:25,293 :: DEBUG :: evodenss.train.trainers :: [25] -- Loss: 77805.125
2025-03-09 14:04:25,293 :: DEBUG :: evodenss.train.trainers :: [25] -- =============================================================
2025-03-09 14:04:25,678 :: DEBUG :: evodenss.train.trainers :: [25] -- Starting Downstream Epoch 75
2025-03-09 14:04:27,108 :: DEBUG :: evodenss.train.trainers :: [25] -- Loss: 78460.547
2025-03-09 14:04:27,108 :: DEBUG :: evodenss.train.trainers :: [25] -- =============================================================
2025-03-09 14:04:27,507 :: DEBUG :: evodenss.train.trainers :: [25] -- Starting Downstream Epoch 76
2025-03-09 14:04:28,946 :: DEBUG :: evodenss.train.trainers :: [25] -- Loss: 77837.688
2025-03-09 14:04:28,946 :: DEBUG :: evodenss.train.trainers :: [25] -- =============================================================
2025-03-09 14:04:29,330 :: DEBUG :: evodenss.train.trainers :: [25] -- Starting Downstream Epoch 77
2025-03-09 14:04:30,751 :: DEBUG :: evodenss.train.trainers :: [25] -- Loss: 77875.422
2025-03-09 14:04:30,752 :: DEBUG :: evodenss.train.trainers :: [25] -- =============================================================
2025-03-09 14:04:31,136 :: DEBUG :: evodenss.train.trainers :: [25] -- Starting Downstream Epoch 78
2025-03-09 14:04:32,579 :: DEBUG :: evodenss.train.trainers :: [25] -- Loss: 78161.875
2025-03-09 14:04:32,579 :: DEBUG :: evodenss.train.trainers :: [25] -- =============================================================
2025-03-09 14:04:32,962 :: DEBUG :: evodenss.train.trainers :: [25] -- Starting Downstream Epoch 79
2025-03-09 14:04:34,378 :: INFO :: evodenss.train.trainers :: [25] -- [1.41s] TRAIN epoch 79 -- loss: tensor([77214.6875], device='cuda:0', grad_fn=<AddBackward0>)
2025-03-09 14:04:34,379 :: DEBUG :: evodenss.train.trainers :: [25] -- Loss: 77214.688
2025-03-09 14:04:34,379 :: DEBUG :: evodenss.train.trainers :: [25] -- =============================================================
2025-03-09 14:04:34,758 :: DEBUG :: evodenss.train.trainers :: [25] -- Starting Downstream Epoch 80
2025-03-09 14:04:36,196 :: DEBUG :: evodenss.train.trainers :: [25] -- Loss: 77195.398
2025-03-09 14:04:36,196 :: DEBUG :: evodenss.train.trainers :: [25] -- =============================================================
2025-03-09 14:04:36,582 :: DEBUG :: evodenss.train.trainers :: [25] -- Starting Downstream Epoch 81
2025-03-09 14:04:38,014 :: DEBUG :: evodenss.train.trainers :: [25] -- Loss: 76804.172
2025-03-09 14:04:38,015 :: DEBUG :: evodenss.train.trainers :: [25] -- =============================================================
2025-03-09 14:04:38,418 :: DEBUG :: evodenss.train.trainers :: [25] -- Starting Downstream Epoch 82
2025-03-09 14:04:39,875 :: DEBUG :: evodenss.train.trainers :: [25] -- Loss: 76411.828
2025-03-09 14:04:39,875 :: DEBUG :: evodenss.train.trainers :: [25] -- =============================================================
2025-03-09 14:04:40,281 :: DEBUG :: evodenss.train.trainers :: [25] -- Starting Downstream Epoch 83
2025-03-09 14:04:41,713 :: DEBUG :: evodenss.train.trainers :: [25] -- Loss: 77143.586
2025-03-09 14:04:41,713 :: DEBUG :: evodenss.train.trainers :: [25] -- =============================================================
2025-03-09 14:04:42,096 :: DEBUG :: evodenss.train.trainers :: [25] -- Starting Downstream Epoch 84
2025-03-09 14:04:43,525 :: INFO :: evodenss.train.trainers :: [25] -- [1.43s] TRAIN epoch 84 -- loss: tensor([76157.2188], device='cuda:0', grad_fn=<AddBackward0>)
2025-03-09 14:04:43,525 :: DEBUG :: evodenss.train.trainers :: [25] -- Loss: 76157.219
2025-03-09 14:04:43,525 :: DEBUG :: evodenss.train.trainers :: [25] -- =============================================================
2025-03-09 14:04:43,903 :: DEBUG :: evodenss.train.trainers :: [25] -- Starting Downstream Epoch 85
2025-03-09 14:04:45,331 :: DEBUG :: evodenss.train.trainers :: [25] -- Loss: 76535.633
2025-03-09 14:04:45,332 :: DEBUG :: evodenss.train.trainers :: [25] -- =============================================================
2025-03-09 14:04:45,720 :: DEBUG :: evodenss.train.trainers :: [25] -- Starting Downstream Epoch 86
2025-03-09 14:04:47,138 :: DEBUG :: evodenss.train.trainers :: [25] -- Loss: 76151.766
2025-03-09 14:04:47,139 :: DEBUG :: evodenss.train.trainers :: [25] -- =============================================================
2025-03-09 14:04:47,518 :: DEBUG :: evodenss.train.trainers :: [25] -- Starting Downstream Epoch 87
2025-03-09 14:04:48,963 :: DEBUG :: evodenss.train.trainers :: [25] -- Loss: 77291.945
2025-03-09 14:04:48,964 :: DEBUG :: evodenss.train.trainers :: [25] -- =============================================================
2025-03-09 14:04:49,363 :: DEBUG :: evodenss.train.trainers :: [25] -- Starting Downstream Epoch 88
2025-03-09 14:04:50,803 :: DEBUG :: evodenss.train.trainers :: [25] -- Loss: 76107.43
2025-03-09 14:04:50,803 :: DEBUG :: evodenss.train.trainers :: [25] -- =============================================================
2025-03-09 14:04:51,188 :: DEBUG :: evodenss.train.trainers :: [25] -- Starting Downstream Epoch 89
2025-03-09 14:04:52,601 :: INFO :: evodenss.train.trainers :: [25] -- [1.41s] TRAIN epoch 89 -- loss: tensor([75723.8203], device='cuda:0', grad_fn=<AddBackward0>)
2025-03-09 14:04:52,601 :: DEBUG :: evodenss.train.trainers :: [25] -- Loss: 75723.82
2025-03-09 14:04:52,601 :: DEBUG :: evodenss.train.trainers :: [25] -- =============================================================
2025-03-09 14:04:52,985 :: DEBUG :: evodenss.train.trainers :: [25] -- Starting Downstream Epoch 90
2025-03-09 14:04:54,475 :: DEBUG :: evodenss.train.trainers :: [25] -- Loss: 76860.312
2025-03-09 14:04:54,476 :: DEBUG :: evodenss.train.trainers :: [25] -- =============================================================
2025-03-09 14:04:54,856 :: DEBUG :: evodenss.train.trainers :: [25] -- Starting Downstream Epoch 91
2025-03-09 14:04:56,292 :: DEBUG :: evodenss.train.trainers :: [25] -- Loss: 75936.422
2025-03-09 14:04:56,293 :: DEBUG :: evodenss.train.trainers :: [25] -- =============================================================
2025-03-09 14:04:56,677 :: DEBUG :: evodenss.train.trainers :: [25] -- Starting Downstream Epoch 92
2025-03-09 14:04:58,117 :: DEBUG :: evodenss.train.trainers :: [25] -- Loss: 75671.367
2025-03-09 14:04:58,118 :: DEBUG :: evodenss.train.trainers :: [25] -- =============================================================
2025-03-09 14:04:58,500 :: DEBUG :: evodenss.train.trainers :: [25] -- Starting Downstream Epoch 93
2025-03-09 14:04:59,932 :: DEBUG :: evodenss.train.trainers :: [25] -- Loss: 74920.75
2025-03-09 14:04:59,932 :: DEBUG :: evodenss.train.trainers :: [25] -- =============================================================
2025-03-09 14:05:00,312 :: DEBUG :: evodenss.train.trainers :: [25] -- Starting Downstream Epoch 94
2025-03-09 14:05:01,741 :: INFO :: evodenss.train.trainers :: [25] -- [1.43s] TRAIN epoch 94 -- loss: tensor([75758.6328], device='cuda:0', grad_fn=<AddBackward0>)
2025-03-09 14:05:01,742 :: DEBUG :: evodenss.train.trainers :: [25] -- Loss: 75758.633
2025-03-09 14:05:01,742 :: DEBUG :: evodenss.train.trainers :: [25] -- =============================================================
2025-03-09 14:05:02,126 :: DEBUG :: evodenss.train.trainers :: [25] -- Starting Downstream Epoch 95
2025-03-09 14:05:03,541 :: DEBUG :: evodenss.train.trainers :: [25] -- Loss: 75146.57
2025-03-09 14:05:03,541 :: DEBUG :: evodenss.train.trainers :: [25] -- =============================================================
2025-03-09 14:05:03,931 :: DEBUG :: evodenss.train.trainers :: [25] -- Starting Downstream Epoch 96
2025-03-09 14:05:05,375 :: DEBUG :: evodenss.train.trainers :: [25] -- Loss: 75414.477
2025-03-09 14:05:05,375 :: DEBUG :: evodenss.train.trainers :: [25] -- =============================================================
2025-03-09 14:05:05,760 :: DEBUG :: evodenss.train.trainers :: [25] -- Starting Downstream Epoch 97
2025-03-09 14:05:07,188 :: DEBUG :: evodenss.train.trainers :: [25] -- Loss: 74802.25
2025-03-09 14:05:07,188 :: DEBUG :: evodenss.train.trainers :: [25] -- =============================================================
2025-03-09 14:05:07,571 :: DEBUG :: evodenss.train.trainers :: [25] -- Starting Downstream Epoch 98
2025-03-09 14:05:09,001 :: DEBUG :: evodenss.train.trainers :: [25] -- Loss: 75792.453
2025-03-09 14:05:09,001 :: DEBUG :: evodenss.train.trainers :: [25] -- =============================================================
2025-03-09 14:05:09,383 :: DEBUG :: evodenss.train.trainers :: [25] -- Starting Downstream Epoch 99
2025-03-09 14:05:10,825 :: INFO :: evodenss.train.trainers :: [25] -- [1.44s] TRAIN epoch 99 -- loss: tensor([74636.5547], device='cuda:0', grad_fn=<AddBackward0>)
2025-03-09 14:05:10,826 :: DEBUG :: evodenss.train.trainers :: [25] -- Loss: 74636.555
2025-03-09 14:05:10,826 :: DEBUG :: evodenss.train.trainers :: [25] -- =============================================================
2025-03-09 14:05:11,703 :: INFO :: evodenss.evolution.engine :: [25] -- Selecting the fittest individual
2025-03-09 14:05:11,704 :: INFO :: evodenss.evolution.operators.selection :: [25] -- Parent: idx: 0, id: 0
2025-03-09 14:05:11,704 :: INFO :: evodenss.evolution.operators.selection :: [25] -- Training times: [1000]
2025-03-09 14:05:11,704 :: INFO :: evodenss.evolution.operators.selection :: [25] -- ids: [0]
2025-03-09 14:05:11,710 :: INFO :: evodenss.evolution.engine :: [25] -- Fitnesses: [4067.14307]
2025-03-09 14:05:12,343 :: INFO :: evodenss.evolution.engine :: [25] -- Generation best test fitness: tensor([20696.3965], device='cuda:0')
2025-03-09 14:05:12,344 :: INFO :: evodenss.evolution.engine :: [25] -- Best fitness of generation 0: 4067.14307
2025-03-09 14:05:12,344 :: INFO :: evodenss.evolution.engine :: [25] -- Best overall fitness: 4067.14307



2025-03-09 14:05:12,408 :: INFO :: __main__ :: [25] -- Printing the best individual in the current run.

2025-03-09 14:05:12,922 :: DEBUG :: matplotlib.pyplot :: [25] -- Loaded backend agg version v2.2.
2025-03-09 14:05:12,930 :: DEBUG :: matplotlib.font_manager :: [25] -- findfont: Matching sans\-serif:style=normal:variant=normal:weight=normal:stretch=normal:size=10.0.
2025-03-09 14:05:12,931 :: DEBUG :: matplotlib.font_manager :: [25] -- findfont: score(FontEntry(fname='/u/mcarollo/.conda/envs/argo/lib/python3.10/site-packages/matplotlib/mpl-data/fonts/ttf/cmb10.ttf', name='cmb10', style='normal', variant='normal', weight=400, stretch='normal', size='scalable')) = 10.05
2025-03-09 14:05:12,931 :: DEBUG :: matplotlib.font_manager :: [25] -- findfont: score(FontEntry(fname='/u/mcarollo/.conda/envs/argo/lib/python3.10/site-packages/matplotlib/mpl-data/fonts/ttf/DejaVuSansMono-BoldOblique.ttf', name='DejaVu Sans Mono', style='oblique', variant='normal', weight=700, stretch='normal', size='scalable')) = 11.335
2025-03-09 14:05:12,931 :: DEBUG :: matplotlib.font_manager :: [25] -- findfont: score(FontEntry(fname='/u/mcarollo/.conda/envs/argo/lib/python3.10/site-packages/matplotlib/mpl-data/fonts/ttf/STIXNonUniIta.ttf', name='STIXNonUnicode', style='italic', variant='normal', weight=400, stretch='normal', size='scalable')) = 11.05
2025-03-09 14:05:12,931 :: DEBUG :: matplotlib.font_manager :: [25] -- findfont: score(FontEntry(fname='/u/mcarollo/.conda/envs/argo/lib/python3.10/site-packages/matplotlib/mpl-data/fonts/ttf/DejaVuSansMono-Bold.ttf', name='DejaVu Sans Mono', style='normal', variant='normal', weight=700, stretch='normal', size='scalable')) = 10.335
2025-03-09 14:05:12,932 :: DEBUG :: matplotlib.font_manager :: [25] -- findfont: score(FontEntry(fname='/u/mcarollo/.conda/envs/argo/lib/python3.10/site-packages/matplotlib/mpl-data/fonts/ttf/DejaVuSans.ttf', name='DejaVu Sans', style='normal', variant='normal', weight=400, stretch='normal', size='scalable')) = 0.05
2025-03-09 14:05:12,932 :: DEBUG :: matplotlib.font_manager :: [25] -- findfont: score(FontEntry(fname='/u/mcarollo/.conda/envs/argo/lib/python3.10/site-packages/matplotlib/mpl-data/fonts/ttf/DejaVuSansMono-Oblique.ttf', name='DejaVu Sans Mono', style='oblique', variant='normal', weight=400, stretch='normal', size='scalable')) = 11.05
2025-03-09 14:05:12,932 :: DEBUG :: matplotlib.font_manager :: [25] -- findfont: score(FontEntry(fname='/u/mcarollo/.conda/envs/argo/lib/python3.10/site-packages/matplotlib/mpl-data/fonts/ttf/cmr10.ttf', name='cmr10', style='normal', variant='normal', weight=400, stretch='normal', size='scalable')) = 10.05
2025-03-09 14:05:12,932 :: DEBUG :: matplotlib.font_manager :: [25] -- findfont: score(FontEntry(fname='/u/mcarollo/.conda/envs/argo/lib/python3.10/site-packages/matplotlib/mpl-data/fonts/ttf/STIXGeneralBolIta.ttf', name='STIXGeneral', style='italic', variant='normal', weight=700, stretch='normal', size='scalable')) = 11.335
2025-03-09 14:05:12,932 :: DEBUG :: matplotlib.font_manager :: [25] -- findfont: score(FontEntry(fname='/u/mcarollo/.conda/envs/argo/lib/python3.10/site-packages/matplotlib/mpl-data/fonts/ttf/cmex10.ttf', name='cmex10', style='normal', variant='normal', weight=400, stretch='normal', size='scalable')) = 10.05
2025-03-09 14:05:12,932 :: DEBUG :: matplotlib.font_manager :: [25] -- findfont: score(FontEntry(fname='/u/mcarollo/.conda/envs/argo/lib/python3.10/site-packages/matplotlib/mpl-data/fonts/ttf/STIXSizFiveSymReg.ttf', name='STIXSizeFiveSym', style='normal', variant='normal', weight=400, stretch='normal', size='scalable')) = 10.05
2025-03-09 14:05:12,932 :: DEBUG :: matplotlib.font_manager :: [25] -- findfont: score(FontEntry(fname='/u/mcarollo/.conda/envs/argo/lib/python3.10/site-packages/matplotlib/mpl-data/fonts/ttf/STIXSizFourSymReg.ttf', name='STIXSizeFourSym', style='normal', variant='normal', weight=400, stretch='normal', size='scalable')) = 10.05
2025-03-09 14:05:12,932 :: DEBUG :: matplotlib.font_manager :: [25] -- findfont: score(FontEntry(fname='/u/mcarollo/.conda/envs/argo/lib/python3.10/site-packages/matplotlib/mpl-data/fonts/ttf/STIXSizOneSymBol.ttf', name='STIXSizeOneSym', style='normal', variant='normal', weight=700, stretch='normal', size='scalable')) = 10.335
2025-03-09 14:05:12,932 :: DEBUG :: matplotlib.font_manager :: [25] -- findfont: score(FontEntry(fname='/u/mcarollo/.conda/envs/argo/lib/python3.10/site-packages/matplotlib/mpl-data/fonts/ttf/cmtt10.ttf', name='cmtt10', style='normal', variant='normal', weight=400, stretch='normal', size='scalable')) = 10.05
2025-03-09 14:05:12,932 :: DEBUG :: matplotlib.font_manager :: [25] -- findfont: score(FontEntry(fname='/u/mcarollo/.conda/envs/argo/lib/python3.10/site-packages/matplotlib/mpl-data/fonts/ttf/DejaVuSansDisplay.ttf', name='DejaVu Sans Display', style='normal', variant='normal', weight=400, stretch='normal', size='scalable')) = 10.05
2025-03-09 14:05:12,932 :: DEBUG :: matplotlib.font_manager :: [25] -- findfont: score(FontEntry(fname='/u/mcarollo/.conda/envs/argo/lib/python3.10/site-packages/matplotlib/mpl-data/fonts/ttf/STIXGeneralItalic.ttf', name='STIXGeneral', style='italic', variant='normal', weight=400, stretch='normal', size='scalable')) = 11.05
2025-03-09 14:05:12,932 :: DEBUG :: matplotlib.font_manager :: [25] -- findfont: score(FontEntry(fname='/u/mcarollo/.conda/envs/argo/lib/python3.10/site-packages/matplotlib/mpl-data/fonts/ttf/STIXNonUniBolIta.ttf', name='STIXNonUnicode', style='italic', variant='normal', weight=700, stretch='normal', size='scalable')) = 11.335
2025-03-09 14:05:12,932 :: DEBUG :: matplotlib.font_manager :: [25] -- findfont: score(FontEntry(fname='/u/mcarollo/.conda/envs/argo/lib/python3.10/site-packages/matplotlib/mpl-data/fonts/ttf/STIXSizThreeSymBol.ttf', name='STIXSizeThreeSym', style='normal', variant='normal', weight=700, stretch='normal', size='scalable')) = 10.335
2025-03-09 14:05:12,933 :: DEBUG :: matplotlib.font_manager :: [25] -- findfont: score(FontEntry(fname='/u/mcarollo/.conda/envs/argo/lib/python3.10/site-packages/matplotlib/mpl-data/fonts/ttf/DejaVuSerif-Bold.ttf', name='DejaVu Serif', style='normal', variant='normal', weight=700, stretch='normal', size='scalable')) = 10.335
2025-03-09 14:05:12,933 :: DEBUG :: matplotlib.font_manager :: [25] -- findfont: score(FontEntry(fname='/u/mcarollo/.conda/envs/argo/lib/python3.10/site-packages/matplotlib/mpl-data/fonts/ttf/cmsy10.ttf', name='cmsy10', style='normal', variant='normal', weight=400, stretch='normal', size='scalable')) = 10.05
2025-03-09 14:05:12,933 :: DEBUG :: matplotlib.font_manager :: [25] -- findfont: score(FontEntry(fname='/u/mcarollo/.conda/envs/argo/lib/python3.10/site-packages/matplotlib/mpl-data/fonts/ttf/DejaVuSans-Bold.ttf', name='DejaVu Sans', style='normal', variant='normal', weight=700, stretch='normal', size='scalable')) = 0.33499999999999996
2025-03-09 14:05:12,933 :: DEBUG :: matplotlib.font_manager :: [25] -- findfont: score(FontEntry(fname='/u/mcarollo/.conda/envs/argo/lib/python3.10/site-packages/matplotlib/mpl-data/fonts/ttf/DejaVuSerifDisplay.ttf', name='DejaVu Serif Display', style='normal', variant='normal', weight=400, stretch='normal', size='scalable')) = 10.05
2025-03-09 14:05:12,933 :: DEBUG :: matplotlib.font_manager :: [25] -- findfont: score(FontEntry(fname='/u/mcarollo/.conda/envs/argo/lib/python3.10/site-packages/matplotlib/mpl-data/fonts/ttf/DejaVuSans-Oblique.ttf', name='DejaVu Sans', style='oblique', variant='normal', weight=400, stretch='normal', size='scalable')) = 1.05
2025-03-09 14:05:12,933 :: DEBUG :: matplotlib.font_manager :: [25] -- findfont: score(FontEntry(fname='/u/mcarollo/.conda/envs/argo/lib/python3.10/site-packages/matplotlib/mpl-data/fonts/ttf/STIXSizThreeSymReg.ttf', name='STIXSizeThreeSym', style='normal', variant='normal', weight=400, stretch='normal', size='scalable')) = 10.05
2025-03-09 14:05:12,933 :: DEBUG :: matplotlib.font_manager :: [25] -- findfont: score(FontEntry(fname='/u/mcarollo/.conda/envs/argo/lib/python3.10/site-packages/matplotlib/mpl-data/fonts/ttf/DejaVuSerif-Italic.ttf', name='DejaVu Serif', style='italic', variant='normal', weight=400, stretch='normal', size='scalable')) = 11.05
2025-03-09 14:05:12,933 :: DEBUG :: matplotlib.font_manager :: [25] -- findfont: score(FontEntry(fname='/u/mcarollo/.conda/envs/argo/lib/python3.10/site-packages/matplotlib/mpl-data/fonts/ttf/STIXSizTwoSymReg.ttf', name='STIXSizeTwoSym', style='normal', variant='normal', weight=400, stretch='normal', size='scalable')) = 10.05
2025-03-09 14:05:12,933 :: DEBUG :: matplotlib.font_manager :: [25] -- findfont: score(FontEntry(fname='/u/mcarollo/.conda/envs/argo/lib/python3.10/site-packages/matplotlib/mpl-data/fonts/ttf/STIXNonUniBol.ttf', name='STIXNonUnicode', style='normal', variant='normal', weight=700, stretch='normal', size='scalable')) = 10.335
2025-03-09 14:05:12,933 :: DEBUG :: matplotlib.font_manager :: [25] -- findfont: score(FontEntry(fname='/u/mcarollo/.conda/envs/argo/lib/python3.10/site-packages/matplotlib/mpl-data/fonts/ttf/STIXNonUni.ttf', name='STIXNonUnicode', style='normal', variant='normal', weight=400, stretch='normal', size='scalable')) = 10.05
2025-03-09 14:05:12,933 :: DEBUG :: matplotlib.font_manager :: [25] -- findfont: score(FontEntry(fname='/u/mcarollo/.conda/envs/argo/lib/python3.10/site-packages/matplotlib/mpl-data/fonts/ttf/STIXSizOneSymReg.ttf', name='STIXSizeOneSym', style='normal', variant='normal', weight=400, stretch='normal', size='scalable')) = 10.05
2025-03-09 14:05:12,933 :: DEBUG :: matplotlib.font_manager :: [25] -- findfont: score(FontEntry(fname='/u/mcarollo/.conda/envs/argo/lib/python3.10/site-packages/matplotlib/mpl-data/fonts/ttf/STIXGeneral.ttf', name='STIXGeneral', style='normal', variant='normal', weight=400, stretch='normal', size='scalable')) = 10.05
2025-03-09 14:05:12,933 :: DEBUG :: matplotlib.font_manager :: [25] -- findfont: score(FontEntry(fname='/u/mcarollo/.conda/envs/argo/lib/python3.10/site-packages/matplotlib/mpl-data/fonts/ttf/DejaVuSerif-BoldItalic.ttf', name='DejaVu Serif', style='italic', variant='normal', weight=700, stretch='normal', size='scalable')) = 11.335
2025-03-09 14:05:12,934 :: DEBUG :: matplotlib.font_manager :: [25] -- findfont: score(FontEntry(fname='/u/mcarollo/.conda/envs/argo/lib/python3.10/site-packages/matplotlib/mpl-data/fonts/ttf/STIXSizTwoSymBol.ttf', name='STIXSizeTwoSym', style='normal', variant='normal', weight=700, stretch='normal', size='scalable')) = 10.335
2025-03-09 14:05:12,934 :: DEBUG :: matplotlib.font_manager :: [25] -- findfont: score(FontEntry(fname='/u/mcarollo/.conda/envs/argo/lib/python3.10/site-packages/matplotlib/mpl-data/fonts/ttf/STIXGeneralBol.ttf', name='STIXGeneral', style='normal', variant='normal', weight=700, stretch='normal', size='scalable')) = 10.335
2025-03-09 14:05:12,934 :: DEBUG :: matplotlib.font_manager :: [25] -- findfont: score(FontEntry(fname='/u/mcarollo/.conda/envs/argo/lib/python3.10/site-packages/matplotlib/mpl-data/fonts/ttf/STIXSizFourSymBol.ttf', name='STIXSizeFourSym', style='normal', variant='normal', weight=700, stretch='normal', size='scalable')) = 10.335
2025-03-09 14:05:12,934 :: DEBUG :: matplotlib.font_manager :: [25] -- findfont: score(FontEntry(fname='/u/mcarollo/.conda/envs/argo/lib/python3.10/site-packages/matplotlib/mpl-data/fonts/ttf/DejaVuSansMono.ttf', name='DejaVu Sans Mono', style='normal', variant='normal', weight=400, stretch='normal', size='scalable')) = 10.05
2025-03-09 14:05:12,934 :: DEBUG :: matplotlib.font_manager :: [25] -- findfont: score(FontEntry(fname='/u/mcarollo/.conda/envs/argo/lib/python3.10/site-packages/matplotlib/mpl-data/fonts/ttf/DejaVuSerif.ttf', name='DejaVu Serif', style='normal', variant='normal', weight=400, stretch='normal', size='scalable')) = 10.05
2025-03-09 14:05:12,934 :: DEBUG :: matplotlib.font_manager :: [25] -- findfont: score(FontEntry(fname='/u/mcarollo/.conda/envs/argo/lib/python3.10/site-packages/matplotlib/mpl-data/fonts/ttf/cmmi10.ttf', name='cmmi10', style='normal', variant='normal', weight=400, stretch='normal', size='scalable')) = 10.05
2025-03-09 14:05:12,934 :: DEBUG :: matplotlib.font_manager :: [25] -- findfont: score(FontEntry(fname='/u/mcarollo/.conda/envs/argo/lib/python3.10/site-packages/matplotlib/mpl-data/fonts/ttf/cmss10.ttf', name='cmss10', style='normal', variant='normal', weight=400, stretch='normal', size='scalable')) = 10.05
2025-03-09 14:05:12,934 :: DEBUG :: matplotlib.font_manager :: [25] -- findfont: score(FontEntry(fname='/u/mcarollo/.conda/envs/argo/lib/python3.10/site-packages/matplotlib/mpl-data/fonts/ttf/DejaVuSans-BoldOblique.ttf', name='DejaVu Sans', style='oblique', variant='normal', weight=700, stretch='normal', size='scalable')) = 1.335
2025-03-09 14:05:12,934 :: DEBUG :: matplotlib.font_manager :: [25] -- findfont: score(FontEntry(fname='/usr/share/fonts/dejavu-sans-fonts/DejaVuSansCondensed.ttf', name='DejaVu Sans', style='normal', variant='normal', weight=400, stretch='condensed', size='scalable')) = 0.25
2025-03-09 14:05:12,934 :: DEBUG :: matplotlib.font_manager :: [25] -- findfont: score(FontEntry(fname='/usr/share/fonts/dejavu-sans-fonts/DejaVuSans-Bold.ttf', name='DejaVu Sans', style='normal', variant='normal', weight=700, stretch='normal', size='scalable')) = 0.33499999999999996
2025-03-09 14:05:12,934 :: DEBUG :: matplotlib.font_manager :: [25] -- findfont: score(FontEntry(fname='/usr/share/fonts/dejavu-sans-fonts/DejaVuSans.ttf', name='DejaVu Sans', style='normal', variant='normal', weight=400, stretch='normal', size='scalable')) = 0.05
2025-03-09 14:05:12,934 :: DEBUG :: matplotlib.font_manager :: [25] -- findfont: score(FontEntry(fname='/usr/share/fonts/dejavu-sans-fonts/DejaVuSans-Oblique.ttf', name='DejaVu Sans', style='oblique', variant='normal', weight=400, stretch='normal', size='scalable')) = 1.05
2025-03-09 14:05:12,934 :: DEBUG :: matplotlib.font_manager :: [25] -- findfont: score(FontEntry(fname='/usr/share/fonts/adobe-source-code-pro/SourceCodePro-Black.otf', name='Source Code Pro', style='normal', variant='normal', weight=900, stretch='normal', size='scalable')) = 10.525
2025-03-09 14:05:12,935 :: DEBUG :: matplotlib.font_manager :: [25] -- findfont: score(FontEntry(fname='/usr/share/fonts/adobe-source-code-pro/SourceCodePro-BoldIt.otf', name='Source Code Pro', style='italic', variant='normal', weight=700, stretch='normal', size='scalable')) = 11.335
2025-03-09 14:05:12,935 :: DEBUG :: matplotlib.font_manager :: [25] -- findfont: score(FontEntry(fname='/usr/share/fonts/cantarell/Cantarell-ExtraBold.otf', name='Cantarell', style='normal', variant='normal', weight=800, stretch='normal', size='scalable')) = 10.43
2025-03-09 14:05:12,935 :: DEBUG :: matplotlib.font_manager :: [25] -- findfont: score(FontEntry(fname='/usr/share/fonts/adobe-source-code-pro/SourceCodePro-Medium.otf', name='Source Code Pro', style='normal', variant='normal', weight=500, stretch='normal', size='scalable')) = 10.145
2025-03-09 14:05:12,935 :: DEBUG :: matplotlib.font_manager :: [25] -- findfont: score(FontEntry(fname='/usr/share/fonts/dejavu-sans-fonts/DejaVuSansCondensed-Oblique.ttf', name='DejaVu Sans', style='oblique', variant='normal', weight=400, stretch='condensed', size='scalable')) = 1.25
2025-03-09 14:05:12,935 :: DEBUG :: matplotlib.font_manager :: [25] -- findfont: score(FontEntry(fname='/usr/share/fonts/adobe-source-code-pro/SourceCodePro-BlackIt.otf', name='Source Code Pro', style='italic', variant='normal', weight=900, stretch='normal', size='scalable')) = 11.525
2025-03-09 14:05:12,935 :: DEBUG :: matplotlib.font_manager :: [25] -- findfont: score(FontEntry(fname='/usr/share/fonts/adobe-source-code-pro/SourceCodePro-It.otf', name='Source Code Pro', style='italic', variant='normal', weight=400, stretch='normal', size='scalable')) = 11.05
2025-03-09 14:05:12,935 :: DEBUG :: matplotlib.font_manager :: [25] -- findfont: score(FontEntry(fname='/usr/share/fonts/adobe-source-code-pro/SourceCodePro-Bold.otf', name='Source Code Pro', style='normal', variant='normal', weight=700, stretch='normal', size='scalable')) = 10.335
2025-03-09 14:05:12,935 :: DEBUG :: matplotlib.font_manager :: [25] -- findfont: score(FontEntry(fname='/usr/share/fonts/dejavu-sans-fonts/DejaVuSans-ExtraLight.ttf', name='DejaVu Sans', style='normal', variant='normal', weight=200, stretch='normal', size='scalable')) = 0.24
2025-03-09 14:05:12,935 :: DEBUG :: matplotlib.font_manager :: [25] -- findfont: score(FontEntry(fname='/usr/share/fonts/adobe-source-code-pro/SourceCodePro-ExtraLightIt.otf', name='Source Code Pro', style='italic', variant='normal', weight=200, stretch='normal', size='scalable')) = 11.24
2025-03-09 14:05:12,935 :: DEBUG :: matplotlib.font_manager :: [25] -- findfont: score(FontEntry(fname='/usr/share/fonts/adobe-source-code-pro/SourceCodePro-SemiboldIt.otf', name='Source Code Pro', style='italic', variant='normal', weight=600, stretch='normal', size='scalable')) = 11.24
2025-03-09 14:05:12,935 :: DEBUG :: matplotlib.font_manager :: [25] -- findfont: score(FontEntry(fname='/usr/share/fonts/adobe-source-code-pro/SourceCodePro-ExtraLight.otf', name='Source Code Pro', style='normal', variant='normal', weight=200, stretch='normal', size='scalable')) = 10.24
2025-03-09 14:05:12,935 :: DEBUG :: matplotlib.font_manager :: [25] -- findfont: score(FontEntry(fname='/usr/share/fonts/dejavu-sans-fonts/DejaVuSansCondensed-BoldOblique.ttf', name='DejaVu Sans', style='oblique', variant='normal', weight=700, stretch='condensed', size='scalable')) = 1.535
2025-03-09 14:05:12,935 :: DEBUG :: matplotlib.font_manager :: [25] -- findfont: score(FontEntry(fname='/usr/share/fonts/adobe-source-code-pro/SourceCodePro-Regular.otf', name='Source Code Pro', style='normal', variant='normal', weight=400, stretch='normal', size='scalable')) = 10.05
2025-03-09 14:05:12,936 :: DEBUG :: matplotlib.font_manager :: [25] -- findfont: score(FontEntry(fname='/usr/share/fonts/adobe-source-code-pro/SourceCodePro-Semibold.otf', name='Source Code Pro', style='normal', variant='normal', weight=600, stretch='normal', size='scalable')) = 10.24
2025-03-09 14:05:12,936 :: DEBUG :: matplotlib.font_manager :: [25] -- findfont: score(FontEntry(fname='/usr/share/fonts/dejavu-sans-fonts/DejaVuSansCondensed-Bold.ttf', name='DejaVu Sans', style='normal', variant='normal', weight=700, stretch='condensed', size='scalable')) = 0.5349999999999999
2025-03-09 14:05:12,936 :: DEBUG :: matplotlib.font_manager :: [25] -- findfont: score(FontEntry(fname='/usr/share/fonts/cantarell/Cantarell-Light.otf', name='Cantarell', style='normal', variant='normal', weight=300, stretch='normal', size='scalable')) = 10.145
2025-03-09 14:05:12,936 :: DEBUG :: matplotlib.font_manager :: [25] -- findfont: score(FontEntry(fname='/usr/share/fonts/cantarell/Cantarell-Thin.otf', name='Cantarell', style='normal', variant='normal', weight=100, stretch='normal', size='scalable')) = 10.335
2025-03-09 14:05:12,936 :: DEBUG :: matplotlib.font_manager :: [25] -- findfont: score(FontEntry(fname='/usr/share/fonts/adobe-source-code-pro/SourceCodePro-Light.otf', name='Source Code Pro', style='normal', variant='normal', weight=300, stretch='normal', size='scalable')) = 10.145
2025-03-09 14:05:12,936 :: DEBUG :: matplotlib.font_manager :: [25] -- findfont: score(FontEntry(fname='/usr/share/fonts/cantarell/Cantarell-Regular.otf', name='Cantarell', style='normal', variant='normal', weight=400, stretch='normal', size='scalable')) = 10.05
2025-03-09 14:05:12,936 :: DEBUG :: matplotlib.font_manager :: [25] -- findfont: score(FontEntry(fname='/usr/share/fonts/adobe-source-code-pro/SourceCodePro-LightIt.otf', name='Source Code Pro', style='italic', variant='normal', weight=300, stretch='normal', size='scalable')) = 11.145
2025-03-09 14:05:12,936 :: DEBUG :: matplotlib.font_manager :: [25] -- findfont: score(FontEntry(fname='/usr/share/fonts/cantarell/Cantarell-Bold.otf', name='Cantarell', style='normal', variant='normal', weight=700, stretch='normal', size='scalable')) = 10.335
2025-03-09 14:05:12,936 :: DEBUG :: matplotlib.font_manager :: [25] -- findfont: score(FontEntry(fname='/usr/share/fonts/dejavu-sans-fonts/DejaVuSans-BoldOblique.ttf', name='DejaVu Sans', style='oblique', variant='normal', weight=700, stretch='normal', size='scalable')) = 1.335
2025-03-09 14:05:12,936 :: DEBUG :: matplotlib.font_manager :: [25] -- findfont: score(FontEntry(fname='/usr/share/fonts/adobe-source-code-pro/SourceCodePro-MediumIt.otf', name='Source Code Pro', style='italic', variant='normal', weight=500, stretch='normal', size='scalable')) = 11.145
2025-03-09 14:05:12,936 :: DEBUG :: matplotlib.font_manager :: [25] -- findfont: Matching sans\-serif:style=normal:variant=normal:weight=normal:stretch=normal:size=10.0 to DejaVu Sans ('/u/mcarollo/.conda/envs/argo/lib/python3.10/site-packages/matplotlib/mpl-data/fonts/ttf/DejaVuSans.ttf') with score of 0.050000.
2025-03-09 14:05:33,030 :: INFO :: __main__ :: [25] -- Best test accuracy: tensor([20697.3164], device='cuda:0')
2025-03-09 14:05:33,069 :: INFO :: __main__ :: [25] -- Time taken to perform run: 0d0h3m27s
