2024-10-30 18:37:17,187 :: INFO :: __main__ :: [100] -- Starting fresh run
2024-10-30 18:37:17,205 :: INFO :: __main__ :: [100] -- Dataset partition sizes:
2024-10-30 18:37:17,205 :: INFO :: __main__ :: [100] -- DatasetType.EVO_TEST size -- 398
2024-10-30 18:37:17,206 :: INFO :: __main__ :: [100] -- DatasetType.VALIDATION size -- 398
2024-10-30 18:37:17,206 :: INFO :: __main__ :: [100] -- DatasetType.DOWNSTREAM_TRAIN size -- 3184
2024-10-30 18:37:17,206 :: INFO :: __main__ :: [100] -- DatasetType.TEST size -- 498
2024-10-30 18:37:17,206 :: INFO :: __main__ :: [100] -- Starting evolution for run 100
2024-10-30 18:37:17,206 :: INFO :: evodenss.evolution.engine :: [100] -- Performing generation: 0
2024-10-30 18:37:17,206 :: INFO :: evodenss.evolution.engine :: [100] -- Creating the initial population
2024-10-30 18:37:17,231 :: INFO :: evodenss.evolution.individual :: [100] -- -----> Starting evaluation for individual 0 for 10 secs
2024-10-30 18:37:17,232 :: INFO :: evodenss.networks.evaluators :: [100] -- layer:conv1d out_channels:64 kernel_size:2 stride:1 padding_deconv:2 bias:True act:selu internal_dropout_p:0.2 internal_batch_norm:True input:-1 layer:conv1d out_channels:128 kernel_size:2 stride:2 padding_deconv:1 bias:True act:selu internal_dropout_p:0.2 internal_batch_norm:True input:0 layer:conv1d out_channels:128 kernel_size:4 stride:1 padding_deconv:1 bias:True act:selu internal_dropout_p:0.2 internal_batch_norm:True input:1 layer:conv1d out_channels:128 kernel_size:4 stride:1 padding_deconv:2 bias:True act:selu internal_dropout_p:0.2 internal_batch_norm:True input:2 layer:deconv1d out_channels:128 kernel_size:2 stride:2 padding_deconv:2 internal_dropout_p:0.2 act:selu internal_batch_norm:True bias:True input:3 layer:conv1d out_channels:128 kernel_size:3 stride:1 padding_deconv:1 bias:True act:selu internal_dropout_p:0.2 internal_batch_norm:True input:4 layer:deconv1d out_channels:128 kernel_size:2 stride:2 padding_deconv:1 internal_dropout_p:0.2 act:selu internal_batch_norm:True bias:True input:5 layer:conv1d out_channels:32 kernel_size:2 stride:2 padding_deconv:1 bias:True act:selu internal_dropout_p:0.2 internal_batch_norm:True input:6 layer:conv1d out_channels:1 kernel_size:3 stride:1 padding_deconv:1 bias:True act:linear input:7 layer:fc act:selu out_features:200 bias:True input:8 learning:lars lr_weights:0.06105689154683548 lr_biases:0.004836940931283903 momentum:0.7901011919135827 weight_decay:6.985103223448676e-06 batch_size:568 epochs:100
2024-10-30 18:37:17,578 :: DEBUG :: evodenss.train.trainers :: [100] -- Initiating supervised training
2024-10-30 18:37:17,579 :: DEBUG :: evodenss.train.trainers :: [100] -- Starting Downstream Epoch 0
2024-10-30 18:37:47,857 :: INFO :: evodenss.train.trainers :: [100] -- [30.27s] TRAIN epoch 0 -- loss: tensor([55.7307], grad_fn=<AddBackward0>)
2024-10-30 18:37:47,864 :: DEBUG :: evodenss.train.trainers :: [100] -- Loss: 55.731
2024-10-30 18:37:47,867 :: DEBUG :: evodenss.train.trainers :: [100] -- =============================================================
2024-10-30 18:37:51,036 :: INFO :: evodenss.evolution.individual :: [100] -- Evaluation results for individual 0: EvaluationMetrics(is_valid_solution: True,  n_trainable_parameters: 313609,  n_layers: 10,  n_layers_projector: -1,  training_time_spent: 33.80276656150818,  n_epochs: 1,  total_epochs_trained: 1,  accuracy: None,  fitness: 10.39015,  losses: {'train_loss': [55.731], 'val_loss': [10.429]}),  max_epochs_reached: False

2024-10-30 18:37:51,039 :: INFO :: evodenss.evolution.individual :: [100] -- -----> Starting evaluation for individual 1 for 10 secs
2024-10-30 18:37:51,039 :: INFO :: evodenss.networks.evaluators :: [100] -- layer:conv1d out_channels:64 kernel_size:2 stride:1 padding_deconv:2 bias:True act:selu internal_dropout_p:0.2 internal_batch_norm:True input:-1 layer:conv1d out_channels:128 kernel_size:2 stride:2 padding_deconv:1 bias:True act:selu internal_dropout_p:0.2 internal_batch_norm:True input:0 layer:conv1d out_channels:128 kernel_size:4 stride:1 padding_deconv:1 bias:True act:selu internal_dropout_p:0.2 internal_batch_norm:True input:1 layer:conv1d out_channels:128 kernel_size:4 stride:1 padding_deconv:2 bias:True act:selu internal_dropout_p:0.2 internal_batch_norm:True input:2 layer:deconv1d out_channels:128 kernel_size:2 stride:2 padding_deconv:2 internal_dropout_p:0.2 act:selu internal_batch_norm:True bias:True input:3 layer:conv1d out_channels:128 kernel_size:3 stride:1 padding_deconv:1 bias:True act:selu internal_dropout_p:0.2 internal_batch_norm:True input:4 layer:deconv1d out_channels:128 kernel_size:2 stride:2 padding_deconv:1 internal_dropout_p:0.2 act:selu internal_batch_norm:True bias:True input:5 layer:conv1d out_channels:32 kernel_size:2 stride:2 padding_deconv:1 bias:True act:selu internal_dropout_p:0.2 internal_batch_norm:True input:6 layer:conv1d out_channels:1 kernel_size:3 stride:1 padding_deconv:1 bias:True act:linear input:7 layer:fc act:selu out_features:200 bias:True input:8 learning:adam lr:0.0737642785277972 beta1:0.6750303386193548 beta2:0.7386835679922152 weight_decay:0.0004929219784920489 batch_size:1010 epochs:100
2024-10-30 18:37:51,044 :: DEBUG :: evodenss.train.trainers :: [100] -- Initiating supervised training
2024-10-30 18:37:51,045 :: DEBUG :: evodenss.train.trainers :: [100] -- Starting Downstream Epoch 0
2024-10-30 18:38:20,532 :: INFO :: evodenss.train.trainers :: [100] -- [29.49s] TRAIN epoch 0 -- loss: tensor([540.2533], grad_fn=<AddBackward0>)
2024-10-30 18:38:20,532 :: DEBUG :: evodenss.train.trainers :: [100] -- Loss: 540.253
2024-10-30 18:38:20,532 :: DEBUG :: evodenss.train.trainers :: [100] -- =============================================================
2024-10-30 18:38:23,824 :: INFO :: evodenss.evolution.individual :: [100] -- Evaluation results for individual 1: EvaluationMetrics(is_valid_solution: True,  n_trainable_parameters: 313609,  n_layers: 10,  n_layers_projector: -1,  training_time_spent: 32.78413486480713,  n_epochs: 1,  total_epochs_trained: 1,  accuracy: None,  fitness: 723598.3125,  losses: {'train_loss': [540.253], 'val_loss': [751241.125]}),  max_epochs_reached: False

2024-10-30 18:38:23,827 :: INFO :: evodenss.evolution.individual :: [100] -- -----> Starting evaluation for individual 2 for 10 secs
2024-10-30 18:38:23,828 :: INFO :: evodenss.networks.evaluators :: [100] -- layer:conv1d out_channels:64 kernel_size:2 stride:1 padding_deconv:2 bias:True act:selu internal_dropout_p:0.2 internal_batch_norm:True input:-1 layer:conv1d out_channels:128 kernel_size:2 stride:2 padding_deconv:1 bias:True act:selu internal_dropout_p:0.2 internal_batch_norm:True input:0 layer:conv1d out_channels:128 kernel_size:4 stride:1 padding_deconv:1 bias:True act:selu internal_dropout_p:0.2 internal_batch_norm:True input:1 layer:conv1d out_channels:128 kernel_size:4 stride:1 padding_deconv:2 bias:True act:selu internal_dropout_p:0.2 internal_batch_norm:True input:2 layer:deconv1d out_channels:128 kernel_size:2 stride:2 padding_deconv:2 internal_dropout_p:0.2 act:selu internal_batch_norm:True bias:True input:3 layer:conv1d out_channels:128 kernel_size:3 stride:1 padding_deconv:1 bias:True act:selu internal_dropout_p:0.2 internal_batch_norm:True input:4 layer:deconv1d out_channels:128 kernel_size:2 stride:2 padding_deconv:1 internal_dropout_p:0.2 act:selu internal_batch_norm:True bias:True input:5 layer:conv1d out_channels:32 kernel_size:2 stride:2 padding_deconv:1 bias:True act:selu internal_dropout_p:0.2 internal_batch_norm:True input:6 layer:conv1d out_channels:1 kernel_size:3 stride:1 padding_deconv:1 bias:True act:linear input:7 layer:fc act:selu out_features:200 bias:True input:8 learning:lars lr_weights:0.23464696733600154 lr_biases:0.00846902957945287 momentum:0.8669339529909574 weight_decay:2.269718569774275e-06 batch_size:1002 epochs:100
2024-10-30 18:38:23,832 :: DEBUG :: evodenss.train.trainers :: [100] -- Initiating supervised training
2024-10-30 18:38:23,833 :: DEBUG :: evodenss.train.trainers :: [100] -- Starting Downstream Epoch 0
2024-10-30 18:38:53,093 :: INFO :: evodenss.train.trainers :: [100] -- [29.26s] TRAIN epoch 0 -- loss: tensor([84.8244], grad_fn=<AddBackward0>)
2024-10-30 18:38:53,094 :: DEBUG :: evodenss.train.trainers :: [100] -- Loss: 84.824
2024-10-30 18:38:53,094 :: DEBUG :: evodenss.train.trainers :: [100] -- =============================================================
2024-10-30 18:38:56,092 :: INFO :: evodenss.evolution.individual :: [100] -- Evaluation results for individual 2: EvaluationMetrics(is_valid_solution: True,  n_trainable_parameters: 313609,  n_layers: 10,  n_layers_projector: -1,  training_time_spent: 32.26371359825134,  n_epochs: 1,  total_epochs_trained: 1,  accuracy: None,  fitness: 17.55584,  losses: {'train_loss': [84.824], 'val_loss': [17.508]}),  max_epochs_reached: False

2024-10-30 18:38:56,093 :: INFO :: evodenss.evolution.engine :: [100] -- Selecting the fittest individual
2024-10-30 18:38:56,093 :: INFO :: evodenss.evolution.operators.selection :: [100] -- Parent: idx: 0, id: 0
2024-10-30 18:38:56,093 :: INFO :: evodenss.evolution.operators.selection :: [100] -- Training times: [10, 10, 10]
2024-10-30 18:38:56,093 :: INFO :: evodenss.evolution.operators.selection :: [100] -- ids: [0, 1, 2]
2024-10-30 18:38:56,095 :: INFO :: evodenss.evolution.engine :: [100] -- Fitnesses: [10.39015, 723598.3125, 17.55584]
2024-10-30 18:38:57,082 :: INFO :: evodenss.evolution.engine :: [100] -- Generation best test accuracy: tensor([25.1779])
2024-10-30 18:38:57,083 :: INFO :: evodenss.evolution.engine :: [100] -- Best fitness of generation 0: 10.39015
2024-10-30 18:38:57,083 :: INFO :: evodenss.evolution.engine :: [100] -- Best overall fitness: 10.39015



2024-10-30 18:38:58,061 :: INFO :: __main__ :: [100] -- Best test accuracy: tensor([25.1505])
2024-10-30 18:38:58,062 :: INFO :: __main__ :: [100] -- Time taken to perform run: 0d0h1m40s
2024-10-30 18:54:59,349 :: INFO :: __main__ :: [100] -- Loading previous checkpoint
2024-10-30 18:54:59,369 :: INFO :: __main__ :: [100] -- Dataset partition sizes:
2024-10-30 18:54:59,369 :: INFO :: __main__ :: [100] -- DatasetType.EVO_TEST size -- 398
2024-10-30 18:54:59,369 :: INFO :: __main__ :: [100] -- DatasetType.VALIDATION size -- 398
2024-10-30 18:54:59,369 :: INFO :: __main__ :: [100] -- DatasetType.DOWNSTREAM_TRAIN size -- 3184
2024-10-30 18:54:59,369 :: INFO :: __main__ :: [100] -- DatasetType.TEST size -- 498
2024-10-30 18:54:59,369 :: INFO :: __main__ :: [100] -- Starting evolution for run 100
2024-10-30 18:54:59,369 :: INFO :: evodenss.evolution.engine :: [100] -- Performing generation: 1
2024-10-30 18:54:59,369 :: INFO :: evodenss.evolution.engine :: [100] -- Applying mutation operators
2024-10-30 18:54:59,380 :: INFO :: evodenss.evolution.operators.mutation_tracker :: [100] -- Individual 1 is going to have a DSGE mutation on Non-topological component: learning
2024-10-30 18:54:59,382 :: INFO :: evodenss.evolution.operators.mutation_tracker :: [100] -- Individual 2 is going to have a DSGE mutation on Module 0 Position: 8
2024-10-30 18:54:59,384 :: INFO :: evodenss.evolution.operators.mutation_tracker :: [100] -- Individual 3 is going to have a layer removed from Module 0: features; Position: 0
